#
# A fatal error has been detected by the Java Runtime Environment:
#
#  SIGSEGV (0xb) at pc=0x00007f73c111deef, pid=57, tid=0x00007f73c8e81700
#
# JRE version: Java(TM) SE Runtime Environment (8.0_161-b12) (build 1.8.0_161-b12)
# Java VM: Java HotSpot(TM) 64-Bit Server VM (25.161-b12 mixed mode linux-amd64 compressed oops)
# Problematic frame:
# V  [libjvm.so+0x6e4eef]  jni_GetObjectClass+0x17f
#
# Failed to write core dump. Core dumps have been disabled. To enable core dumping, try "ulimit -c unlimited" before starting Java again
#
# If you would like to submit a bug report, please visit:
#   http://bugreport.java.com/bugreport/crash.jsp
#

---------------  T H R E A D  ---------------

Current thread (0x0000000001b7c000):  JavaThread "main" [_thread_in_vm, id=57, stack(0x00007ffc2411c000,0x00007ffc2421c000)]

siginfo: si_signo: 11 (SIGSEGV), si_code: 1 (SEGV_MAPERR), si_addr: 0x0000000000000009

Registers:
RAX=0x00007f73c19d5300, RBX=0x0000000001b7c000, RCX=0x7463656a624f2f67, RDX=0x0000000000000001
RSP=0x00007ffc2421a100, RBP=0x00007ffc2421a160, RSI=0x0000000001b7c000, RDI=0x00007ffc2421a100
R8 =0x000000000000006a, R9 =0x00007f73c0867cd8, R10=0x0000000000000cd8, R11=0x00007f73c87fdf90
R12=0x00007ffc2421a100, R13=0x0000000001b7c1f8, R14=0x0000000001a6d980, R15=0x00007f73c1a09680
RIP=0x00007f73c111deef, EFLAGS=0x0000000000010202, CSGSFS=0x0000000000000033, ERR=0x0000000000000004
  TRAPNO=0x000000000000000e

Top of Stack: (sp=0x00007ffc2421a100)
0x00007ffc2421a100:   0000000001b7c000 0000000000000000
0x00007ffc2421a110:   00007f73c085d388 000000000057281c
0x00007ffc2421a120:   0000000001b7c000 00007f73c1d75ac8
0x00007ffc2421a130:   00007f73c0867c00 0000000001b7c1f8
0x00007ffc2421a140:   00007f73c0867c00 00007f73c085d388
0x00007ffc2421a150:   0000000000000000 00007f73c0867c00
0x00007ffc2421a160:   0000000000000001 00007f73c1b0bf74
0x00007ffc2421a170:   00007f73c0867c90 0000000000000001
0x00007ffc2421a180:   00007f73c0867c00 00007f73c085d388
0x00007ffc2421a190:   0000000000000000 00007f73c1b09b38
0x00007ffc2421a1a0:   0000000001a6d980 0000000001b7c1f8
0x00007ffc2421a1b0:   0000000001b7c000 0000000000000000
0x00007ffc2421a1c0:   0000000001b7c1f8 000000000054e8b9
0x00007ffc2421a1d0:   00007f73c1d75988 0000000000000001
0x00007ffc2421a1e0:   0000000001b7c000 10f1d66a7c0bbc00
0x00007ffc2421a1f0:   0000000000000010 00007f73c8d931f0
0x00007ffc2421a200:   0000000000a40060 0000000001b7c1f8
0x00007ffc2421a210:   00007f73c085d388 0000000000000000
0x00007ffc2421a220:   00007f73c0867c00 00007f73c1b09147
0x00007ffc2421a230:   00007f73c0862ae0 0000000001a6da30
0x00007ffc2421a240:   0000000000000005 00007f73c0867c48
0x00007ffc2421a250:   0000000000000000 0000000001a6d980
0x00007ffc2421a260:   0000000000000013 10f1d66a7c0bbc00
0x00007ffc2421a270:   0000000000000012 00007f73c0862ae0
0x00007ffc2421a280:   00007f73c085d548 0000000000000000
0x00007ffc2421a290:   0000000000000000 00007f73c741ee48
0x00007ffc2421a2a0:   0000000000000001 00007f73c1b11904
0x00007ffc2421a2b0:   00007f73c8daf9e8 0000000000000000
0x00007ffc2421a2c0:   0000000001d4ace0 0000000001b7c1f8
0x00007ffc2421a2d0:   0000000001d4ace0 00007f73c0867c00
0x00007ffc2421a2e0:   0000000001d4ace0 00007f73c0864ee8
0x00007ffc2421a2f0:   00007f73c08694c8 00007f73c741ee48 

Instructions: (pc=0x00007f73c111deef)
0x00007f73c111decf:   90 83 ea 01 0f 84 9f 00 00 00 f0 83 04 24 00 e9
0x00007f73c111dedf:   05 ff ff ff 0f 1f 44 00 00 48 8b 05 41 82 89 00
0x00007f73c111deef:   8b 52 08 8b 48 08 48 d3 e2 48 03 10 e9 3c ff ff
0x00007f73c111deff:   ff 48 8b 05 89 b6 89 00 80 38 00 0f 84 d8 fe ff 

Register to memory mapping:

RAX=0x00007f73c19d5300: <offset 0xf9c300> in /usr/lib/jvm/java-8-oracle/jre/lib/amd64/server/libjvm.so at 0x00007f73c0a39000
RBX=0x0000000001b7c000 is a thread
RCX=0x7463656a624f2f67 is an unknown value
RDX=0x0000000000000001 is an unknown value
RSP=0x00007ffc2421a100 is pointing into the stack for thread: 0x0000000001b7c000
RBP=0x00007ffc2421a160 is pointing into the stack for thread: 0x0000000001b7c000
RSI=0x0000000001b7c000 is a thread
RDI=0x00007ffc2421a100 is pointing into the stack for thread: 0x0000000001b7c000
R8 =0x000000000000006a is an unknown value
R9 =0x00007f73c0867cd8 is an unknown value
R10=0x0000000000000cd8 is an unknown value
R11=0x00007f73c87fdf90: <offset 0x194f90> in /lib/x86_64-linux-gnu/libc.so.6 at 0x00007f73c8669000
R12=0x00007ffc2421a100 is pointing into the stack for thread: 0x0000000001b7c000
R13=0x0000000001b7c1f8 is an unknown value
R14=0x0000000001a6d980 is an unknown value
R15=0x00007f73c1a09680: <offset 0xfd0680> in /usr/lib/jvm/java-8-oracle/jre/lib/amd64/server/libjvm.so at 0x00007f73c0a39000


Stack: [0x00007ffc2411c000,0x00007ffc2421c000],  sp=0x00007ffc2421a100,  free space=1016k
Native frames: (J=compiled Java code, j=interpreted, Vv=VM code, C=native code)
V  [libjvm.so+0x6e4eef]  jni_GetObjectClass+0x17f
C  [jnius.cpython-35m-x86_64-linux-gnu.so+0x52f74]  __pyx_f_5jnius_lookup_java_object_name+0x14


---------------  P R O C E S S  ---------------

Java Threads: ( => current thread )
  0x0000000001cf3800 JavaThread "Service Thread" daemon [_thread_blocked, id=66, stack(0x00007f73af18e000,0x00007f73af28f000)]
  0x0000000001cf0800 JavaThread "C1 CompilerThread1" daemon [_thread_blocked, id=65, stack(0x00007f73af28f000,0x00007f73af390000)]
  0x0000000001cee800 JavaThread "C2 CompilerThread0" daemon [_thread_blocked, id=64, stack(0x00007f73af390000,0x00007f73af491000)]
  0x0000000001cea000 JavaThread "Signal Dispatcher" daemon [_thread_blocked, id=63, stack(0x00007f73af491000,0x00007f73af592000)]
  0x0000000001cbb000 JavaThread "Finalizer" daemon [_thread_blocked, id=62, stack(0x00007f73af592000,0x00007f73af693000)]
  0x0000000001cb6800 JavaThread "Reference Handler" daemon [_thread_blocked, id=61, stack(0x00007f73af693000,0x00007f73af794000)]
=>0x0000000001b7c000 JavaThread "main" [_thread_in_vm, id=57, stack(0x00007ffc2411c000,0x00007ffc2421c000)]

Other Threads:
  0x0000000001cae800 VMThread [stack: 0x00007f73af794000,0x00007f73af895000] [id=60]
  0x0000000001cf9000 WatcherThread [stack: 0x00007f73af08d000,0x00007f73af18e000] [id=67]

VM state:not at safepoint (normal execution)

VM Mutex/Monitor currently owned by a thread: None

Heap:
 def new generation   total 4928K, used 974K [0x00000000f0600000, 0x00000000f0b50000, 0x00000000f5950000)
  eden space 4416K,  22% used [0x00000000f0600000, 0x00000000f06f3b48, 0x00000000f0a50000)
  from space 512K,   0% used [0x00000000f0a50000, 0x00000000f0a50000, 0x00000000f0ad0000)
  to   space 512K,   0% used [0x00000000f0ad0000, 0x00000000f0ad0000, 0x00000000f0b50000)
 tenured generation   total 10944K, used 0K [0x00000000f5950000, 0x00000000f6400000, 0x0000000100000000)
   the space 10944K,   0% used [0x00000000f5950000, 0x00000000f5950000, 0x00000000f5950200, 0x00000000f6400000)
 Metaspace       used 2992K, capacity 4600K, committed 4864K, reserved 1056768K
  class space    used 330K, capacity 424K, committed 512K, reserved 1048576K

Card table byte_map: [0x00007f73b033b000,0x00007f73b03b9000] byte_map_base: 0x00007f73afbb8000

Polling page: 0x00007f73c8d3b000

CodeCache: size=245760Kb used=1155Kb max_used=1155Kb free=244605Kb
 bounds [0x00007f73b0779000, 0x00007f73b09e9000, 0x00007f73bf779000]
 total_blobs=287 nmethods=58 adapters=145
 compilation: enabled

Compilation events (10 events):
Event: 0.174 Thread 0x0000000001cf0800   54       3       java.lang.Class$MethodArray::get (7 bytes)
Event: 0.174 Thread 0x0000000001cf0800 nmethod 54 0x00007f73b0898410 code [0x00007f73b0898580, 0x00007f73b08986f0]
Event: 5.941 Thread 0x0000000001cf0800   55       3       java.lang.AbstractStringBuilder::newCapacity (39 bytes)
Event: 5.942 Thread 0x0000000001cf0800 nmethod 55 0x00007f73b08987d0 code [0x00007f73b0898960, 0x00007f73b0898d40]
Event: 5.944 Thread 0x0000000001cf0800   56       1       java.net.URL::getPath (5 bytes)
Event: 5.945 Thread 0x0000000001cf0800 nmethod 56 0x00007f73b0898e90 code [0x00007f73b0898fe0, 0x00007f73b08990f0]
Event: 5.946 Thread 0x0000000001cf0800   57       1       java.net.URL::getAuthority (5 bytes)
Event: 5.946 Thread 0x0000000001cf0800 nmethod 57 0x00007f73b0899150 code [0x00007f73b08992a0, 0x00007f73b08993b0]
Event: 5.950 Thread 0x0000000001cf0800   58       3       java.lang.String::getChars (62 bytes)
Event: 5.951 Thread 0x0000000001cf0800 nmethod 58 0x00007f73b0899410 code [0x00007f73b08995c0, 0x00007f73b08999f0]

GC Heap History (0 events):
No events

Deoptimization events (0 events):
No events

Classes redefined (0 events):
No events

Internal exceptions (4 events):
Event: 0.028 Thread 0x0000000001b7c000 Exception <a 'java/lang/NoSuchMethodError': Method sun.misc.Unsafe.defineClass(Ljava/lang/String;[BII)Ljava/lang/Class; name or signature does not match> (0x00000000f0607ca0) thrown at [/HUDSON/workspace/8-2-build-linux-amd64/jdk8u161/10277/hotspot/src/sh
Event: 0.028 Thread 0x0000000001b7c000 Exception <a 'java/lang/NoSuchMethodError': Method sun.misc.Unsafe.prefetchRead(Ljava/lang/Object;J)V name or signature does not match> (0x00000000f0607f88) thrown at [/HUDSON/workspace/8-2-build-linux-amd64/jdk8u161/10277/hotspot/src/share/vm/prims/jni.c
Event: 5.947 Thread 0x0000000001b7c000 Implicit null exception at 0x00007f73b0886212 to 0x00007f73b08862e3
Event: 5.947 Thread 0x0000000001b7c000 Exception <a 'java/lang/NullPointerException'> (0x00000000f06e5d18) thrown at [/HUDSON/workspace/8-2-build-linux-amd64/jdk8u161/10277/hotspot/src/share/vm/runtime/sharedRuntime.cpp, line 605]

Events (10 events):
Event: 0.172 loading class org/dkpro/statistics/agreement/distance/OrdinalDistanceFunction
Event: 0.172 loading class org/dkpro/statistics/agreement/distance/OrdinalDistanceFunction done
Event: 4.120 Executing VM operation: EnableBiasedLocking
Event: 4.120 Executing VM operation: EnableBiasedLocking done
Event: 5.939 loading class java/util/LinkedHashSet
Event: 5.939 loading class java/util/LinkedHashSet done
Event: 5.939 loading class org/dkpro/statistics/agreement/coding/CodingAnnotationItem
Event: 5.939 loading class org/dkpro/statistics/agreement/coding/CodingAnnotationItem done
Event: 5.941 loading class org/dkpro/statistics/agreement/AnnotationUnit
Event: 5.941 loading class org/dkpro/statistics/agreement/AnnotationUnit done


Dynamic libraries:
00400000-007a9000 r-xp 00000000 00:21 74                                 /home/install/iaa.env/bin/python3
009a9000-009ab000 r--p 003a9000 00:21 74                                 /home/install/iaa.env/bin/python3
009ab000-00a42000 rw-p 003ab000 00:21 74                                 /home/install/iaa.env/bin/python3
00a42000-00a73000 rw-p 00000000 00:00 0 
014c8000-01d84000 rw-p 00000000 00:00 0                                  [heap]
f0600000-f0b50000 rw-p 00000000 00:00 0 
f0b50000-f5950000 ---p 00000000 00:00 0 
f5950000-f6400000 rw-p 00000000 00:00 0 
f6400000-100000000 ---p 00000000 00:00 0 
100000000-100080000 rw-p 00000000 00:00 0 
100080000-140000000 ---p 00000000 00:00 0 
7f7388000000-7f7388021000 rw-p 00000000 00:00 0 
7f7388021000-7f738c000000 ---p 00000000 00:00 0 
7f7390000000-7f7390057000 rw-p 00000000 00:00 0 
7f7390057000-7f7394000000 ---p 00000000 00:00 0 
7f7394000000-7f7394021000 rw-p 00000000 00:00 0 
7f7394021000-7f7398000000 ---p 00000000 00:00 0 
7f7398000000-7f7398021000 rw-p 00000000 00:00 0 
7f7398021000-7f739c000000 ---p 00000000 00:00 0 
7f739c000000-7f739c05b000 rw-p 00000000 00:00 0 
7f739c05b000-7f73a0000000 ---p 00000000 00:00 0 
7f73a0000000-7f73a0021000 rw-p 00000000 00:00 0 
7f73a0021000-7f73a4000000 ---p 00000000 00:00 0 
7f73a4000000-7f73a4021000 rw-p 00000000 00:00 0 
7f73a4021000-7f73a8000000 ---p 00000000 00:00 0 
7f73a8000000-7f73a8021000 rw-p 00000000 00:00 0 
7f73a8021000-7f73ac000000 ---p 00000000 00:00 0 
7f73aed6b000-7f73aeff3000 rw-p 00000000 00:00 0 
7f73aeff3000-7f73af089000 r--s 0110a000 00:21 1105                       /usr/lib/jvm/java-8-oracle/jre/lib/ext/jfxrt.jar
7f73af08d000-7f73af08e000 ---p 00000000 00:00 0 
7f73af08e000-7f73af18e000 rw-p 00000000 00:00 0 
7f73af18e000-7f73af191000 ---p 00000000 00:00 0 
7f73af191000-7f73af28f000 rw-p 00000000 00:00 0 
7f73af28f000-7f73af292000 ---p 00000000 00:00 0 
7f73af292000-7f73af390000 rw-p 00000000 00:00 0 
7f73af390000-7f73af393000 ---p 00000000 00:00 0 
7f73af393000-7f73af491000 rw-p 00000000 00:00 0 
7f73af491000-7f73af494000 ---p 00000000 00:00 0 
7f73af494000-7f73af592000 rw-p 00000000 00:00 0 
7f73af592000-7f73af595000 ---p 00000000 00:00 0 
7f73af595000-7f73af693000 rw-p 00000000 00:00 0 
7f73af693000-7f73af696000 ---p 00000000 00:00 0 
7f73af696000-7f73af794000 rw-p 00000000 00:00 0 
7f73af794000-7f73af795000 ---p 00000000 00:00 0 
7f73af795000-7f73af895000 rw-p 00000000 00:00 0 
7f73af895000-7f73afa6e000 r--s 03d64000 00:21 1091                       /usr/lib/jvm/java-8-oracle/jre/lib/rt.jar
7f73afa71000-7f73aff27000 rw-p 00000000 00:00 0 
7f73aff27000-7f73b02e7000 ---p 00000000 00:00 0 
7f73b02e7000-7f73b02ed000 rw-p 00000000 00:00 0 
7f73b02ed000-7f73b033b000 ---p 00000000 00:00 0 
7f73b033b000-7f73b033e000 rw-p 00000000 00:00 0 
7f73b033e000-7f73b0364000 ---p 00000000 00:00 0 
7f73b0364000-7f73b036a000 rw-p 00000000 00:00 0 
7f73b036a000-7f73b03b8000 ---p 00000000 00:00 0 
7f73b03b8000-7f73b03c3000 rw-p 00000000 00:00 0 
7f73b03c3000-7f73b0779000 ---p 00000000 00:00 0 
7f73b0779000-7f73b09e9000 rwxp 00000000 00:00 0 
7f73b09e9000-7f73bf779000 ---p 00000000 00:00 0 
7f73bf779000-7f73bf794000 r-xp 00000000 00:21 1089                       /usr/lib/jvm/java-8-oracle/jre/lib/amd64/libzip.so
7f73bf794000-7f73bf994000 ---p 0001b000 00:21 1089                       /usr/lib/jvm/java-8-oracle/jre/lib/amd64/libzip.so
7f73bf994000-7f73bf995000 rw-p 0001b000 00:21 1089                       /usr/lib/jvm/java-8-oracle/jre/lib/amd64/libzip.so
7f73bf999000-7f73bf9a4000 r-xp 00000000 00:21 54                         /lib/x86_64-linux-gnu/libnss_files-2.23.so
7f73bf9a4000-7f73bfba3000 ---p 0000b000 00:21 54                         /lib/x86_64-linux-gnu/libnss_files-2.23.so
7f73bfba3000-7f73bfba4000 r--p 0000a000 00:21 54                         /lib/x86_64-linux-gnu/libnss_files-2.23.so
7f73bfba4000-7f73bfba5000 rw-p 0000b000 00:21 54                         /lib/x86_64-linux-gnu/libnss_files-2.23.so
7f73bfba5000-7f73bfbab000 rw-p 00000000 00:00 0 
7f73bfbb1000-7f73bfbbc000 r-xp 00000000 00:21 52                         /lib/x86_64-linux-gnu/libnss_nis-2.23.so
7f73bfbbc000-7f73bfdbb000 ---p 0000b000 00:21 52                         /lib/x86_64-linux-gnu/libnss_nis-2.23.so
7f73bfdbb000-7f73bfdbc000 r--p 0000a000 00:21 52                         /lib/x86_64-linux-gnu/libnss_nis-2.23.so
7f73bfdbc000-7f73bfdbd000 rw-p 0000b000 00:21 52                         /lib/x86_64-linux-gnu/libnss_nis-2.23.so
7f73bfdc1000-7f73bfdd7000 r-xp 00000000 00:21 50                         /lib/x86_64-linux-gnu/libnsl-2.23.so
7f73bfdd7000-7f73bffd6000 ---p 00016000 00:21 50                         /lib/x86_64-linux-gnu/libnsl-2.23.so
7f73bffd6000-7f73bffd7000 r--p 00015000 00:21 50                         /lib/x86_64-linux-gnu/libnsl-2.23.so
7f73bffd7000-7f73bffd8000 rw-p 00016000 00:21 50                         /lib/x86_64-linux-gnu/libnsl-2.23.so
7f73bffd8000-7f73bffda000 rw-p 00000000 00:00 0 
7f73bffe1000-7f73bffe9000 r-xp 00000000 00:21 48                         /lib/x86_64-linux-gnu/libnss_compat-2.23.so
7f73bffe9000-7f73c01e8000 ---p 00008000 00:21 48                         /lib/x86_64-linux-gnu/libnss_compat-2.23.so
7f73c01e8000-7f73c01e9000 r--p 00007000 00:21 48                         /lib/x86_64-linux-gnu/libnss_compat-2.23.so
7f73c01e9000-7f73c01ea000 rw-p 00008000 00:21 48                         /lib/x86_64-linux-gnu/libnss_compat-2.23.so
7f73c01f1000-7f73c021c000 r-xp 00000000 00:21 1084                       /usr/lib/jvm/java-8-oracle/jre/lib/amd64/libjava.so
7f73c021c000-7f73c041b000 ---p 0002b000 00:21 1084                       /usr/lib/jvm/java-8-oracle/jre/lib/amd64/libjava.so
7f73c041b000-7f73c041d000 rw-p 0002a000 00:21 1084                       /usr/lib/jvm/java-8-oracle/jre/lib/amd64/libjava.so
7f73c0421000-7f73c042e000 r-xp 00000000 00:21 1083                       /usr/lib/jvm/java-8-oracle/jre/lib/amd64/libverify.so
7f73c042e000-7f73c062e000 ---p 0000d000 00:21 1083                       /usr/lib/jvm/java-8-oracle/jre/lib/amd64/libverify.so
7f73c062e000-7f73c0630000 rw-p 0000d000 00:21 1083                       /usr/lib/jvm/java-8-oracle/jre/lib/amd64/libverify.so
7f73c0631000-7f73c0638000 r-xp 00000000 00:21 1082                       /lib/x86_64-linux-gnu/librt-2.23.so
7f73c0638000-7f73c0837000 ---p 00007000 00:21 1082                       /lib/x86_64-linux-gnu/librt-2.23.so
7f73c0837000-7f73c0838000 r--p 00006000 00:21 1082                       /lib/x86_64-linux-gnu/librt-2.23.so
7f73c0838000-7f73c0839000 rw-p 00007000 00:21 1082                       /lib/x86_64-linux-gnu/librt-2.23.so
7f73c0839000-7f73c0a39000 rw-p 00000000 00:00 0 
7f73c0a39000-7f73c1712000 r-xp 00000000 00:21 972                        /usr/lib/jvm/java-8-oracle/jre/lib/amd64/server/libjvm.so
7f73c1712000-7f73c1911000 ---p 00cd9000 00:21 972                        /usr/lib/jvm/java-8-oracle/jre/lib/amd64/server/libjvm.so
7f73c1911000-7f73c19ea000 rw-p 00cd8000 00:21 972                        /usr/lib/jvm/java-8-oracle/jre/lib/amd64/server/libjvm.so
7f73c19ea000-7f73c1a36000 rw-p 00000000 00:00 0 
7f73c1a39000-7f73c1ab9000 rw-p 00000000 00:00 0 
7f73c1ab9000-7f73c1b35000 r-xp 00000000 00:21 952                        /home/install/iaa.env/lib/python3.5/site-packages/pyjnius-1.1.2.dev0-py3.5-linux-x86_64.egg/jnius/jnius.cpython-35m-x86_64-linux-gnu.so
7f73c1b35000-7f73c1d34000 ---p 0007c000 00:21 952                        /home/install/iaa.env/lib/python3.5/site-packages/pyjnius-1.1.2.dev0-py3.5-linux-x86_64.egg/jnius/jnius.cpython-35m-x86_64-linux-gnu.so
7f73c1d34000-7f73c1d35000 r--p 0007b000 00:21 952                        /home/install/iaa.env/lib/python3.5/site-packages/pyjnius-1.1.2.dev0-py3.5-linux-x86_64.egg/jnius/jnius.cpython-35m-x86_64-linux-gnu.so
7f73c1d35000-7f73c1d3c000 rw-p 0007c000 00:21 952                        /home/install/iaa.env/lib/python3.5/site-packages/pyjnius-1.1.2.dev0-py3.5-linux-x86_64.egg/jnius/jnius.cpython-35m-x86_64-linux-gnu.so
7f73c1d3c000-7f73c1d3d000 rw-p 00000000 00:00 0 
7f73c1d41000-7f73c1d81000 rw-p 00000000 00:00 0 
7f73c1d81000-7f73c1e3c000 r-xp 00000000 00:21 930                        /home/install/iaa.env/lib/python3.5/site-packages/numpy/random/mtrand.cpython-35m-x86_64-linux-gnu.so
7f73c1e3c000-7f73c203c000 ---p 000bb000 00:21 930                        /home/install/iaa.env/lib/python3.5/site-packages/numpy/random/mtrand.cpython-35m-x86_64-linux-gnu.so
7f73c203c000-7f73c2061000 rw-p 000bb000 00:21 930                        /home/install/iaa.env/lib/python3.5/site-packages/numpy/random/mtrand.cpython-35m-x86_64-linux-gnu.so
7f73c2061000-7f73c2063000 rw-p 00000000 00:00 0 
7f73c2068000-7f73c2169000 rw-p 00000000 00:00 0 
7f73c2169000-7f73c2172000 r-xp 00000000 00:21 898                        /home/install/iaa.env/lib/python3.5/site-packages/numpy/fft/fftpack_lite.cpython-35m-x86_64-linux-gnu.so
7f73c2172000-7f73c2371000 ---p 00009000 00:21 898                        /home/install/iaa.env/lib/python3.5/site-packages/numpy/fft/fftpack_lite.cpython-35m-x86_64-linux-gnu.so
7f73c2371000-7f73c2372000 rw-p 00008000 00:21 898                        /home/install/iaa.env/lib/python3.5/site-packages/numpy/fft/fftpack_lite.cpython-35m-x86_64-linux-gnu.so
7f73c2379000-7f73c23b0000 r-xp 00000000 00:21 887                        /usr/lib/x86_64-linux-gnu/libmpdec.so.2.4.2
7f73c23b0000-7f73c25af000 ---p 00037000 00:21 887                        /usr/lib/x86_64-linux-gnu/libmpdec.so.2.4.2
7f73c25af000-7f73c25b0000 r--p 00036000 00:21 887                        /usr/lib/x86_64-linux-gnu/libmpdec.so.2.4.2
7f73c25b0000-7f73c25b1000 rw-p 00037000 00:21 887                        /usr/lib/x86_64-linux-gnu/libmpdec.so.2.4.2
7f73c25b1000-7f73c25d5000 r-xp 00000000 00:21 311                        /usr/lib/python3.5/lib-dynload/_decimal.cpython-35m-x86_64-linux-gnu.so
7f73c25d5000-7f73c27d4000 ---p 00024000 00:21 311                        /usr/lib/python3.5/lib-dynload/_decimal.cpython-35m-x86_64-linux-gnu.so
7f73c27d4000-7f73c27d5000 r--p 00023000 00:21 311                        /usr/lib/python3.5/lib-dynload/_decimal.cpython-35m-x86_64-linux-gnu.so
7f73c27d5000-7f73c27de000 rw-p 00024000 00:21 311                        /usr/lib/python3.5/lib-dynload/_decimal.cpython-35m-x86_64-linux-gnu.so
7f73c27e1000-7f73c2821000 rw-p 00000000 00:00 0 
7f73c2821000-7f73c284a000 r-xp 00000000 00:21 872                        /home/install/iaa.env/lib/python3.5/site-packages/numpy/linalg/_umath_linalg.cpython-35m-x86_64-linux-gnu.so
7f73c284a000-7f73c2a49000 ---p 00029000 00:21 872                        /home/install/iaa.env/lib/python3.5/site-packages/numpy/linalg/_umath_linalg.cpython-35m-x86_64-linux-gnu.so
7f73c2a49000-7f73c2a4b000 rw-p 00028000 00:21 872                        /home/install/iaa.env/lib/python3.5/site-packages/numpy/linalg/_umath_linalg.cpython-35m-x86_64-linux-gnu.so
7f73c2a4b000-7f73c2a4d000 rw-p 0002a000 00:21 872                        /home/install/iaa.env/lib/python3.5/site-packages/numpy/linalg/_umath_linalg.cpython-35m-x86_64-linux-gnu.so
7f73c2a4d000-7f73c2a4e000 rw-p 0002c000 00:21 872                        /home/install/iaa.env/lib/python3.5/site-packages/numpy/linalg/_umath_linalg.cpython-35m-x86_64-linux-gnu.so
7f73c2a51000-7f73c2a55000 r-xp 00000000 00:21 870                        /home/install/iaa.env/lib/python3.5/site-packages/numpy/linalg/lapack_lite.cpython-35m-x86_64-linux-gnu.so
7f73c2a55000-7f73c2c55000 ---p 00004000 00:21 870                        /home/install/iaa.env/lib/python3.5/site-packages/numpy/linalg/lapack_lite.cpython-35m-x86_64-linux-gnu.so
7f73c2c55000-7f73c2c56000 rw-p 00004000 00:21 870                        /home/install/iaa.env/lib/python3.5/site-packages/numpy/linalg/lapack_lite.cpython-35m-x86_64-linux-gnu.so
7f73c2c56000-7f73c2c57000 rw-p 00005000 00:21 870                        /home/install/iaa.env/lib/python3.5/site-packages/numpy/linalg/lapack_lite.cpython-35m-x86_64-linux-gnu.so
7f73c2c57000-7f73c2c58000 rw-p 00006000 00:21 870                        /home/install/iaa.env/lib/python3.5/site-packages/numpy/linalg/lapack_lite.cpython-35m-x86_64-linux-gnu.so
7f73c2c59000-7f73c2cd9000 rw-p 00000000 00:00 0 
7f73c2cd9000-7f73c2ef3000 r-xp 00000000 00:21 844                        /lib/x86_64-linux-gnu/libcrypto.so.1.0.0
7f73c2ef3000-7f73c30f2000 ---p 0021a000 00:21 844                        /lib/x86_64-linux-gnu/libcrypto.so.1.0.0
7f73c30f2000-7f73c310e000 r--p 00219000 00:21 844                        /lib/x86_64-linux-gnu/libcrypto.so.1.0.0
7f73c310e000-7f73c311a000 rw-p 00235000 00:21 844                        /lib/x86_64-linux-gnu/libcrypto.so.1.0.0
7f73c311a000-7f73c311d000 rw-p 00000000 00:00 0 
7f73c3121000-7f73c3126000 r-xp 00000000 00:21 324                        /usr/lib/python3.5/lib-dynload/_hashlib.cpython-35m-x86_64-linux-gnu.so
7f73c3126000-7f73c3326000 ---p 00005000 00:21 324                        /usr/lib/python3.5/lib-dynload/_hashlib.cpython-35m-x86_64-linux-gnu.so
7f73c3326000-7f73c3327000 r--p 00005000 00:21 324                        /usr/lib/python3.5/lib-dynload/_hashlib.cpython-35m-x86_64-linux-gnu.so
7f73c3327000-7f73c3328000 rw-p 00006000 00:21 324                        /usr/lib/python3.5/lib-dynload/_hashlib.cpython-35m-x86_64-linux-gnu.so
7f73c3329000-7f73c3369000 rw-p 00000000 00:00 0 
7f73c3369000-7f73c338a000 r-xp 00000000 00:21 840                        /lib/x86_64-linux-gnu/liblzma.so.5.0.0
7f73c338a000-7f73c3589000 ---p 00021000 00:21 840                        /lib/x86_64-linux-gnu/liblzma.so.5.0.0
7f73c3589000-7f73c358a000 r--p 00020000 00:21 840                        /lib/x86_64-linux-gnu/liblzma.so.5.0.0
7f73c358a000-7f73c358b000 rw-p 00021000 00:21 840                        /lib/x86_64-linux-gnu/liblzma.so.5.0.0
7f73c3591000-7f73c3598000 r-xp 00000000 00:21 302                        /usr/lib/python3.5/lib-dynload/_lzma.cpython-35m-x86_64-linux-gnu.so
7f73c3598000-7f73c3797000 ---p 00007000 00:21 302                        /usr/lib/python3.5/lib-dynload/_lzma.cpython-35m-x86_64-linux-gnu.so
7f73c3797000-7f73c3798000 r--p 00006000 00:21 302                        /usr/lib/python3.5/lib-dynload/_lzma.cpython-35m-x86_64-linux-gnu.so
7f73c3798000-7f73c379a000 rw-p 00007000 00:21 302                        /usr/lib/python3.5/lib-dynload/_lzma.cpython-35m-x86_64-linux-gnu.so
7f73c37a1000-7f73c37b0000 r-xp 00000000 00:21 837                        /lib/x86_64-linux-gnu/libbz2.so.1.0.4
7f73c37b0000-7f73c39af000 ---p 0000f000 00:21 837                        /lib/x86_64-linux-gnu/libbz2.so.1.0.4
7f73c39af000-7f73c39b0000 r--p 0000e000 00:21 837                        /lib/x86_64-linux-gnu/libbz2.so.1.0.4
7f73c39b0000-7f73c39b1000 rw-p 0000f000 00:21 837                        /lib/x86_64-linux-gnu/libbz2.so.1.0.4
7f73c39b1000-7f73c39b5000 r-xp 00000000 00:21 301                        /usr/lib/python3.5/lib-dynload/_bz2.cpython-35m-x86_64-linux-gnu.so
7f73c39b5000-7f73c3bb4000 ---p 00004000 00:21 301                        /usr/lib/python3.5/lib-dynload/_bz2.cpython-35m-x86_64-linux-gnu.so
7f73c3bb4000-7f73c3bb5000 r--p 00003000 00:21 301                        /usr/lib/python3.5/lib-dynload/_bz2.cpython-35m-x86_64-linux-gnu.so
7f73c3bb5000-7f73c3bb6000 rw-p 00004000 00:21 301                        /usr/lib/python3.5/lib-dynload/_bz2.cpython-35m-x86_64-linux-gnu.so
7f73c3bb9000-7f73c3cb9000 rw-p 00000000 00:00 0 
7f73c3cb9000-7f73c3cdb000 r-xp 00000000 00:21 333                        /usr/lib/python3.5/lib-dynload/_ctypes.cpython-35m-x86_64-linux-gnu.so
7f73c3cdb000-7f73c3eda000 ---p 00022000 00:21 333                        /usr/lib/python3.5/lib-dynload/_ctypes.cpython-35m-x86_64-linux-gnu.so
7f73c3eda000-7f73c3edb000 r--p 00021000 00:21 333                        /usr/lib/python3.5/lib-dynload/_ctypes.cpython-35m-x86_64-linux-gnu.so
7f73c3edb000-7f73c3edf000 rw-p 00022000 00:21 333                        /usr/lib/python3.5/lib-dynload/_ctypes.cpython-35m-x86_64-linux-gnu.so
7f73c3edf000-7f73c3ee0000 rw-p 00000000 00:00 0 
7f73c3ee1000-7f73c4021000 rw-p 00000000 00:00 0 
7f73c4021000-7f73c41b2000 r-xp 00000000 00:21 698                        /home/install/iaa.env/lib/python3.5/site-packages/numpy/core/umath.cpython-35m-x86_64-linux-gnu.so
7f73c41b2000-7f73c43b2000 ---p 00191000 00:21 698                        /home/install/iaa.env/lib/python3.5/site-packages/numpy/core/umath.cpython-35m-x86_64-linux-gnu.so
7f73c43b2000-7f73c43b8000 rw-p 00191000 00:21 698                        /home/install/iaa.env/lib/python3.5/site-packages/numpy/core/umath.cpython-35m-x86_64-linux-gnu.so
7f73c43b8000-7f73c43ba000 rw-p 00000000 00:00 0 
7f73c43c1000-7f73c4401000 rw-p 00000000 00:00 0 
7f73c4401000-7f73c44f1000 r-xp 00000000 00:21 729                        /home/install/iaa.env/lib/python3.5/site-packages/numpy/.libs/libgfortran-ed201abd.so.3.0.0
7f73c44f1000-7f73c46f0000 ---p 000f0000 00:21 729                        /home/install/iaa.env/lib/python3.5/site-packages/numpy/.libs/libgfortran-ed201abd.so.3.0.0
7f73c46f0000-7f73c46f2000 rw-p 000ef000 00:21 729                        /home/install/iaa.env/lib/python3.5/site-packages/numpy/.libs/libgfortran-ed201abd.so.3.0.0
7f73c46f2000-7f73c46f3000 rw-p 00000000 00:00 0 
7f73c46f3000-7f73c46fb000 rw-p 000f2000 00:21 729                        /home/install/iaa.env/lib/python3.5/site-packages/numpy/.libs/libgfortran-ed201abd.so.3.0.0
7f73c4701000-7f73c6a15000 r-xp 00000000 00:21 728                        /home/install/iaa.env/lib/python3.5/site-packages/numpy/.libs/libopenblasp-r0-39a31c03.2.18.so
7f73c6a15000-7f73c6c14000 ---p 02314000 00:21 728                        /home/install/iaa.env/lib/python3.5/site-packages/numpy/.libs/libopenblasp-r0-39a31c03.2.18.so
7f73c6c14000-7f73c6c33000 rw-p 02313000 00:21 728                        /home/install/iaa.env/lib/python3.5/site-packages/numpy/.libs/libopenblasp-r0-39a31c03.2.18.so
7f73c6c33000-7f73c6c96000 rw-p 00000000 00:00 0 
7f73c6c96000-7f73c6cee000 rw-p 02425000 00:21 728                        /home/install/iaa.env/lib/python3.5/site-packages/numpy/.libs/libopenblasp-r0-39a31c03.2.18.so
7f73c6cee000-7f73c6d2c000 rw-p 0247d000 00:21 728                        /home/install/iaa.env/lib/python3.5/site-packages/numpy/.libs/libopenblasp-r0-39a31c03.2.18.so
7f73c6d31000-7f73c6f09000 r-xp 00000000 00:21 712                        /home/install/iaa.env/lib/python3.5/site-packages/numpy/core/multiarray.cpython-35m-x86_64-linux-gnu.so
7f73c6f09000-7f73c7109000 ---p 001d8000 00:21 712                        /home/install/iaa.env/lib/python3.5/site-packages/numpy/core/multiarray.cpython-35m-x86_64-linux-gnu.so
7f73c7109000-7f73c7122000 rw-p 001d8000 00:21 712                        /home/install/iaa.env/lib/python3.5/site-packages/numpy/core/multiarray.cpython-35m-x86_64-linux-gnu.so
7f73c7122000-7f73c713a000 rw-p 00000000 00:00 0 
7f73c713a000-7f73c713d000 rw-p 001f2000 00:21 712                        /home/install/iaa.env/lib/python3.5/site-packages/numpy/core/multiarray.cpython-35m-x86_64-linux-gnu.so
7f73c713d000-7f73c7140000 rw-p 001f5000 00:21 712                        /home/install/iaa.env/lib/python3.5/site-packages/numpy/core/multiarray.cpython-35m-x86_64-linux-gnu.so
7f73c7143000-7f73c7183000 rw-p 00000000 00:00 0 
7f73c71a9000-7f73c71e9000 rw-p 00000000 00:00 0 
7f73c71e9000-7f73c71f0000 r-xp 00000000 00:21 318                        /usr/lib/python3.5/lib-dynload/_csv.cpython-35m-x86_64-linux-gnu.so
7f73c71f0000-7f73c73f0000 ---p 00007000 00:21 318                        /usr/lib/python3.5/lib-dynload/_csv.cpython-35m-x86_64-linux-gnu.so
7f73c73f0000-7f73c73f1000 r--p 00007000 00:21 318                        /usr/lib/python3.5/lib-dynload/_csv.cpython-35m-x86_64-linux-gnu.so
7f73c73f1000-7f73c73f3000 rw-p 00008000 00:21 318                        /usr/lib/python3.5/lib-dynload/_csv.cpython-35m-x86_64-linux-gnu.so
7f73c73f9000-7f73c7479000 rw-p 00000000 00:00 0 
7f73c7479000-7f73c749e000 r-xp 00000000 00:21 38                         /lib/x86_64-linux-gnu/libtinfo.so.5.9
7f73c749e000-7f73c769d000 ---p 00025000 00:21 38                         /lib/x86_64-linux-gnu/libtinfo.so.5.9
7f73c769d000-7f73c76a1000 r--p 00024000 00:21 38                         /lib/x86_64-linux-gnu/libtinfo.so.5.9
7f73c76a1000-7f73c76a2000 rw-p 00028000 00:21 38                         /lib/x86_64-linux-gnu/libtinfo.so.5.9
7f73c76a9000-7f73c76e6000 r-xp 00000000 00:21 600                        /lib/x86_64-linux-gnu/libreadline.so.6.3
7f73c76e6000-7f73c78e6000 ---p 0003d000 00:21 600                        /lib/x86_64-linux-gnu/libreadline.so.6.3
7f73c78e6000-7f73c78e8000 r--p 0003d000 00:21 600                        /lib/x86_64-linux-gnu/libreadline.so.6.3
7f73c78e8000-7f73c78ee000 rw-p 0003f000 00:21 600                        /lib/x86_64-linux-gnu/libreadline.so.6.3
7f73c78ee000-7f73c78ef000 rw-p 00000000 00:00 0 
7f73c78f1000-7f73c78f7000 r-xp 00000000 00:21 330                        /usr/lib/python3.5/lib-dynload/readline.cpython-35m-x86_64-linux-gnu.so
7f73c78f7000-7f73c7af6000 ---p 00006000 00:21 330                        /usr/lib/python3.5/lib-dynload/readline.cpython-35m-x86_64-linux-gnu.so
7f73c7af6000-7f73c7af7000 r--p 00005000 00:21 330                        /usr/lib/python3.5/lib-dynload/readline.cpython-35m-x86_64-linux-gnu.so
7f73c7af7000-7f73c7af9000 rw-p 00006000 00:21 330                        /usr/lib/python3.5/lib-dynload/readline.cpython-35m-x86_64-linux-gnu.so
7f73c7af9000-7f73c7c01000 r-xp 00000000 00:21 84                         /lib/x86_64-linux-gnu/libm-2.23.so
7f73c7c01000-7f73c7e00000 ---p 00108000 00:21 84                         /lib/x86_64-linux-gnu/libm-2.23.so
7f73c7e00000-7f73c7e01000 r--p 00107000 00:21 84                         /lib/x86_64-linux-gnu/libm-2.23.so
7f73c7e01000-7f73c7e02000 rw-p 00108000 00:21 84                         /lib/x86_64-linux-gnu/libm-2.23.so
7f73c7e09000-7f73c7e22000 r-xp 00000000 00:21 82                         /lib/x86_64-linux-gnu/libz.so.1.2.8
7f73c7e22000-7f73c8021000 ---p 00019000 00:21 82                         /lib/x86_64-linux-gnu/libz.so.1.2.8
7f73c8021000-7f73c8022000 r--p 00018000 00:21 82                         /lib/x86_64-linux-gnu/libz.so.1.2.8
7f73c8022000-7f73c8023000 rw-p 00019000 00:21 82                         /lib/x86_64-linux-gnu/libz.so.1.2.8
7f73c8029000-7f73c804f000 r-xp 00000000 00:21 80                         /lib/x86_64-linux-gnu/libexpat.so.1.6.0
7f73c804f000-7f73c824f000 ---p 00026000 00:21 80                         /lib/x86_64-linux-gnu/libexpat.so.1.6.0
7f73c824f000-7f73c8251000 r--p 00026000 00:21 80                         /lib/x86_64-linux-gnu/libexpat.so.1.6.0
7f73c8251000-7f73c8252000 rw-p 00028000 00:21 80                         /lib/x86_64-linux-gnu/libexpat.so.1.6.0
7f73c8259000-7f73c825b000 r-xp 00000000 00:21 78                         /lib/x86_64-linux-gnu/libutil-2.23.so
7f73c825b000-7f73c845a000 ---p 00002000 00:21 78                         /lib/x86_64-linux-gnu/libutil-2.23.so
7f73c845a000-7f73c845b000 r--p 00001000 00:21 78                         /lib/x86_64-linux-gnu/libutil-2.23.so
7f73c845b000-7f73c845c000 rw-p 00002000 00:21 78                         /lib/x86_64-linux-gnu/libutil-2.23.so
7f73c8461000-7f73c8464000 r-xp 00000000 00:21 40                         /lib/x86_64-linux-gnu/libdl-2.23.so
7f73c8464000-7f73c8663000 ---p 00003000 00:21 40                         /lib/x86_64-linux-gnu/libdl-2.23.so
7f73c8663000-7f73c8664000 r--p 00002000 00:21 40                         /lib/x86_64-linux-gnu/libdl-2.23.so
7f73c8664000-7f73c8665000 rw-p 00003000 00:21 40                         /lib/x86_64-linux-gnu/libdl-2.23.so
7f73c8669000-7f73c8829000 r-xp 00000000 00:21 42                         /lib/x86_64-linux-gnu/libc-2.23.so
7f73c8829000-7f73c8a29000 ---p 001c0000 00:21 42                         /lib/x86_64-linux-gnu/libc-2.23.so
7f73c8a29000-7f73c8a2d000 r--p 001c0000 00:21 42                         /lib/x86_64-linux-gnu/libc-2.23.so
7f73c8a2d000-7f73c8a2f000 rw-p 001c4000 00:21 42                         /lib/x86_64-linux-gnu/libc-2.23.so
7f73c8a2f000-7f73c8a33000 rw-p 00000000 00:00 0 
7f73c8a39000-7f73c8a51000 r-xp 00000000 00:21 76                         /lib/x86_64-linux-gnu/libpthread-2.23.so
7f73c8a51000-7f73c8c50000 ---p 00018000 00:21 76                         /lib/x86_64-linux-gnu/libpthread-2.23.so
7f73c8c50000-7f73c8c51000 r--p 00017000 00:21 76                         /lib/x86_64-linux-gnu/libpthread-2.23.so
7f73c8c51000-7f73c8c52000 rw-p 00018000 00:21 76                         /lib/x86_64-linux-gnu/libpthread-2.23.so
7f73c8c52000-7f73c8c56000 rw-p 00000000 00:00 0 
7f73c8c59000-7f73c8c7f000 r-xp 00000000 00:21 35                         /lib/x86_64-linux-gnu/ld-2.23.so
7f73c8c8c000-7f73c8d0c000 rw-p 00000000 00:00 0 
7f73c8d2c000-7f73c8d2f000 r--s 00013000 00:21 1110                       /home/install/target/DKProFromPyjnius-1.0-SNAPSHOT.jar
7f73c8d31000-7f73c8d39000 rw-s 00000000 00:21 1088                       /tmp/hsperfdata_root/57
7f73c8d3a000-7f73c8d3b000 rw-p 00000000 00:00 0 
7f73c8d3b000-7f73c8d3c000 r--p 00000000 00:00 0 
7f73c8d3c000-7f73c8d3d000 rwxp 00000000 00:00 0 
7f73c8d3d000-7f73c8e7e000 rw-p 00000000 00:00 0 
7f73c8e7e000-7f73c8e7f000 r--p 00025000 00:21 35                         /lib/x86_64-linux-gnu/ld-2.23.so
7f73c8e7f000-7f73c8e80000 rw-p 00026000 00:21 35                         /lib/x86_64-linux-gnu/ld-2.23.so
7f73c8e80000-7f73c8e82000 rw-p 00000000 00:00 0 
7f73c8e82000-7f73c8e86000 rw-p 00000000 00:00 0 
7ffc2411c000-7ffc2411f000 ---p 00000000 00:00 0 
7ffc2411f000-7ffc2421c000 rw-p 00000000 00:00 0                          [stack]
7ffc24261000-7ffc24264000 r--p 00000000 00:00 0                          [vvar]
7ffc24264000-7ffc24266000 r-xp 00000000 00:00 0                          [vdso]
ffffffffff600000-ffffffffff601000 r-xp 00000000 00:00 0                  [vsyscall]

VM Arguments:
java_command: <unknown>
java_class_path (initial): /home/install/target/DKProFromPyjnius-1.0-SNAPSHOT.jar:/home/install/iaa.env/lib/python3.5/site-packages/pyjnius-1.1.2.dev0-py3.5-linux-x86_64.egg/jnius/src
Launcher Type: generic

Environment Variables:
JAVA_HOME=/usr/lib/jvm/java-8-oracle/
CLASSPATH=/home/install/target/DKProFromPyjnius-1.0-SNAPSHOT.jar
PATH=/home/install/iaa.env/bin:/usr/local/sbin:/usr/local/bin:/usr/sbin:/usr/bin:/sbin:/bin

Signal Handlers:
SIGSEGV: [libjvm.so+0xad01e0], sa_mask[0]=11111111011111111101111111111110, sa_flags=SA_RESTART|SA_SIGINFO
SIGBUS: [libjvm.so+0xad01e0], sa_mask[0]=11111111011111111101111111111110, sa_flags=SA_RESTART|SA_SIGINFO
SIGFPE: [libjvm.so+0x927fb0], sa_mask[0]=11111111011111111101111111111110, sa_flags=SA_RESTART|SA_SIGINFO
SIGPIPE: [libjvm.so+0x927fb0], sa_mask[0]=11111111011111111101111111111110, sa_flags=SA_RESTART|SA_SIGINFO
SIGXFSZ: [libjvm.so+0x927fb0], sa_mask[0]=11111111011111111101111111111110, sa_flags=SA_RESTART|SA_SIGINFO
SIGILL: [libjvm.so+0x927fb0], sa_mask[0]=11111111011111111101111111111110, sa_flags=SA_RESTART|SA_SIGINFO
SIGUSR1: SIG_DFL, sa_mask[0]=00000000000000000000000000000000, sa_flags=none
SIGUSR2: [libjvm.so+0x9297f0], sa_mask[0]=00000000000000000000000000000000, sa_flags=SA_RESTART|SA_SIGINFO
SIGHUP: [libjvm.so+0x92abf0], sa_mask[0]=11111111011111111101111111111110, sa_flags=SA_RESTART|SA_SIGINFO
SIGINT: [libjvm.so+0x92abf0], sa_mask[0]=11111111011111111101111111111110, sa_flags=SA_RESTART|SA_SIGINFO
SIGTERM: [libjvm.so+0x92abf0], sa_mask[0]=11111111011111111101111111111110, sa_flags=SA_RESTART|SA_SIGINFO
SIGQUIT: [libjvm.so+0x92abf0], sa_mask[0]=11111111011111111101111111111110, sa_flags=SA_RESTART|SA_SIGINFO


---------------  S Y S T E M  ---------------

OS:DISTRIB_ID=Ubuntu
DISTRIB_RELEASE=16.04
DISTRIB_CODENAME=xenial
DISTRIB_DESCRIPTION="Ubuntu 16.04.3 LTS"

uname:Linux 4.4.119-boot2docker #1 SMP Wed Feb 28 17:44:37 UTC 2018 x86_64
libc:glibc 2.23 NPTL 2.23 
rlimit: STACK 8192k, CORE 0k, NPROC 1048576, NOFILE 1048576, AS infinity
load average:0.09 0.04 0.01

/proc/meminfo:
MemTotal:        1019720 kB
MemFree:          633592 kB
MemAvailable:     616448 kB
Buffers:           17424 kB
Cached:           257296 kB
SwapCached:            0 kB
Active:           201812 kB
Inactive:         138976 kB
Active(anon):     145504 kB
Inactive(anon):   132288 kB
Active(file):      56308 kB
Inactive(file):     6688 kB
Unevictable:           0 kB
Mlocked:               0 kB
SwapTotal:       1180536 kB
SwapFree:        1180536 kB
Dirty:                64 kB
Writeback:             0 kB
AnonPages:         66076 kB
Mapped:            80976 kB
Shmem:            211728 kB
Slab:              28816 kB
SReclaimable:      15332 kB
SUnreclaim:        13484 kB
KernelStack:        2896 kB
PageTables:         1612 kB
NFS_Unstable:          0 kB
Bounce:                0 kB
WritebackTmp:          0 kB
CommitLimit:     1690396 kB
Committed_AS:     515540 kB
VmallocTotal:   34359738367 kB
VmallocUsed:           0 kB
VmallocChunk:          0 kB
AnonHugePages:     20480 kB
HugePages_Total:       0
HugePages_Free:        0
HugePages_Rsvd:        0
HugePages_Surp:        0
Hugepagesize:       2048 kB
DirectMap4k:       38848 kB
DirectMap2M:     1009664 kB


CPU:total 1 (initial active 1) (1 cores per cpu, 1 threads per core) family 21 model 96 stepping 1, cmov, cx8, fxsr, mmx, sse, sse2, sse3, ssse3, sse4.1, sse4.2, popcnt, avx, avx2, aes, clmul, mmxext, lzcnt, sse4a, tsc

/proc/cpuinfo:
processor	: 0
vendor_id	: AuthenticAMD
cpu family	: 21
model		: 96
model name	: AMD A10-8700P Radeon R6, 10 Compute Cores 4C+6G
stepping	: 1
microcode	: 0x6000626
cpu MHz		: 1796.626
cache size	: 1024 KB
physical id	: 0
siblings	: 1
core id		: 0
cpu cores	: 1
apicid		: 0
initial apicid	: 0
fpu		: yes
fpu_exception	: yes
cpuid level	: 13
wp		: yes
flags		: fpu vme de pse tsc msr pae mce cx8 apic sep mtrr pge mca cmov pat pse36 clflush mmx fxsr sse sse2 syscall nx mmxext fxsr_opt rdtscp lm rep_good nopl extd_apicid pni pclmulqdq monitor ssse3 cx16 sse4_1 sse4_2 movbe popcnt aes xsave avx rdrand hypervisor lahf_lm cr8_legacy abm sse4a misalignsse 3dnowprefetch arat rsb_ctxsw retpoline vmmcall avx2
bugs		: fxsave_leak sysret_ss_attrs spectre_v1 spectre_v2
bogomips	: 3593.25
TLB size	: 1536 4K pages
clflush size	: 64
cache_alignment	: 64
address sizes	: 48 bits physical, 48 bits virtual
power management:



Memory: 4k page, physical 1019720k(633592k free), swap 1180536k(1180536k free)

vm_info: Java HotSpot(TM) 64-Bit Server VM (25.161-b12) for linux-amd64 JRE (1.8.0_161-b12), built on Dec 19 2017 16:12:43 by "java_re" with gcc 4.3.0 20080428 (Red Hat 4.3.0-8)

time: Thu Apr 19 04:29:52 2018
elapsed time: 6 seconds (0d 0h 0m 6s)

