#
# A fatal error has been detected by the Java Runtime Environment:
#
#  SIGSEGV (0xb) at pc=0x00007f971c865eef, pid=46, tid=0x00007f97245be700
#
# JRE version: Java(TM) SE Runtime Environment (8.0_161-b12) (build 1.8.0_161-b12)
# Java VM: Java HotSpot(TM) 64-Bit Server VM (25.161-b12 mixed mode linux-amd64 compressed oops)
# Problematic frame:
# V  [libjvm.so+0x6e4eef]  jni_GetObjectClass+0x17f
#
# Failed to write core dump. Core dumps have been disabled. To enable core dumping, try "ulimit -c unlimited" before starting Java again
#
# If you would like to submit a bug report, please visit:
#   http://bugreport.java.com/bugreport/crash.jsp
#

---------------  T H R E A D  ---------------

Current thread (0x0000000002d9b800):  JavaThread "main" [_thread_in_vm, id=46, stack(0x00007ffe7abb5000,0x00007ffe7acb5000)]

siginfo: si_signo: 11 (SIGSEGV), si_code: 1 (SEGV_MAPERR), si_addr: 0x0000000000000009

Registers:
RAX=0x00007f971d11d300, RBX=0x0000000002d9b800, RCX=0x7463656a624f2f67, RDX=0x0000000000000001
RSP=0x00007ffe7acb20a0, RBP=0x00007ffe7acb2100, RSI=0x0000000002d9b800, RDI=0x00007ffe7acb20a0
R8 =0x000000000000006a, R9 =0x00007f971bfafdb0, R10=0x0000000000000001, R11=0x00007f9723f45f90
R12=0x00007ffe7acb20a0, R13=0x0000000002d9b9f8, R14=0x0000000002ed2ee8, R15=0x00007f971d151680
RIP=0x00007f971c865eef, EFLAGS=0x0000000000010202, CSGSFS=0x0000000000000033, ERR=0x0000000000000004
  TRAPNO=0x000000000000000e

Top of Stack: (sp=0x00007ffe7acb20a0)
0x00007ffe7acb20a0:   0000000002d9b800 0000000000000000
0x00007ffe7acb20b0:   00007f971bfa5388 000000000057281c
0x00007ffe7acb20c0:   0000000002d9b800 00007f971d4bcb08
0x00007ffe7acb20d0:   00007f971bfafd20 0000000002d9b9f8
0x00007ffe7acb20e0:   00007f971bfafd20 00007f971bfa5388
0x00007ffe7acb20f0:   0000000000000000 00007f971bfafd20
0x00007ffe7acb2100:   0000000000000001 00007f971d253f74
0x00007ffe7acb2110:   00007f971bfafd68 0000000000000001
0x00007ffe7acb2120:   00007f971bfafd20 00007f971bfa5388
0x00007ffe7acb2130:   0000000000000000 00007f971d251b38
0x00007ffe7acb2140:   0000000002ed2ee8 0000000002d9b9f8
0x00007ffe7acb2150:   0000000002d9b800 0000000000000000
0x00007ffe7acb2160:   0000000002d9b9f8 000000000054e8b9
0x00007ffe7acb2170:   00007f971d4bc9c8 0000000000000001
0x00007ffe7acb2180:   0000000002d9b800 57f5c6bad9ebdd00
0x00007ffe7acb2190:   0000000000000010 00007f97244d31f0
0x00007ffe7acb21a0:   0000000000a40060 0000000002d9b9f8
0x00007ffe7acb21b0:   00007f971bfa5388 0000000000000000
0x00007ffe7acb21c0:   00007f971bfafd20 00007f971d251147
0x00007ffe7acb21d0:   00007f971bfaaa98 0000000002ed2f30
0x00007ffe7acb21e0:   0000000000000005 00007f971bfafcd8
0x00007ffe7acb21f0:   0000000000000000 0000000002ed2ee8
0x00007ffe7acb2200:   0000000000000013 57f5c6bad9ebdd00
0x00007ffe7acb2210:   0000000000000012 00007f971bfaaa98
0x00007ffe7acb2220:   00007f971bfa5548 0000000000000000
0x00007ffe7acb2230:   0000000000000000 00007f9722b66dd8
0x00007ffe7acb2240:   0000000000000001 00007f971d259904
0x00007ffe7acb2250:   00007f97244ef9e8 0000000000000000
0x00007ffe7acb2260:   0000000002f7a950 0000000002d9b9f8
0x00007ffe7acb2270:   0000000002f7a950 00007f971bfafd20
0x00007ffe7acb2280:   0000000002f7a950 00007f971bfb50a8
0x00007ffe7acb2290:   00007f971bfb1588 00007f9722b66dd8 

Instructions: (pc=0x00007f971c865eef)
0x00007f971c865ecf:   90 83 ea 01 0f 84 9f 00 00 00 f0 83 04 24 00 e9
0x00007f971c865edf:   05 ff ff ff 0f 1f 44 00 00 48 8b 05 41 82 89 00
0x00007f971c865eef:   8b 52 08 8b 48 08 48 d3 e2 48 03 10 e9 3c ff ff
0x00007f971c865eff:   ff 48 8b 05 89 b6 89 00 80 38 00 0f 84 d8 fe ff 

Register to memory mapping:

RAX=0x00007f971d11d300: <offset 0xf9c300> in /usr/lib/jvm/java-8-oracle/jre/lib/amd64/server/libjvm.so at 0x00007f971c181000
RBX=0x0000000002d9b800 is a thread
RCX=0x7463656a624f2f67 is an unknown value
RDX=0x0000000000000001 is an unknown value
RSP=0x00007ffe7acb20a0 is pointing into the stack for thread: 0x0000000002d9b800
RBP=0x00007ffe7acb2100 is pointing into the stack for thread: 0x0000000002d9b800
RSI=0x0000000002d9b800 is a thread
RDI=0x00007ffe7acb20a0 is pointing into the stack for thread: 0x0000000002d9b800
R8 =0x000000000000006a is an unknown value
R9 =0x00007f971bfafdb0 is an unknown value
R10=0x0000000000000001 is an unknown value
R11=0x00007f9723f45f90: <offset 0x194f90> in /lib/x86_64-linux-gnu/libc.so.6 at 0x00007f9723db1000
R12=0x00007ffe7acb20a0 is pointing into the stack for thread: 0x0000000002d9b800
R13=0x0000000002d9b9f8 is an unknown value
R14=0x0000000002ed2ee8 is an unknown value
R15=0x00007f971d151680: <offset 0xfd0680> in /usr/lib/jvm/java-8-oracle/jre/lib/amd64/server/libjvm.so at 0x00007f971c181000


Stack: [0x00007ffe7abb5000,0x00007ffe7acb5000],  sp=0x00007ffe7acb20a0,  free space=1012k
Native frames: (J=compiled Java code, j=interpreted, Vv=VM code, C=native code)
V  [libjvm.so+0x6e4eef]  jni_GetObjectClass+0x17f
C  [jnius.cpython-35m-x86_64-linux-gnu.so+0x52f74]  __pyx_f_5jnius_lookup_java_object_name+0x14


---------------  P R O C E S S  ---------------

Java Threads: ( => current thread )
  0x0000000002f25000 JavaThread "Service Thread" daemon [_thread_blocked, id=55, stack(0x00007f970a8d6000,0x00007f970a9d7000)]
  0x0000000002f10000 JavaThread "C1 CompilerThread1" daemon [_thread_blocked, id=54, stack(0x00007f970a9d7000,0x00007f970aad8000)]
  0x0000000002f0e000 JavaThread "C2 CompilerThread0" daemon [_thread_blocked, id=53, stack(0x00007f970aad8000,0x00007f970abd9000)]
  0x0000000002f09800 JavaThread "Signal Dispatcher" daemon [_thread_blocked, id=52, stack(0x00007f970abd9000,0x00007f970acda000)]
  0x0000000002eda800 JavaThread "Finalizer" daemon [_thread_blocked, id=51, stack(0x00007f970acda000,0x00007f970addb000)]
  0x0000000002ed6000 JavaThread "Reference Handler" daemon [_thread_blocked, id=50, stack(0x00007f970addb000,0x00007f970aedc000)]
=>0x0000000002d9b800 JavaThread "main" [_thread_in_vm, id=46, stack(0x00007ffe7abb5000,0x00007ffe7acb5000)]

Other Threads:
  0x0000000002ece000 VMThread [stack: 0x00007f970aedc000,0x00007f970afdd000] [id=49]
  0x0000000002f2b000 WatcherThread [stack: 0x00007f970a7d5000,0x00007f970a8d6000] [id=56]

VM state:not at safepoint (normal execution)

VM Mutex/Monitor currently owned by a thread: None

Heap:
 def new generation   total 4928K, used 974K [0x00000000f0600000, 0x00000000f0b50000, 0x00000000f5950000)
  eden space 4416K,  22% used [0x00000000f0600000, 0x00000000f06f3b48, 0x00000000f0a50000)
  from space 512K,   0% used [0x00000000f0a50000, 0x00000000f0a50000, 0x00000000f0ad0000)
  to   space 512K,   0% used [0x00000000f0ad0000, 0x00000000f0ad0000, 0x00000000f0b50000)
 tenured generation   total 10944K, used 0K [0x00000000f5950000, 0x00000000f6400000, 0x0000000100000000)
   the space 10944K,   0% used [0x00000000f5950000, 0x00000000f5950000, 0x00000000f5950200, 0x00000000f6400000)
 Metaspace       used 2993K, capacity 4600K, committed 4864K, reserved 1056768K
  class space    used 330K, capacity 424K, committed 512K, reserved 1048576K

Card table byte_map: [0x00007f970ba83000,0x00007f970bb01000] byte_map_base: 0x00007f970b300000

Polling page: 0x00007f97245c3000

CodeCache: size=245760Kb used=1157Kb max_used=1157Kb free=244602Kb
 bounds [0x00007f970bec1000, 0x00007f970c131000, 0x00007f971aec1000]
 total_blobs=289 nmethods=60 adapters=145
 compilation: enabled

Compilation events (10 events):
Event: 0.207 Thread 0x0000000002f10000   56       3       java.lang.Class$MethodArray::get (7 bytes)
Event: 0.208 Thread 0x0000000002f10000 nmethod 56 0x00007f970bfe0d10 code [0x00007f970bfe0e80, 0x00007f970bfe0ff0]
Event: 9.583 Thread 0x0000000002f10000   57       3       java.lang.AbstractStringBuilder::newCapacity (39 bytes)
Event: 9.584 Thread 0x0000000002f10000 nmethod 57 0x00007f970bfe10d0 code [0x00007f970bfe1260, 0x00007f970bfe1640]
Event: 9.586 Thread 0x0000000002f10000   58       1       java.net.URL::getPath (5 bytes)
Event: 9.586 Thread 0x0000000002f10000 nmethod 58 0x00007f970bfe1790 code [0x00007f970bfe18e0, 0x00007f970bfe19f0]
Event: 9.587 Thread 0x0000000002f10000   59       1       java.net.URL::getAuthority (5 bytes)
Event: 9.588 Thread 0x0000000002f10000 nmethod 59 0x00007f970bfe1a50 code [0x00007f970bfe1ba0, 0x00007f970bfe1cb0]
Event: 9.593 Thread 0x0000000002f10000   60       3       java.lang.String::getChars (62 bytes)
Event: 9.594 Thread 0x0000000002f10000 nmethod 60 0x00007f970bfe1d10 code [0x00007f970bfe1ec0, 0x00007f970bfe22f0]

GC Heap History (0 events):
No events

Deoptimization events (0 events):
No events

Classes redefined (0 events):
No events

Internal exceptions (4 events):
Event: 0.034 Thread 0x0000000002d9b800 Exception <a 'java/lang/NoSuchMethodError': Method sun.misc.Unsafe.defineClass(Ljava/lang/String;[BII)Ljava/lang/Class; name or signature does not match> (0x00000000f0607ca0) thrown at [/HUDSON/workspace/8-2-build-linux-amd64/jdk8u161/10277/hotspot/src/sh
Event: 0.035 Thread 0x0000000002d9b800 Exception <a 'java/lang/NoSuchMethodError': Method sun.misc.Unsafe.prefetchRead(Ljava/lang/Object;J)V name or signature does not match> (0x00000000f0607f88) thrown at [/HUDSON/workspace/8-2-build-linux-amd64/jdk8u161/10277/hotspot/src/share/vm/prims/jni.c
Event: 9.592 Thread 0x0000000002d9b800 Implicit null exception at 0x00007f970bfce312 to 0x00007f970bfce3e3
Event: 9.592 Thread 0x0000000002d9b800 Exception <a 'java/lang/NullPointerException'> (0x00000000f06e6ad0) thrown at [/HUDSON/workspace/8-2-build-linux-amd64/jdk8u161/10277/hotspot/src/share/vm/runtime/sharedRuntime.cpp, line 605]

Events (10 events):
Event: 0.205 loading class org/dkpro/statistics/agreement/distance/OrdinalDistanceFunction
Event: 0.205 loading class org/dkpro/statistics/agreement/distance/OrdinalDistanceFunction done
Event: 4.135 Executing VM operation: EnableBiasedLocking
Event: 4.135 Executing VM operation: EnableBiasedLocking done
Event: 9.581 loading class java/util/LinkedHashSet
Event: 9.581 loading class java/util/LinkedHashSet done
Event: 9.582 loading class org/dkpro/statistics/agreement/coding/CodingAnnotationItem
Event: 9.582 loading class org/dkpro/statistics/agreement/coding/CodingAnnotationItem done
Event: 9.583 loading class org/dkpro/statistics/agreement/AnnotationUnit
Event: 9.583 loading class org/dkpro/statistics/agreement/AnnotationUnit done


Dynamic libraries:
00400000-007a9000 r-xp 00000000 00:21 74                                 /home/install/iaa.env/bin/python3
009a9000-009ab000 r--p 003a9000 00:21 74                                 /home/install/iaa.env/bin/python3
009ab000-00a42000 rw-p 003ab000 00:21 74                                 /home/install/iaa.env/bin/python3
00a42000-00a73000 rw-p 00000000 00:00 0 
026e4000-02fb4000 rw-p 00000000 00:00 0                                  [heap]
f0600000-f0b50000 rw-p 00000000 00:00 0 
f0b50000-f5950000 ---p 00000000 00:00 0 
f5950000-f6400000 rw-p 00000000 00:00 0 
f6400000-100000000 ---p 00000000 00:00 0 
100000000-100080000 rw-p 00000000 00:00 0 
100080000-140000000 ---p 00000000 00:00 0 
7f96e4000000-7f96e4021000 rw-p 00000000 00:00 0 
7f96e4021000-7f96e8000000 ---p 00000000 00:00 0 
7f96ec000000-7f96ec040000 rw-p 00000000 00:00 0 
7f96ec040000-7f96f0000000 ---p 00000000 00:00 0 
7f96f0000000-7f96f0021000 rw-p 00000000 00:00 0 
7f96f0021000-7f96f4000000 ---p 00000000 00:00 0 
7f96f4000000-7f96f4021000 rw-p 00000000 00:00 0 
7f96f4021000-7f96f8000000 ---p 00000000 00:00 0 
7f96f8000000-7f96f8062000 rw-p 00000000 00:00 0 
7f96f8062000-7f96fc000000 ---p 00000000 00:00 0 
7f96fc000000-7f96fc021000 rw-p 00000000 00:00 0 
7f96fc021000-7f9700000000 ---p 00000000 00:00 0 
7f9700000000-7f9700021000 rw-p 00000000 00:00 0 
7f9700021000-7f9704000000 ---p 00000000 00:00 0 
7f9704000000-7f9704021000 rw-p 00000000 00:00 0 
7f9704021000-7f9708000000 ---p 00000000 00:00 0 
7f970a4b3000-7f970a73b000 rw-p 00000000 00:00 0 
7f970a73b000-7f970a7d1000 r--s 0110a000 00:21 1105                       /usr/lib/jvm/java-8-oracle/jre/lib/ext/jfxrt.jar
7f970a7d5000-7f970a7d6000 ---p 00000000 00:00 0 
7f970a7d6000-7f970a8d6000 rw-p 00000000 00:00 0 
7f970a8d6000-7f970a8d9000 ---p 00000000 00:00 0 
7f970a8d9000-7f970a9d7000 rw-p 00000000 00:00 0 
7f970a9d7000-7f970a9da000 ---p 00000000 00:00 0 
7f970a9da000-7f970aad8000 rw-p 00000000 00:00 0 
7f970aad8000-7f970aadb000 ---p 00000000 00:00 0 
7f970aadb000-7f970abd9000 rw-p 00000000 00:00 0 
7f970abd9000-7f970abdc000 ---p 00000000 00:00 0 
7f970abdc000-7f970acda000 rw-p 00000000 00:00 0 
7f970acda000-7f970acdd000 ---p 00000000 00:00 0 
7f970acdd000-7f970addb000 rw-p 00000000 00:00 0 
7f970addb000-7f970adde000 ---p 00000000 00:00 0 
7f970adde000-7f970aedc000 rw-p 00000000 00:00 0 
7f970aedc000-7f970aedd000 ---p 00000000 00:00 0 
7f970aedd000-7f970afdd000 rw-p 00000000 00:00 0 
7f970afdd000-7f970b1b6000 r--s 03d64000 00:21 1091                       /usr/lib/jvm/java-8-oracle/jre/lib/rt.jar
7f970b1b9000-7f970b66f000 rw-p 00000000 00:00 0 
7f970b66f000-7f970ba2f000 ---p 00000000 00:00 0 
7f970ba2f000-7f970ba35000 rw-p 00000000 00:00 0 
7f970ba35000-7f970ba83000 ---p 00000000 00:00 0 
7f970ba83000-7f970ba86000 rw-p 00000000 00:00 0 
7f970ba86000-7f970baac000 ---p 00000000 00:00 0 
7f970baac000-7f970bab2000 rw-p 00000000 00:00 0 
7f970bab2000-7f970bb00000 ---p 00000000 00:00 0 
7f970bb00000-7f970bb0b000 rw-p 00000000 00:00 0 
7f970bb0b000-7f970bec1000 ---p 00000000 00:00 0 
7f970bec1000-7f970c131000 rwxp 00000000 00:00 0 
7f970c131000-7f971aec1000 ---p 00000000 00:00 0 
7f971aec1000-7f971aedc000 r-xp 00000000 00:21 1089                       /usr/lib/jvm/java-8-oracle/jre/lib/amd64/libzip.so
7f971aedc000-7f971b0dc000 ---p 0001b000 00:21 1089                       /usr/lib/jvm/java-8-oracle/jre/lib/amd64/libzip.so
7f971b0dc000-7f971b0dd000 rw-p 0001b000 00:21 1089                       /usr/lib/jvm/java-8-oracle/jre/lib/amd64/libzip.so
7f971b0e1000-7f971b0ec000 r-xp 00000000 00:21 54                         /lib/x86_64-linux-gnu/libnss_files-2.23.so
7f971b0ec000-7f971b2eb000 ---p 0000b000 00:21 54                         /lib/x86_64-linux-gnu/libnss_files-2.23.so
7f971b2eb000-7f971b2ec000 r--p 0000a000 00:21 54                         /lib/x86_64-linux-gnu/libnss_files-2.23.so
7f971b2ec000-7f971b2ed000 rw-p 0000b000 00:21 54                         /lib/x86_64-linux-gnu/libnss_files-2.23.so
7f971b2ed000-7f971b2f3000 rw-p 00000000 00:00 0 
7f971b2f9000-7f971b304000 r-xp 00000000 00:21 52                         /lib/x86_64-linux-gnu/libnss_nis-2.23.so
7f971b304000-7f971b503000 ---p 0000b000 00:21 52                         /lib/x86_64-linux-gnu/libnss_nis-2.23.so
7f971b503000-7f971b504000 r--p 0000a000 00:21 52                         /lib/x86_64-linux-gnu/libnss_nis-2.23.so
7f971b504000-7f971b505000 rw-p 0000b000 00:21 52                         /lib/x86_64-linux-gnu/libnss_nis-2.23.so
7f971b509000-7f971b51f000 r-xp 00000000 00:21 50                         /lib/x86_64-linux-gnu/libnsl-2.23.so
7f971b51f000-7f971b71e000 ---p 00016000 00:21 50                         /lib/x86_64-linux-gnu/libnsl-2.23.so
7f971b71e000-7f971b71f000 r--p 00015000 00:21 50                         /lib/x86_64-linux-gnu/libnsl-2.23.so
7f971b71f000-7f971b720000 rw-p 00016000 00:21 50                         /lib/x86_64-linux-gnu/libnsl-2.23.so
7f971b720000-7f971b722000 rw-p 00000000 00:00 0 
7f971b729000-7f971b731000 r-xp 00000000 00:21 48                         /lib/x86_64-linux-gnu/libnss_compat-2.23.so
7f971b731000-7f971b930000 ---p 00008000 00:21 48                         /lib/x86_64-linux-gnu/libnss_compat-2.23.so
7f971b930000-7f971b931000 r--p 00007000 00:21 48                         /lib/x86_64-linux-gnu/libnss_compat-2.23.so
7f971b931000-7f971b932000 rw-p 00008000 00:21 48                         /lib/x86_64-linux-gnu/libnss_compat-2.23.so
7f971b939000-7f971b964000 r-xp 00000000 00:21 1084                       /usr/lib/jvm/java-8-oracle/jre/lib/amd64/libjava.so
7f971b964000-7f971bb63000 ---p 0002b000 00:21 1084                       /usr/lib/jvm/java-8-oracle/jre/lib/amd64/libjava.so
7f971bb63000-7f971bb65000 rw-p 0002a000 00:21 1084                       /usr/lib/jvm/java-8-oracle/jre/lib/amd64/libjava.so
7f971bb69000-7f971bb76000 r-xp 00000000 00:21 1083                       /usr/lib/jvm/java-8-oracle/jre/lib/amd64/libverify.so
7f971bb76000-7f971bd76000 ---p 0000d000 00:21 1083                       /usr/lib/jvm/java-8-oracle/jre/lib/amd64/libverify.so
7f971bd76000-7f971bd78000 rw-p 0000d000 00:21 1083                       /usr/lib/jvm/java-8-oracle/jre/lib/amd64/libverify.so
7f971bd79000-7f971bd80000 r-xp 00000000 00:21 1082                       /lib/x86_64-linux-gnu/librt-2.23.so
7f971bd80000-7f971bf7f000 ---p 00007000 00:21 1082                       /lib/x86_64-linux-gnu/librt-2.23.so
7f971bf7f000-7f971bf80000 r--p 00006000 00:21 1082                       /lib/x86_64-linux-gnu/librt-2.23.so
7f971bf80000-7f971bf81000 rw-p 00007000 00:21 1082                       /lib/x86_64-linux-gnu/librt-2.23.so
7f971bf81000-7f971c181000 rw-p 00000000 00:00 0 
7f971c181000-7f971ce5a000 r-xp 00000000 00:21 972                        /usr/lib/jvm/java-8-oracle/jre/lib/amd64/server/libjvm.so
7f971ce5a000-7f971d059000 ---p 00cd9000 00:21 972                        /usr/lib/jvm/java-8-oracle/jre/lib/amd64/server/libjvm.so
7f971d059000-7f971d132000 rw-p 00cd8000 00:21 972                        /usr/lib/jvm/java-8-oracle/jre/lib/amd64/server/libjvm.so
7f971d132000-7f971d17e000 rw-p 00000000 00:00 0 
7f971d181000-7f971d201000 rw-p 00000000 00:00 0 
7f971d201000-7f971d27d000 r-xp 00000000 00:21 952                        /home/install/iaa.env/lib/python3.5/site-packages/pyjnius-1.1.2.dev0-py3.5-linux-x86_64.egg/jnius/jnius.cpython-35m-x86_64-linux-gnu.so
7f971d27d000-7f971d47c000 ---p 0007c000 00:21 952                        /home/install/iaa.env/lib/python3.5/site-packages/pyjnius-1.1.2.dev0-py3.5-linux-x86_64.egg/jnius/jnius.cpython-35m-x86_64-linux-gnu.so
7f971d47c000-7f971d47d000 r--p 0007b000 00:21 952                        /home/install/iaa.env/lib/python3.5/site-packages/pyjnius-1.1.2.dev0-py3.5-linux-x86_64.egg/jnius/jnius.cpython-35m-x86_64-linux-gnu.so
7f971d47d000-7f971d484000 rw-p 0007c000 00:21 952                        /home/install/iaa.env/lib/python3.5/site-packages/pyjnius-1.1.2.dev0-py3.5-linux-x86_64.egg/jnius/jnius.cpython-35m-x86_64-linux-gnu.so
7f971d484000-7f971d485000 rw-p 00000000 00:00 0 
7f971d489000-7f971d4c9000 rw-p 00000000 00:00 0 
7f971d4c9000-7f971d584000 r-xp 00000000 00:21 930                        /home/install/iaa.env/lib/python3.5/site-packages/numpy/random/mtrand.cpython-35m-x86_64-linux-gnu.so
7f971d584000-7f971d784000 ---p 000bb000 00:21 930                        /home/install/iaa.env/lib/python3.5/site-packages/numpy/random/mtrand.cpython-35m-x86_64-linux-gnu.so
7f971d784000-7f971d7a9000 rw-p 000bb000 00:21 930                        /home/install/iaa.env/lib/python3.5/site-packages/numpy/random/mtrand.cpython-35m-x86_64-linux-gnu.so
7f971d7a9000-7f971d7ab000 rw-p 00000000 00:00 0 
7f971d7b0000-7f971d8b1000 rw-p 00000000 00:00 0 
7f971d8b1000-7f971d8ba000 r-xp 00000000 00:21 898                        /home/install/iaa.env/lib/python3.5/site-packages/numpy/fft/fftpack_lite.cpython-35m-x86_64-linux-gnu.so
7f971d8ba000-7f971dab9000 ---p 00009000 00:21 898                        /home/install/iaa.env/lib/python3.5/site-packages/numpy/fft/fftpack_lite.cpython-35m-x86_64-linux-gnu.so
7f971dab9000-7f971daba000 rw-p 00008000 00:21 898                        /home/install/iaa.env/lib/python3.5/site-packages/numpy/fft/fftpack_lite.cpython-35m-x86_64-linux-gnu.so
7f971dac1000-7f971daf8000 r-xp 00000000 00:21 887                        /usr/lib/x86_64-linux-gnu/libmpdec.so.2.4.2
7f971daf8000-7f971dcf7000 ---p 00037000 00:21 887                        /usr/lib/x86_64-linux-gnu/libmpdec.so.2.4.2
7f971dcf7000-7f971dcf8000 r--p 00036000 00:21 887                        /usr/lib/x86_64-linux-gnu/libmpdec.so.2.4.2
7f971dcf8000-7f971dcf9000 rw-p 00037000 00:21 887                        /usr/lib/x86_64-linux-gnu/libmpdec.so.2.4.2
7f971dcf9000-7f971dd1d000 r-xp 00000000 00:21 311                        /usr/lib/python3.5/lib-dynload/_decimal.cpython-35m-x86_64-linux-gnu.so
7f971dd1d000-7f971df1c000 ---p 00024000 00:21 311                        /usr/lib/python3.5/lib-dynload/_decimal.cpython-35m-x86_64-linux-gnu.so
7f971df1c000-7f971df1d000 r--p 00023000 00:21 311                        /usr/lib/python3.5/lib-dynload/_decimal.cpython-35m-x86_64-linux-gnu.so
7f971df1d000-7f971df26000 rw-p 00024000 00:21 311                        /usr/lib/python3.5/lib-dynload/_decimal.cpython-35m-x86_64-linux-gnu.so
7f971df29000-7f971df69000 rw-p 00000000 00:00 0 
7f971df69000-7f971df92000 r-xp 00000000 00:21 872                        /home/install/iaa.env/lib/python3.5/site-packages/numpy/linalg/_umath_linalg.cpython-35m-x86_64-linux-gnu.so
7f971df92000-7f971e191000 ---p 00029000 00:21 872                        /home/install/iaa.env/lib/python3.5/site-packages/numpy/linalg/_umath_linalg.cpython-35m-x86_64-linux-gnu.so
7f971e191000-7f971e193000 rw-p 00028000 00:21 872                        /home/install/iaa.env/lib/python3.5/site-packages/numpy/linalg/_umath_linalg.cpython-35m-x86_64-linux-gnu.so
7f971e193000-7f971e195000 rw-p 0002a000 00:21 872                        /home/install/iaa.env/lib/python3.5/site-packages/numpy/linalg/_umath_linalg.cpython-35m-x86_64-linux-gnu.so
7f971e195000-7f971e196000 rw-p 0002c000 00:21 872                        /home/install/iaa.env/lib/python3.5/site-packages/numpy/linalg/_umath_linalg.cpython-35m-x86_64-linux-gnu.so
7f971e199000-7f971e19d000 r-xp 00000000 00:21 870                        /home/install/iaa.env/lib/python3.5/site-packages/numpy/linalg/lapack_lite.cpython-35m-x86_64-linux-gnu.so
7f971e19d000-7f971e39d000 ---p 00004000 00:21 870                        /home/install/iaa.env/lib/python3.5/site-packages/numpy/linalg/lapack_lite.cpython-35m-x86_64-linux-gnu.so
7f971e39d000-7f971e39e000 rw-p 00004000 00:21 870                        /home/install/iaa.env/lib/python3.5/site-packages/numpy/linalg/lapack_lite.cpython-35m-x86_64-linux-gnu.so
7f971e39e000-7f971e39f000 rw-p 00005000 00:21 870                        /home/install/iaa.env/lib/python3.5/site-packages/numpy/linalg/lapack_lite.cpython-35m-x86_64-linux-gnu.so
7f971e39f000-7f971e3a0000 rw-p 00006000 00:21 870                        /home/install/iaa.env/lib/python3.5/site-packages/numpy/linalg/lapack_lite.cpython-35m-x86_64-linux-gnu.so
7f971e3a1000-7f971e421000 rw-p 00000000 00:00 0 
7f971e421000-7f971e63b000 r-xp 00000000 00:21 844                        /lib/x86_64-linux-gnu/libcrypto.so.1.0.0
7f971e63b000-7f971e83a000 ---p 0021a000 00:21 844                        /lib/x86_64-linux-gnu/libcrypto.so.1.0.0
7f971e83a000-7f971e856000 r--p 00219000 00:21 844                        /lib/x86_64-linux-gnu/libcrypto.so.1.0.0
7f971e856000-7f971e862000 rw-p 00235000 00:21 844                        /lib/x86_64-linux-gnu/libcrypto.so.1.0.0
7f971e862000-7f971e865000 rw-p 00000000 00:00 0 
7f971e869000-7f971e86e000 r-xp 00000000 00:21 324                        /usr/lib/python3.5/lib-dynload/_hashlib.cpython-35m-x86_64-linux-gnu.so
7f971e86e000-7f971ea6e000 ---p 00005000 00:21 324                        /usr/lib/python3.5/lib-dynload/_hashlib.cpython-35m-x86_64-linux-gnu.so
7f971ea6e000-7f971ea6f000 r--p 00005000 00:21 324                        /usr/lib/python3.5/lib-dynload/_hashlib.cpython-35m-x86_64-linux-gnu.so
7f971ea6f000-7f971ea70000 rw-p 00006000 00:21 324                        /usr/lib/python3.5/lib-dynload/_hashlib.cpython-35m-x86_64-linux-gnu.so
7f971ea71000-7f971eab1000 rw-p 00000000 00:00 0 
7f971eab1000-7f971ead2000 r-xp 00000000 00:21 840                        /lib/x86_64-linux-gnu/liblzma.so.5.0.0
7f971ead2000-7f971ecd1000 ---p 00021000 00:21 840                        /lib/x86_64-linux-gnu/liblzma.so.5.0.0
7f971ecd1000-7f971ecd2000 r--p 00020000 00:21 840                        /lib/x86_64-linux-gnu/liblzma.so.5.0.0
7f971ecd2000-7f971ecd3000 rw-p 00021000 00:21 840                        /lib/x86_64-linux-gnu/liblzma.so.5.0.0
7f971ecd9000-7f971ece0000 r-xp 00000000 00:21 302                        /usr/lib/python3.5/lib-dynload/_lzma.cpython-35m-x86_64-linux-gnu.so
7f971ece0000-7f971eedf000 ---p 00007000 00:21 302                        /usr/lib/python3.5/lib-dynload/_lzma.cpython-35m-x86_64-linux-gnu.so
7f971eedf000-7f971eee0000 r--p 00006000 00:21 302                        /usr/lib/python3.5/lib-dynload/_lzma.cpython-35m-x86_64-linux-gnu.so
7f971eee0000-7f971eee2000 rw-p 00007000 00:21 302                        /usr/lib/python3.5/lib-dynload/_lzma.cpython-35m-x86_64-linux-gnu.so
7f971eee9000-7f971eef8000 r-xp 00000000 00:21 837                        /lib/x86_64-linux-gnu/libbz2.so.1.0.4
7f971eef8000-7f971f0f7000 ---p 0000f000 00:21 837                        /lib/x86_64-linux-gnu/libbz2.so.1.0.4
7f971f0f7000-7f971f0f8000 r--p 0000e000 00:21 837                        /lib/x86_64-linux-gnu/libbz2.so.1.0.4
7f971f0f8000-7f971f0f9000 rw-p 0000f000 00:21 837                        /lib/x86_64-linux-gnu/libbz2.so.1.0.4
7f971f0f9000-7f971f0fd000 r-xp 00000000 00:21 301                        /usr/lib/python3.5/lib-dynload/_bz2.cpython-35m-x86_64-linux-gnu.so
7f971f0fd000-7f971f2fc000 ---p 00004000 00:21 301                        /usr/lib/python3.5/lib-dynload/_bz2.cpython-35m-x86_64-linux-gnu.so
7f971f2fc000-7f971f2fd000 r--p 00003000 00:21 301                        /usr/lib/python3.5/lib-dynload/_bz2.cpython-35m-x86_64-linux-gnu.so
7f971f2fd000-7f971f2fe000 rw-p 00004000 00:21 301                        /usr/lib/python3.5/lib-dynload/_bz2.cpython-35m-x86_64-linux-gnu.so
7f971f301000-7f971f401000 rw-p 00000000 00:00 0 
7f971f401000-7f971f423000 r-xp 00000000 00:21 333                        /usr/lib/python3.5/lib-dynload/_ctypes.cpython-35m-x86_64-linux-gnu.so
7f971f423000-7f971f622000 ---p 00022000 00:21 333                        /usr/lib/python3.5/lib-dynload/_ctypes.cpython-35m-x86_64-linux-gnu.so
7f971f622000-7f971f623000 r--p 00021000 00:21 333                        /usr/lib/python3.5/lib-dynload/_ctypes.cpython-35m-x86_64-linux-gnu.so
7f971f623000-7f971f627000 rw-p 00022000 00:21 333                        /usr/lib/python3.5/lib-dynload/_ctypes.cpython-35m-x86_64-linux-gnu.so
7f971f627000-7f971f628000 rw-p 00000000 00:00 0 
7f971f629000-7f971f769000 rw-p 00000000 00:00 0 
7f971f769000-7f971f8fa000 r-xp 00000000 00:21 698                        /home/install/iaa.env/lib/python3.5/site-packages/numpy/core/umath.cpython-35m-x86_64-linux-gnu.so
7f971f8fa000-7f971fafa000 ---p 00191000 00:21 698                        /home/install/iaa.env/lib/python3.5/site-packages/numpy/core/umath.cpython-35m-x86_64-linux-gnu.so
7f971fafa000-7f971fb00000 rw-p 00191000 00:21 698                        /home/install/iaa.env/lib/python3.5/site-packages/numpy/core/umath.cpython-35m-x86_64-linux-gnu.so
7f971fb00000-7f971fb02000 rw-p 00000000 00:00 0 
7f971fb09000-7f971fb49000 rw-p 00000000 00:00 0 
7f971fb49000-7f971fc39000 r-xp 00000000 00:21 729                        /home/install/iaa.env/lib/python3.5/site-packages/numpy/.libs/libgfortran-ed201abd.so.3.0.0
7f971fc39000-7f971fe38000 ---p 000f0000 00:21 729                        /home/install/iaa.env/lib/python3.5/site-packages/numpy/.libs/libgfortran-ed201abd.so.3.0.0
7f971fe38000-7f971fe3a000 rw-p 000ef000 00:21 729                        /home/install/iaa.env/lib/python3.5/site-packages/numpy/.libs/libgfortran-ed201abd.so.3.0.0
7f971fe3a000-7f971fe3b000 rw-p 00000000 00:00 0 
7f971fe3b000-7f971fe43000 rw-p 000f2000 00:21 729                        /home/install/iaa.env/lib/python3.5/site-packages/numpy/.libs/libgfortran-ed201abd.so.3.0.0
7f971fe49000-7f972215d000 r-xp 00000000 00:21 728                        /home/install/iaa.env/lib/python3.5/site-packages/numpy/.libs/libopenblasp-r0-39a31c03.2.18.so
7f972215d000-7f972235c000 ---p 02314000 00:21 728                        /home/install/iaa.env/lib/python3.5/site-packages/numpy/.libs/libopenblasp-r0-39a31c03.2.18.so
7f972235c000-7f972237b000 rw-p 02313000 00:21 728                        /home/install/iaa.env/lib/python3.5/site-packages/numpy/.libs/libopenblasp-r0-39a31c03.2.18.so
7f972237b000-7f97223de000 rw-p 00000000 00:00 0 
7f97223de000-7f9722436000 rw-p 02425000 00:21 728                        /home/install/iaa.env/lib/python3.5/site-packages/numpy/.libs/libopenblasp-r0-39a31c03.2.18.so
7f9722436000-7f9722474000 rw-p 0247d000 00:21 728                        /home/install/iaa.env/lib/python3.5/site-packages/numpy/.libs/libopenblasp-r0-39a31c03.2.18.so
7f9722479000-7f9722651000 r-xp 00000000 00:21 712                        /home/install/iaa.env/lib/python3.5/site-packages/numpy/core/multiarray.cpython-35m-x86_64-linux-gnu.so
7f9722651000-7f9722851000 ---p 001d8000 00:21 712                        /home/install/iaa.env/lib/python3.5/site-packages/numpy/core/multiarray.cpython-35m-x86_64-linux-gnu.so
7f9722851000-7f972286a000 rw-p 001d8000 00:21 712                        /home/install/iaa.env/lib/python3.5/site-packages/numpy/core/multiarray.cpython-35m-x86_64-linux-gnu.so
7f972286a000-7f9722882000 rw-p 00000000 00:00 0 
7f9722882000-7f9722885000 rw-p 001f2000 00:21 712                        /home/install/iaa.env/lib/python3.5/site-packages/numpy/core/multiarray.cpython-35m-x86_64-linux-gnu.so
7f9722885000-7f9722888000 rw-p 001f5000 00:21 712                        /home/install/iaa.env/lib/python3.5/site-packages/numpy/core/multiarray.cpython-35m-x86_64-linux-gnu.so
7f972288b000-7f97228cb000 rw-p 00000000 00:00 0 
7f97228f1000-7f9722931000 rw-p 00000000 00:00 0 
7f9722931000-7f9722938000 r-xp 00000000 00:21 318                        /usr/lib/python3.5/lib-dynload/_csv.cpython-35m-x86_64-linux-gnu.so
7f9722938000-7f9722b38000 ---p 00007000 00:21 318                        /usr/lib/python3.5/lib-dynload/_csv.cpython-35m-x86_64-linux-gnu.so
7f9722b38000-7f9722b39000 r--p 00007000 00:21 318                        /usr/lib/python3.5/lib-dynload/_csv.cpython-35m-x86_64-linux-gnu.so
7f9722b39000-7f9722b3b000 rw-p 00008000 00:21 318                        /usr/lib/python3.5/lib-dynload/_csv.cpython-35m-x86_64-linux-gnu.so
7f9722b41000-7f9722bc1000 rw-p 00000000 00:00 0 
7f9722bc1000-7f9722be6000 r-xp 00000000 00:21 38                         /lib/x86_64-linux-gnu/libtinfo.so.5.9
7f9722be6000-7f9722de5000 ---p 00025000 00:21 38                         /lib/x86_64-linux-gnu/libtinfo.so.5.9
7f9722de5000-7f9722de9000 r--p 00024000 00:21 38                         /lib/x86_64-linux-gnu/libtinfo.so.5.9
7f9722de9000-7f9722dea000 rw-p 00028000 00:21 38                         /lib/x86_64-linux-gnu/libtinfo.so.5.9
7f9722df1000-7f9722e2e000 r-xp 00000000 00:21 600                        /lib/x86_64-linux-gnu/libreadline.so.6.3
7f9722e2e000-7f972302e000 ---p 0003d000 00:21 600                        /lib/x86_64-linux-gnu/libreadline.so.6.3
7f972302e000-7f9723030000 r--p 0003d000 00:21 600                        /lib/x86_64-linux-gnu/libreadline.so.6.3
7f9723030000-7f9723036000 rw-p 0003f000 00:21 600                        /lib/x86_64-linux-gnu/libreadline.so.6.3
7f9723036000-7f9723037000 rw-p 00000000 00:00 0 
7f9723039000-7f972303f000 r-xp 00000000 00:21 330                        /usr/lib/python3.5/lib-dynload/readline.cpython-35m-x86_64-linux-gnu.so
7f972303f000-7f972323e000 ---p 00006000 00:21 330                        /usr/lib/python3.5/lib-dynload/readline.cpython-35m-x86_64-linux-gnu.so
7f972323e000-7f972323f000 r--p 00005000 00:21 330                        /usr/lib/python3.5/lib-dynload/readline.cpython-35m-x86_64-linux-gnu.so
7f972323f000-7f9723241000 rw-p 00006000 00:21 330                        /usr/lib/python3.5/lib-dynload/readline.cpython-35m-x86_64-linux-gnu.so
7f9723241000-7f9723349000 r-xp 00000000 00:21 84                         /lib/x86_64-linux-gnu/libm-2.23.so
7f9723349000-7f9723548000 ---p 00108000 00:21 84                         /lib/x86_64-linux-gnu/libm-2.23.so
7f9723548000-7f9723549000 r--p 00107000 00:21 84                         /lib/x86_64-linux-gnu/libm-2.23.so
7f9723549000-7f972354a000 rw-p 00108000 00:21 84                         /lib/x86_64-linux-gnu/libm-2.23.so
7f9723551000-7f972356a000 r-xp 00000000 00:21 82                         /lib/x86_64-linux-gnu/libz.so.1.2.8
7f972356a000-7f9723769000 ---p 00019000 00:21 82                         /lib/x86_64-linux-gnu/libz.so.1.2.8
7f9723769000-7f972376a000 r--p 00018000 00:21 82                         /lib/x86_64-linux-gnu/libz.so.1.2.8
7f972376a000-7f972376b000 rw-p 00019000 00:21 82                         /lib/x86_64-linux-gnu/libz.so.1.2.8
7f9723771000-7f9723797000 r-xp 00000000 00:21 80                         /lib/x86_64-linux-gnu/libexpat.so.1.6.0
7f9723797000-7f9723997000 ---p 00026000 00:21 80                         /lib/x86_64-linux-gnu/libexpat.so.1.6.0
7f9723997000-7f9723999000 r--p 00026000 00:21 80                         /lib/x86_64-linux-gnu/libexpat.so.1.6.0
7f9723999000-7f972399a000 rw-p 00028000 00:21 80                         /lib/x86_64-linux-gnu/libexpat.so.1.6.0
7f97239a1000-7f97239a3000 r-xp 00000000 00:21 78                         /lib/x86_64-linux-gnu/libutil-2.23.so
7f97239a3000-7f9723ba2000 ---p 00002000 00:21 78                         /lib/x86_64-linux-gnu/libutil-2.23.so
7f9723ba2000-7f9723ba3000 r--p 00001000 00:21 78                         /lib/x86_64-linux-gnu/libutil-2.23.so
7f9723ba3000-7f9723ba4000 rw-p 00002000 00:21 78                         /lib/x86_64-linux-gnu/libutil-2.23.so
7f9723ba9000-7f9723bac000 r-xp 00000000 00:21 40                         /lib/x86_64-linux-gnu/libdl-2.23.so
7f9723bac000-7f9723dab000 ---p 00003000 00:21 40                         /lib/x86_64-linux-gnu/libdl-2.23.so
7f9723dab000-7f9723dac000 r--p 00002000 00:21 40                         /lib/x86_64-linux-gnu/libdl-2.23.so
7f9723dac000-7f9723dad000 rw-p 00003000 00:21 40                         /lib/x86_64-linux-gnu/libdl-2.23.so
7f9723db1000-7f9723f71000 r-xp 00000000 00:21 42                         /lib/x86_64-linux-gnu/libc-2.23.so
7f9723f71000-7f9724171000 ---p 001c0000 00:21 42                         /lib/x86_64-linux-gnu/libc-2.23.so
7f9724171000-7f9724175000 r--p 001c0000 00:21 42                         /lib/x86_64-linux-gnu/libc-2.23.so
7f9724175000-7f9724177000 rw-p 001c4000 00:21 42                         /lib/x86_64-linux-gnu/libc-2.23.so
7f9724177000-7f972417b000 rw-p 00000000 00:00 0 
7f9724181000-7f9724199000 r-xp 00000000 00:21 76                         /lib/x86_64-linux-gnu/libpthread-2.23.so
7f9724199000-7f9724398000 ---p 00018000 00:21 76                         /lib/x86_64-linux-gnu/libpthread-2.23.so
7f9724398000-7f9724399000 r--p 00017000 00:21 76                         /lib/x86_64-linux-gnu/libpthread-2.23.so
7f9724399000-7f972439a000 rw-p 00018000 00:21 76                         /lib/x86_64-linux-gnu/libpthread-2.23.so
7f972439a000-7f972439e000 rw-p 00000000 00:00 0 
7f97243a1000-7f97243c7000 r-xp 00000000 00:21 35                         /lib/x86_64-linux-gnu/ld-2.23.so
7f97243cc000-7f972444c000 rw-p 00000000 00:00 0 
7f972446c000-7f972446f000 r--s 00013000 00:21 1110                       /home/install/target/DKProFromPyjnius-1.0-SNAPSHOT.jar
7f9724471000-7f9724479000 rw-s 00000000 00:21 1088                       /tmp/hsperfdata_root/46
7f972447d000-7f97245c1000 rw-p 00000000 00:00 0 
7f97245c2000-7f97245c3000 rw-p 00000000 00:00 0 
7f97245c3000-7f97245c4000 r--p 00000000 00:00 0 
7f97245c4000-7f97245c5000 rwxp 00000000 00:00 0 
7f97245c5000-7f97245c6000 rw-p 00000000 00:00 0 
7f97245c6000-7f97245c7000 r--p 00025000 00:21 35                         /lib/x86_64-linux-gnu/ld-2.23.so
7f97245c7000-7f97245c8000 rw-p 00026000 00:21 35                         /lib/x86_64-linux-gnu/ld-2.23.so
7f97245c8000-7f97245ca000 rw-p 00000000 00:00 0 
7ffe7abb5000-7ffe7abb8000 ---p 00000000 00:00 0 
7ffe7abb8000-7ffe7acb5000 rw-p 00000000 00:00 0                          [stack]
7ffe7ad01000-7ffe7ad04000 r--p 00000000 00:00 0                          [vvar]
7ffe7ad04000-7ffe7ad06000 r-xp 00000000 00:00 0                          [vdso]
ffffffffff600000-ffffffffff601000 r-xp 00000000 00:00 0                  [vsyscall]

VM Arguments:
java_command: <unknown>
java_class_path (initial): /home/install/target/DKProFromPyjnius-1.0-SNAPSHOT.jar:/home/install/iaa.env/lib/python3.5/site-packages/pyjnius-1.1.2.dev0-py3.5-linux-x86_64.egg/jnius/src
Launcher Type: generic

Environment Variables:
JAVA_HOME=/usr/lib/jvm/java-8-oracle/
CLASSPATH=/home/install/target/DKProFromPyjnius-1.0-SNAPSHOT.jar
PATH=/home/install/iaa.env/bin:/usr/local/sbin:/usr/local/bin:/usr/sbin:/usr/bin:/sbin:/bin

Signal Handlers:
SIGSEGV: [libjvm.so+0xad01e0], sa_mask[0]=11111111011111111101111111111110, sa_flags=SA_RESTART|SA_SIGINFO
SIGBUS: [libjvm.so+0xad01e0], sa_mask[0]=11111111011111111101111111111110, sa_flags=SA_RESTART|SA_SIGINFO
SIGFPE: [libjvm.so+0x927fb0], sa_mask[0]=11111111011111111101111111111110, sa_flags=SA_RESTART|SA_SIGINFO
SIGPIPE: [libjvm.so+0x927fb0], sa_mask[0]=11111111011111111101111111111110, sa_flags=SA_RESTART|SA_SIGINFO
SIGXFSZ: [libjvm.so+0x927fb0], sa_mask[0]=11111111011111111101111111111110, sa_flags=SA_RESTART|SA_SIGINFO
SIGILL: [libjvm.so+0x927fb0], sa_mask[0]=11111111011111111101111111111110, sa_flags=SA_RESTART|SA_SIGINFO
SIGUSR1: SIG_DFL, sa_mask[0]=00000000000000000000000000000000, sa_flags=none
SIGUSR2: [libjvm.so+0x9297f0], sa_mask[0]=00000000000000000000000000000000, sa_flags=SA_RESTART|SA_SIGINFO
SIGHUP: [libjvm.so+0x92abf0], sa_mask[0]=11111111011111111101111111111110, sa_flags=SA_RESTART|SA_SIGINFO
SIGINT: [libjvm.so+0x92abf0], sa_mask[0]=11111111011111111101111111111110, sa_flags=SA_RESTART|SA_SIGINFO
SIGTERM: [libjvm.so+0x92abf0], sa_mask[0]=11111111011111111101111111111110, sa_flags=SA_RESTART|SA_SIGINFO
SIGQUIT: [libjvm.so+0x92abf0], sa_mask[0]=11111111011111111101111111111110, sa_flags=SA_RESTART|SA_SIGINFO


---------------  S Y S T E M  ---------------

OS:DISTRIB_ID=Ubuntu
DISTRIB_RELEASE=16.04
DISTRIB_CODENAME=xenial
DISTRIB_DESCRIPTION="Ubuntu 16.04.3 LTS"

uname:Linux 4.4.119-boot2docker #1 SMP Wed Feb 28 17:44:37 UTC 2018 x86_64
libc:glibc 2.23 NPTL 2.23 
rlimit: STACK 8192k, CORE 0k, NPROC 1048576, NOFILE 1048576, AS infinity
load average:0.22 0.05 0.02

/proc/meminfo:
MemTotal:        1019720 kB
MemFree:          632880 kB
MemAvailable:     615728 kB
Buffers:           17424 kB
Cached:           257292 kB
SwapCached:            0 kB
Active:           202512 kB
Inactive:         139008 kB
Active(anon):     146240 kB
Inactive(anon):   132288 kB
Active(file):      56272 kB
Inactive(file):     6720 kB
Unevictable:           0 kB
Mlocked:               0 kB
SwapTotal:       1180536 kB
SwapFree:        1180536 kB
Dirty:                64 kB
Writeback:             0 kB
AnonPages:         66804 kB
Mapped:            80908 kB
Shmem:            211728 kB
Slab:              28812 kB
SReclaimable:      15324 kB
SUnreclaim:        13488 kB
KernelStack:        2896 kB
PageTables:         1604 kB
NFS_Unstable:          0 kB
Bounce:                0 kB
WritebackTmp:          0 kB
CommitLimit:     1690396 kB
Committed_AS:     515620 kB
VmallocTotal:   34359738367 kB
VmallocUsed:           0 kB
VmallocChunk:          0 kB
AnonHugePages:     20480 kB
HugePages_Total:       0
HugePages_Free:        0
HugePages_Rsvd:        0
HugePages_Surp:        0
Hugepagesize:       2048 kB
DirectMap4k:       38848 kB
DirectMap2M:     1009664 kB


CPU:total 1 (initial active 1) (1 cores per cpu, 1 threads per core) family 21 model 96 stepping 1, cmov, cx8, fxsr, mmx, sse, sse2, sse3, ssse3, sse4.1, sse4.2, popcnt, avx, avx2, aes, clmul, mmxext, lzcnt, sse4a, tsc

/proc/cpuinfo:
processor	: 0
vendor_id	: AuthenticAMD
cpu family	: 21
model		: 96
model name	: AMD A10-8700P Radeon R6, 10 Compute Cores 4C+6G
stepping	: 1
microcode	: 0x6000626
cpu MHz		: 1796.626
cache size	: 1024 KB
physical id	: 0
siblings	: 1
core id		: 0
cpu cores	: 1
apicid		: 0
initial apicid	: 0
fpu		: yes
fpu_exception	: yes
cpuid level	: 13
wp		: yes
flags		: fpu vme de pse tsc msr pae mce cx8 apic sep mtrr pge mca cmov pat pse36 clflush mmx fxsr sse sse2 syscall nx mmxext fxsr_opt rdtscp lm rep_good nopl extd_apicid pni pclmulqdq monitor ssse3 cx16 sse4_1 sse4_2 movbe popcnt aes xsave avx rdrand hypervisor lahf_lm cr8_legacy abm sse4a misalignsse 3dnowprefetch arat rsb_ctxsw retpoline vmmcall avx2
bugs		: fxsave_leak sysret_ss_attrs spectre_v1 spectre_v2
bogomips	: 3593.25
TLB size	: 1536 4K pages
clflush size	: 64
cache_alignment	: 64
address sizes	: 48 bits physical, 48 bits virtual
power management:



Memory: 4k page, physical 1019720k(632880k free), swap 1180536k(1180536k free)

vm_info: Java HotSpot(TM) 64-Bit Server VM (25.161-b12) for linux-amd64 JRE (1.8.0_161-b12), built on Dec 19 2017 16:12:43 by "java_re" with gcc 4.3.0 20080428 (Red Hat 4.3.0-8)

time: Thu Apr 19 04:29:01 2018
elapsed time: 9 seconds (0d 0h 0m 9s)

