#
# A fatal error has been detected by the Java Runtime Environment:
#
#  SIGSEGV (0xb) at pc=0x00007fe66f465eef, pid=35, tid=0x00007fe6771be700
#
# JRE version: Java(TM) SE Runtime Environment (8.0_161-b12) (build 1.8.0_161-b12)
# Java VM: Java HotSpot(TM) 64-Bit Server VM (25.161-b12 mixed mode linux-amd64 compressed oops)
# Problematic frame:
# V  [libjvm.so+0x6e4eef]  jni_GetObjectClass+0x17f
#
# Failed to write core dump. Core dumps have been disabled. To enable core dumping, try "ulimit -c unlimited" before starting Java again
#
# If you would like to submit a bug report, please visit:
#   http://bugreport.java.com/bugreport/crash.jsp
#

---------------  T H R E A D  ---------------

Current thread (0x0000000001cf5000):  JavaThread "main" [_thread_in_vm, id=35, stack(0x00007ffd3b40c000,0x00007ffd3b50c000)]

siginfo: si_signo: 11 (SIGSEGV), si_code: 1 (SEGV_MAPERR), si_addr: 0x0000000000000009

Registers:
RAX=0x00007fe66fd1d300, RBX=0x0000000001cf5000, RCX=0x7463656a624f2f67, RDX=0x0000000000000001
RSP=0x00007ffd3b509aa0, RBP=0x00007ffd3b509b00, RSI=0x0000000001cf5000, RDI=0x00007ffd3b509aa0
R8 =0x000000000000006a, R9 =0x00007fe66ebafd68, R10=0x0000000000000001, R11=0x00007fe676b45f90
R12=0x00007ffd3b509aa0, R13=0x0000000001cf51f8, R14=0x0000000001e2bfa8, R15=0x00007fe66fd51680
RIP=0x00007fe66f465eef, EFLAGS=0x0000000000010202, CSGSFS=0x0000000000000033, ERR=0x0000000000000004
  TRAPNO=0x000000000000000e

Top of Stack: (sp=0x00007ffd3b509aa0)
0x00007ffd3b509aa0:   0000000001cf5000 0000000000000000
0x00007ffd3b509ab0:   00007fe66eba5388 000000000057281c
0x00007ffd3b509ac0:   0000000001cf5000 00007fe6700bcbc8
0x00007ffd3b509ad0:   00007fe66ebafcd8 0000000001cf51f8
0x00007ffd3b509ae0:   00007fe66ebafcd8 00007fe66eba5388
0x00007ffd3b509af0:   0000000000000000 00007fe66ebafcd8
0x00007ffd3b509b00:   0000000000000001 00007fe66fe53f74
0x00007ffd3b509b10:   00007fe66ebafd20 0000000000000001
0x00007ffd3b509b20:   00007fe66ebafcd8 00007fe66eba5388
0x00007ffd3b509b30:   0000000000000000 00007fe66fe51b38
0x00007ffd3b509b40:   0000000001e2bfa8 0000000001cf51f8
0x00007ffd3b509b50:   0000000001cf5000 0000000000000000
0x00007ffd3b509b60:   0000000001cf51f8 000000000054e8b9
0x00007ffd3b509b70:   00007fe6700bca88 0000000000000001
0x00007ffd3b509b80:   0000000001cf5000 54ec77e00394e700
0x00007ffd3b509b90:   0000000000000010 00007fe6770d31f0
0x00007ffd3b509ba0:   0000000000a40060 0000000001cf51f8
0x00007ffd3b509bb0:   00007fe66eba5388 0000000000000000
0x00007ffd3b509bc0:   00007fe66ebafcd8 00007fe66fe51147
0x00007ffd3b509bd0:   00007fe66ebaaa50 0000000001e2bff0
0x00007ffd3b509be0:   0000000000000005 00007fe66ebafc90
0x00007ffd3b509bf0:   0000000000000000 0000000001e2bfa8
0x00007ffd3b509c00:   0000000000000013 54ec77e00394e700
0x00007ffd3b509c10:   0000000000000012 00007fe66ebaaa50
0x00007ffd3b509c20:   00007fe66eba5548 0000000000000000
0x00007ffd3b509c30:   0000000000000000 00007fe675766e10
0x00007ffd3b509c40:   0000000000000001 00007fe66fe59904
0x00007ffd3b509c50:   00007fe6770ef9e8 0000000000000000
0x00007ffd3b509c60:   0000000001ec3650 0000000001cf51f8
0x00007ffd3b509c70:   0000000001ec3650 00007fe66ebafcd8
0x00007ffd3b509c80:   0000000001ec3650 00007fe66ebb50a8
0x00007ffd3b509c90:   00007fe66ebb1588 00007fe675766e10 

Instructions: (pc=0x00007fe66f465eef)
0x00007fe66f465ecf:   90 83 ea 01 0f 84 9f 00 00 00 f0 83 04 24 00 e9
0x00007fe66f465edf:   05 ff ff ff 0f 1f 44 00 00 48 8b 05 41 82 89 00
0x00007fe66f465eef:   8b 52 08 8b 48 08 48 d3 e2 48 03 10 e9 3c ff ff
0x00007fe66f465eff:   ff 48 8b 05 89 b6 89 00 80 38 00 0f 84 d8 fe ff 

Register to memory mapping:

RAX=0x00007fe66fd1d300: <offset 0xf9c300> in /usr/lib/jvm/java-8-oracle/jre/lib/amd64/server/libjvm.so at 0x00007fe66ed81000
RBX=0x0000000001cf5000 is a thread
RCX=0x7463656a624f2f67 is an unknown value
RDX=0x0000000000000001 is an unknown value
RSP=0x00007ffd3b509aa0 is pointing into the stack for thread: 0x0000000001cf5000
RBP=0x00007ffd3b509b00 is pointing into the stack for thread: 0x0000000001cf5000
RSI=0x0000000001cf5000 is a thread
RDI=0x00007ffd3b509aa0 is pointing into the stack for thread: 0x0000000001cf5000
R8 =0x000000000000006a is an unknown value
R9 =0x00007fe66ebafd68 is an unknown value
R10=0x0000000000000001 is an unknown value
R11=0x00007fe676b45f90: <offset 0x194f90> in /lib/x86_64-linux-gnu/libc.so.6 at 0x00007fe6769b1000
R12=0x00007ffd3b509aa0 is pointing into the stack for thread: 0x0000000001cf5000
R13=0x0000000001cf51f8 is an unknown value
R14=0x0000000001e2bfa8 is an unknown value
R15=0x00007fe66fd51680: <offset 0xfd0680> in /usr/lib/jvm/java-8-oracle/jre/lib/amd64/server/libjvm.so at 0x00007fe66ed81000


Stack: [0x00007ffd3b40c000,0x00007ffd3b50c000],  sp=0x00007ffd3b509aa0,  free space=1014k
Native frames: (J=compiled Java code, j=interpreted, Vv=VM code, C=native code)
V  [libjvm.so+0x6e4eef]  jni_GetObjectClass+0x17f
C  [jnius.cpython-35m-x86_64-linux-gnu.so+0x52f74]  __pyx_f_5jnius_lookup_java_object_name+0x14


---------------  P R O C E S S  ---------------

Java Threads: ( => current thread )
  0x0000000001e6c000 JavaThread "Service Thread" daemon [_thread_blocked, id=44, stack(0x00007fe65d4d6000,0x00007fe65d5d7000)]
  0x0000000001e69000 JavaThread "C1 CompilerThread1" daemon [_thread_blocked, id=43, stack(0x00007fe65d5d7000,0x00007fe65d6d8000)]
  0x0000000001e67000 JavaThread "C2 CompilerThread0" daemon [_thread_blocked, id=42, stack(0x00007fe65d6d8000,0x00007fe65d7d9000)]
  0x0000000001e63000 JavaThread "Signal Dispatcher" daemon [_thread_blocked, id=41, stack(0x00007fe65d7d9000,0x00007fe65d8da000)]
  0x0000000001e33800 JavaThread "Finalizer" daemon [_thread_blocked, id=40, stack(0x00007fe65d8da000,0x00007fe65d9db000)]
  0x0000000001e2f000 JavaThread "Reference Handler" daemon [_thread_blocked, id=39, stack(0x00007fe65d9db000,0x00007fe65dadc000)]
=>0x0000000001cf5000 JavaThread "main" [_thread_in_vm, id=35, stack(0x00007ffd3b40c000,0x00007ffd3b50c000)]

Other Threads:
  0x0000000001e27800 VMThread [stack: 0x00007fe65dadc000,0x00007fe65dbdd000] [id=38]
  0x0000000001e71800 WatcherThread [stack: 0x00007fe65d3d5000,0x00007fe65d4d6000] [id=45]

VM state:not at safepoint (normal execution)

VM Mutex/Monitor currently owned by a thread: None

Heap:
 def new generation   total 4928K, used 974K [0x00000000f0600000, 0x00000000f0b50000, 0x00000000f5950000)
  eden space 4416K,  22% used [0x00000000f0600000, 0x00000000f06f3b48, 0x00000000f0a50000)
  from space 512K,   0% used [0x00000000f0a50000, 0x00000000f0a50000, 0x00000000f0ad0000)
  to   space 512K,   0% used [0x00000000f0ad0000, 0x00000000f0ad0000, 0x00000000f0b50000)
 tenured generation   total 10944K, used 0K [0x00000000f5950000, 0x00000000f6400000, 0x0000000100000000)
   the space 10944K,   0% used [0x00000000f5950000, 0x00000000f5950000, 0x00000000f5950200, 0x00000000f6400000)
 Metaspace       used 2993K, capacity 4600K, committed 4864K, reserved 1056768K
  class space    used 330K, capacity 424K, committed 512K, reserved 1048576K

Card table byte_map: [0x00007fe65e683000,0x00007fe65e701000] byte_map_base: 0x00007fe65df00000

Polling page: 0x00007fe6771c3000

CodeCache: size=245760Kb used=1155Kb max_used=1155Kb free=244605Kb
 bounds [0x00007fe65eac1000, 0x00007fe65ed31000, 0x00007fe66dac1000]
 total_blobs=287 nmethods=58 adapters=145
 compilation: enabled

Compilation events (10 events):
Event: 0.198 Thread 0x0000000001e69000   54       3       java.lang.Class$MethodArray::get (7 bytes)
Event: 0.199 Thread 0x0000000001e69000 nmethod 54 0x00007fe65ebe0410 code [0x00007fe65ebe0580, 0x00007fe65ebe06f0]
Event: 8.341 Thread 0x0000000001e69000   55       3       java.lang.AbstractStringBuilder::newCapacity (39 bytes)
Event: 8.342 Thread 0x0000000001e69000 nmethod 55 0x00007fe65ebe07d0 code [0x00007fe65ebe0960, 0x00007fe65ebe0d40]
Event: 8.343 Thread 0x0000000001e69000   56       1       java.net.URL::getPath (5 bytes)
Event: 8.344 Thread 0x0000000001e69000 nmethod 56 0x00007fe65ebe0e90 code [0x00007fe65ebe0fe0, 0x00007fe65ebe10f0]
Event: 8.344 Thread 0x0000000001e69000   57       1       java.net.URL::getAuthority (5 bytes)
Event: 8.344 Thread 0x0000000001e69000 nmethod 57 0x00007fe65ebe1150 code [0x00007fe65ebe12a0, 0x00007fe65ebe13b0]
Event: 8.351 Thread 0x0000000001e69000   58       3       java.lang.String::getChars (62 bytes)
Event: 8.352 Thread 0x0000000001e69000 nmethod 58 0x00007fe65ebe1410 code [0x00007fe65ebe15c0, 0x00007fe65ebe19f0]

GC Heap History (0 events):
No events

Deoptimization events (0 events):
No events

Classes redefined (0 events):
No events

Internal exceptions (4 events):
Event: 0.033 Thread 0x0000000001cf5000 Exception <a 'java/lang/NoSuchMethodError': Method sun.misc.Unsafe.defineClass(Ljava/lang/String;[BII)Ljava/lang/Class; name or signature does not match> (0x00000000f0607ca0) thrown at [/HUDSON/workspace/8-2-build-linux-amd64/jdk8u161/10277/hotspot/src/sh
Event: 0.033 Thread 0x0000000001cf5000 Exception <a 'java/lang/NoSuchMethodError': Method sun.misc.Unsafe.prefetchRead(Ljava/lang/Object;J)V name or signature does not match> (0x00000000f0607f88) thrown at [/HUDSON/workspace/8-2-build-linux-amd64/jdk8u161/10277/hotspot/src/share/vm/prims/jni.c
Event: 8.351 Thread 0x0000000001cf5000 Implicit null exception at 0x00007fe65ebce212 to 0x00007fe65ebce2e3
Event: 8.351 Thread 0x0000000001cf5000 Exception <a 'java/lang/NullPointerException'> (0x00000000f06e6ad0) thrown at [/HUDSON/workspace/8-2-build-linux-amd64/jdk8u161/10277/hotspot/src/share/vm/runtime/sharedRuntime.cpp, line 605]

Events (10 events):
Event: 0.195 loading class org/dkpro/statistics/agreement/distance/OrdinalDistanceFunction
Event: 0.195 loading class org/dkpro/statistics/agreement/distance/OrdinalDistanceFunction done
Event: 4.132 Executing VM operation: EnableBiasedLocking
Event: 4.132 Executing VM operation: EnableBiasedLocking done
Event: 8.339 loading class java/util/LinkedHashSet
Event: 8.339 loading class java/util/LinkedHashSet done
Event: 8.339 loading class org/dkpro/statistics/agreement/coding/CodingAnnotationItem
Event: 8.339 loading class org/dkpro/statistics/agreement/coding/CodingAnnotationItem done
Event: 8.341 loading class org/dkpro/statistics/agreement/AnnotationUnit
Event: 8.341 loading class org/dkpro/statistics/agreement/AnnotationUnit done


Dynamic libraries:
00400000-007a9000 r-xp 00000000 00:21 74                                 /home/install/iaa.env/bin/python3
009a9000-009ab000 r--p 003a9000 00:21 74                                 /home/install/iaa.env/bin/python3
009ab000-00a42000 rw-p 003ab000 00:21 74                                 /home/install/iaa.env/bin/python3
00a42000-00a73000 rw-p 00000000 00:00 0 
0163d000-01efd000 rw-p 00000000 00:00 0                                  [heap]
f0600000-f0b50000 rw-p 00000000 00:00 0 
f0b50000-f5950000 ---p 00000000 00:00 0 
f5950000-f6400000 rw-p 00000000 00:00 0 
f6400000-100000000 ---p 00000000 00:00 0 
100000000-100080000 rw-p 00000000 00:00 0 
100080000-140000000 ---p 00000000 00:00 0 
7fe638000000-7fe638021000 rw-p 00000000 00:00 0 
7fe638021000-7fe63c000000 ---p 00000000 00:00 0 
7fe640000000-7fe640057000 rw-p 00000000 00:00 0 
7fe640057000-7fe644000000 ---p 00000000 00:00 0 
7fe644000000-7fe644021000 rw-p 00000000 00:00 0 
7fe644021000-7fe648000000 ---p 00000000 00:00 0 
7fe648000000-7fe648021000 rw-p 00000000 00:00 0 
7fe648021000-7fe64c000000 ---p 00000000 00:00 0 
7fe64c000000-7fe64c05b000 rw-p 00000000 00:00 0 
7fe64c05b000-7fe650000000 ---p 00000000 00:00 0 
7fe650000000-7fe650021000 rw-p 00000000 00:00 0 
7fe650021000-7fe654000000 ---p 00000000 00:00 0 
7fe654000000-7fe654021000 rw-p 00000000 00:00 0 
7fe654021000-7fe658000000 ---p 00000000 00:00 0 
7fe658000000-7fe658021000 rw-p 00000000 00:00 0 
7fe658021000-7fe65c000000 ---p 00000000 00:00 0 
7fe65d0b3000-7fe65d33b000 rw-p 00000000 00:00 0 
7fe65d33b000-7fe65d3d1000 r--s 0110a000 00:21 1105                       /usr/lib/jvm/java-8-oracle/jre/lib/ext/jfxrt.jar
7fe65d3d5000-7fe65d3d6000 ---p 00000000 00:00 0 
7fe65d3d6000-7fe65d4d6000 rw-p 00000000 00:00 0 
7fe65d4d6000-7fe65d4d9000 ---p 00000000 00:00 0 
7fe65d4d9000-7fe65d5d7000 rw-p 00000000 00:00 0 
7fe65d5d7000-7fe65d5da000 ---p 00000000 00:00 0 
7fe65d5da000-7fe65d6d8000 rw-p 00000000 00:00 0 
7fe65d6d8000-7fe65d6db000 ---p 00000000 00:00 0 
7fe65d6db000-7fe65d7d9000 rw-p 00000000 00:00 0 
7fe65d7d9000-7fe65d7dc000 ---p 00000000 00:00 0 
7fe65d7dc000-7fe65d8da000 rw-p 00000000 00:00 0 
7fe65d8da000-7fe65d8dd000 ---p 00000000 00:00 0 
7fe65d8dd000-7fe65d9db000 rw-p 00000000 00:00 0 
7fe65d9db000-7fe65d9de000 ---p 00000000 00:00 0 
7fe65d9de000-7fe65dadc000 rw-p 00000000 00:00 0 
7fe65dadc000-7fe65dadd000 ---p 00000000 00:00 0 
7fe65dadd000-7fe65dbdd000 rw-p 00000000 00:00 0 
7fe65dbdd000-7fe65ddb6000 r--s 03d64000 00:21 1091                       /usr/lib/jvm/java-8-oracle/jre/lib/rt.jar
7fe65ddb9000-7fe65e26f000 rw-p 00000000 00:00 0 
7fe65e26f000-7fe65e62f000 ---p 00000000 00:00 0 
7fe65e62f000-7fe65e635000 rw-p 00000000 00:00 0 
7fe65e635000-7fe65e683000 ---p 00000000 00:00 0 
7fe65e683000-7fe65e686000 rw-p 00000000 00:00 0 
7fe65e686000-7fe65e6ac000 ---p 00000000 00:00 0 
7fe65e6ac000-7fe65e6b2000 rw-p 00000000 00:00 0 
7fe65e6b2000-7fe65e700000 ---p 00000000 00:00 0 
7fe65e700000-7fe65e70b000 rw-p 00000000 00:00 0 
7fe65e70b000-7fe65eac1000 ---p 00000000 00:00 0 
7fe65eac1000-7fe65ed31000 rwxp 00000000 00:00 0 
7fe65ed31000-7fe66dac1000 ---p 00000000 00:00 0 
7fe66dac1000-7fe66dadc000 r-xp 00000000 00:21 1089                       /usr/lib/jvm/java-8-oracle/jre/lib/amd64/libzip.so
7fe66dadc000-7fe66dcdc000 ---p 0001b000 00:21 1089                       /usr/lib/jvm/java-8-oracle/jre/lib/amd64/libzip.so
7fe66dcdc000-7fe66dcdd000 rw-p 0001b000 00:21 1089                       /usr/lib/jvm/java-8-oracle/jre/lib/amd64/libzip.so
7fe66dce1000-7fe66dcec000 r-xp 00000000 00:21 54                         /lib/x86_64-linux-gnu/libnss_files-2.23.so
7fe66dcec000-7fe66deeb000 ---p 0000b000 00:21 54                         /lib/x86_64-linux-gnu/libnss_files-2.23.so
7fe66deeb000-7fe66deec000 r--p 0000a000 00:21 54                         /lib/x86_64-linux-gnu/libnss_files-2.23.so
7fe66deec000-7fe66deed000 rw-p 0000b000 00:21 54                         /lib/x86_64-linux-gnu/libnss_files-2.23.so
7fe66deed000-7fe66def3000 rw-p 00000000 00:00 0 
7fe66def9000-7fe66df04000 r-xp 00000000 00:21 52                         /lib/x86_64-linux-gnu/libnss_nis-2.23.so
7fe66df04000-7fe66e103000 ---p 0000b000 00:21 52                         /lib/x86_64-linux-gnu/libnss_nis-2.23.so
7fe66e103000-7fe66e104000 r--p 0000a000 00:21 52                         /lib/x86_64-linux-gnu/libnss_nis-2.23.so
7fe66e104000-7fe66e105000 rw-p 0000b000 00:21 52                         /lib/x86_64-linux-gnu/libnss_nis-2.23.so
7fe66e109000-7fe66e11f000 r-xp 00000000 00:21 50                         /lib/x86_64-linux-gnu/libnsl-2.23.so
7fe66e11f000-7fe66e31e000 ---p 00016000 00:21 50                         /lib/x86_64-linux-gnu/libnsl-2.23.so
7fe66e31e000-7fe66e31f000 r--p 00015000 00:21 50                         /lib/x86_64-linux-gnu/libnsl-2.23.so
7fe66e31f000-7fe66e320000 rw-p 00016000 00:21 50                         /lib/x86_64-linux-gnu/libnsl-2.23.so
7fe66e320000-7fe66e322000 rw-p 00000000 00:00 0 
7fe66e329000-7fe66e331000 r-xp 00000000 00:21 48                         /lib/x86_64-linux-gnu/libnss_compat-2.23.so
7fe66e331000-7fe66e530000 ---p 00008000 00:21 48                         /lib/x86_64-linux-gnu/libnss_compat-2.23.so
7fe66e530000-7fe66e531000 r--p 00007000 00:21 48                         /lib/x86_64-linux-gnu/libnss_compat-2.23.so
7fe66e531000-7fe66e532000 rw-p 00008000 00:21 48                         /lib/x86_64-linux-gnu/libnss_compat-2.23.so
7fe66e539000-7fe66e564000 r-xp 00000000 00:21 1084                       /usr/lib/jvm/java-8-oracle/jre/lib/amd64/libjava.so
7fe66e564000-7fe66e763000 ---p 0002b000 00:21 1084                       /usr/lib/jvm/java-8-oracle/jre/lib/amd64/libjava.so
7fe66e763000-7fe66e765000 rw-p 0002a000 00:21 1084                       /usr/lib/jvm/java-8-oracle/jre/lib/amd64/libjava.so
7fe66e769000-7fe66e776000 r-xp 00000000 00:21 1083                       /usr/lib/jvm/java-8-oracle/jre/lib/amd64/libverify.so
7fe66e776000-7fe66e976000 ---p 0000d000 00:21 1083                       /usr/lib/jvm/java-8-oracle/jre/lib/amd64/libverify.so
7fe66e976000-7fe66e978000 rw-p 0000d000 00:21 1083                       /usr/lib/jvm/java-8-oracle/jre/lib/amd64/libverify.so
7fe66e979000-7fe66e980000 r-xp 00000000 00:21 1082                       /lib/x86_64-linux-gnu/librt-2.23.so
7fe66e980000-7fe66eb7f000 ---p 00007000 00:21 1082                       /lib/x86_64-linux-gnu/librt-2.23.so
7fe66eb7f000-7fe66eb80000 r--p 00006000 00:21 1082                       /lib/x86_64-linux-gnu/librt-2.23.so
7fe66eb80000-7fe66eb81000 rw-p 00007000 00:21 1082                       /lib/x86_64-linux-gnu/librt-2.23.so
7fe66eb81000-7fe66ed81000 rw-p 00000000 00:00 0 
7fe66ed81000-7fe66fa5a000 r-xp 00000000 00:21 972                        /usr/lib/jvm/java-8-oracle/jre/lib/amd64/server/libjvm.so
7fe66fa5a000-7fe66fc59000 ---p 00cd9000 00:21 972                        /usr/lib/jvm/java-8-oracle/jre/lib/amd64/server/libjvm.so
7fe66fc59000-7fe66fd32000 rw-p 00cd8000 00:21 972                        /usr/lib/jvm/java-8-oracle/jre/lib/amd64/server/libjvm.so
7fe66fd32000-7fe66fd7e000 rw-p 00000000 00:00 0 
7fe66fd81000-7fe66fe01000 rw-p 00000000 00:00 0 
7fe66fe01000-7fe66fe7d000 r-xp 00000000 00:21 952                        /home/install/iaa.env/lib/python3.5/site-packages/pyjnius-1.1.2.dev0-py3.5-linux-x86_64.egg/jnius/jnius.cpython-35m-x86_64-linux-gnu.so
7fe66fe7d000-7fe67007c000 ---p 0007c000 00:21 952                        /home/install/iaa.env/lib/python3.5/site-packages/pyjnius-1.1.2.dev0-py3.5-linux-x86_64.egg/jnius/jnius.cpython-35m-x86_64-linux-gnu.so
7fe67007c000-7fe67007d000 r--p 0007b000 00:21 952                        /home/install/iaa.env/lib/python3.5/site-packages/pyjnius-1.1.2.dev0-py3.5-linux-x86_64.egg/jnius/jnius.cpython-35m-x86_64-linux-gnu.so
7fe67007d000-7fe670084000 rw-p 0007c000 00:21 952                        /home/install/iaa.env/lib/python3.5/site-packages/pyjnius-1.1.2.dev0-py3.5-linux-x86_64.egg/jnius/jnius.cpython-35m-x86_64-linux-gnu.so
7fe670084000-7fe670085000 rw-p 00000000 00:00 0 
7fe670089000-7fe6700c9000 rw-p 00000000 00:00 0 
7fe6700c9000-7fe670184000 r-xp 00000000 00:21 930                        /home/install/iaa.env/lib/python3.5/site-packages/numpy/random/mtrand.cpython-35m-x86_64-linux-gnu.so
7fe670184000-7fe670384000 ---p 000bb000 00:21 930                        /home/install/iaa.env/lib/python3.5/site-packages/numpy/random/mtrand.cpython-35m-x86_64-linux-gnu.so
7fe670384000-7fe6703a9000 rw-p 000bb000 00:21 930                        /home/install/iaa.env/lib/python3.5/site-packages/numpy/random/mtrand.cpython-35m-x86_64-linux-gnu.so
7fe6703a9000-7fe6703ab000 rw-p 00000000 00:00 0 
7fe6703b0000-7fe6704b1000 rw-p 00000000 00:00 0 
7fe6704b1000-7fe6704ba000 r-xp 00000000 00:21 898                        /home/install/iaa.env/lib/python3.5/site-packages/numpy/fft/fftpack_lite.cpython-35m-x86_64-linux-gnu.so
7fe6704ba000-7fe6706b9000 ---p 00009000 00:21 898                        /home/install/iaa.env/lib/python3.5/site-packages/numpy/fft/fftpack_lite.cpython-35m-x86_64-linux-gnu.so
7fe6706b9000-7fe6706ba000 rw-p 00008000 00:21 898                        /home/install/iaa.env/lib/python3.5/site-packages/numpy/fft/fftpack_lite.cpython-35m-x86_64-linux-gnu.so
7fe6706c1000-7fe6706f8000 r-xp 00000000 00:21 887                        /usr/lib/x86_64-linux-gnu/libmpdec.so.2.4.2
7fe6706f8000-7fe6708f7000 ---p 00037000 00:21 887                        /usr/lib/x86_64-linux-gnu/libmpdec.so.2.4.2
7fe6708f7000-7fe6708f8000 r--p 00036000 00:21 887                        /usr/lib/x86_64-linux-gnu/libmpdec.so.2.4.2
7fe6708f8000-7fe6708f9000 rw-p 00037000 00:21 887                        /usr/lib/x86_64-linux-gnu/libmpdec.so.2.4.2
7fe6708f9000-7fe67091d000 r-xp 00000000 00:21 311                        /usr/lib/python3.5/lib-dynload/_decimal.cpython-35m-x86_64-linux-gnu.so
7fe67091d000-7fe670b1c000 ---p 00024000 00:21 311                        /usr/lib/python3.5/lib-dynload/_decimal.cpython-35m-x86_64-linux-gnu.so
7fe670b1c000-7fe670b1d000 r--p 00023000 00:21 311                        /usr/lib/python3.5/lib-dynload/_decimal.cpython-35m-x86_64-linux-gnu.so
7fe670b1d000-7fe670b26000 rw-p 00024000 00:21 311                        /usr/lib/python3.5/lib-dynload/_decimal.cpython-35m-x86_64-linux-gnu.so
7fe670b29000-7fe670b69000 rw-p 00000000 00:00 0 
7fe670b69000-7fe670b92000 r-xp 00000000 00:21 872                        /home/install/iaa.env/lib/python3.5/site-packages/numpy/linalg/_umath_linalg.cpython-35m-x86_64-linux-gnu.so
7fe670b92000-7fe670d91000 ---p 00029000 00:21 872                        /home/install/iaa.env/lib/python3.5/site-packages/numpy/linalg/_umath_linalg.cpython-35m-x86_64-linux-gnu.so
7fe670d91000-7fe670d93000 rw-p 00028000 00:21 872                        /home/install/iaa.env/lib/python3.5/site-packages/numpy/linalg/_umath_linalg.cpython-35m-x86_64-linux-gnu.so
7fe670d93000-7fe670d95000 rw-p 0002a000 00:21 872                        /home/install/iaa.env/lib/python3.5/site-packages/numpy/linalg/_umath_linalg.cpython-35m-x86_64-linux-gnu.so
7fe670d95000-7fe670d96000 rw-p 0002c000 00:21 872                        /home/install/iaa.env/lib/python3.5/site-packages/numpy/linalg/_umath_linalg.cpython-35m-x86_64-linux-gnu.so
7fe670d99000-7fe670d9d000 r-xp 00000000 00:21 870                        /home/install/iaa.env/lib/python3.5/site-packages/numpy/linalg/lapack_lite.cpython-35m-x86_64-linux-gnu.so
7fe670d9d000-7fe670f9d000 ---p 00004000 00:21 870                        /home/install/iaa.env/lib/python3.5/site-packages/numpy/linalg/lapack_lite.cpython-35m-x86_64-linux-gnu.so
7fe670f9d000-7fe670f9e000 rw-p 00004000 00:21 870                        /home/install/iaa.env/lib/python3.5/site-packages/numpy/linalg/lapack_lite.cpython-35m-x86_64-linux-gnu.so
7fe670f9e000-7fe670f9f000 rw-p 00005000 00:21 870                        /home/install/iaa.env/lib/python3.5/site-packages/numpy/linalg/lapack_lite.cpython-35m-x86_64-linux-gnu.so
7fe670f9f000-7fe670fa0000 rw-p 00006000 00:21 870                        /home/install/iaa.env/lib/python3.5/site-packages/numpy/linalg/lapack_lite.cpython-35m-x86_64-linux-gnu.so
7fe670fa1000-7fe671021000 rw-p 00000000 00:00 0 
7fe671021000-7fe67123b000 r-xp 00000000 00:21 844                        /lib/x86_64-linux-gnu/libcrypto.so.1.0.0
7fe67123b000-7fe67143a000 ---p 0021a000 00:21 844                        /lib/x86_64-linux-gnu/libcrypto.so.1.0.0
7fe67143a000-7fe671456000 r--p 00219000 00:21 844                        /lib/x86_64-linux-gnu/libcrypto.so.1.0.0
7fe671456000-7fe671462000 rw-p 00235000 00:21 844                        /lib/x86_64-linux-gnu/libcrypto.so.1.0.0
7fe671462000-7fe671465000 rw-p 00000000 00:00 0 
7fe671469000-7fe67146e000 r-xp 00000000 00:21 324                        /usr/lib/python3.5/lib-dynload/_hashlib.cpython-35m-x86_64-linux-gnu.so
7fe67146e000-7fe67166e000 ---p 00005000 00:21 324                        /usr/lib/python3.5/lib-dynload/_hashlib.cpython-35m-x86_64-linux-gnu.so
7fe67166e000-7fe67166f000 r--p 00005000 00:21 324                        /usr/lib/python3.5/lib-dynload/_hashlib.cpython-35m-x86_64-linux-gnu.so
7fe67166f000-7fe671670000 rw-p 00006000 00:21 324                        /usr/lib/python3.5/lib-dynload/_hashlib.cpython-35m-x86_64-linux-gnu.so
7fe671671000-7fe6716b1000 rw-p 00000000 00:00 0 
7fe6716b1000-7fe6716d2000 r-xp 00000000 00:21 840                        /lib/x86_64-linux-gnu/liblzma.so.5.0.0
7fe6716d2000-7fe6718d1000 ---p 00021000 00:21 840                        /lib/x86_64-linux-gnu/liblzma.so.5.0.0
7fe6718d1000-7fe6718d2000 r--p 00020000 00:21 840                        /lib/x86_64-linux-gnu/liblzma.so.5.0.0
7fe6718d2000-7fe6718d3000 rw-p 00021000 00:21 840                        /lib/x86_64-linux-gnu/liblzma.so.5.0.0
7fe6718d9000-7fe6718e0000 r-xp 00000000 00:21 302                        /usr/lib/python3.5/lib-dynload/_lzma.cpython-35m-x86_64-linux-gnu.so
7fe6718e0000-7fe671adf000 ---p 00007000 00:21 302                        /usr/lib/python3.5/lib-dynload/_lzma.cpython-35m-x86_64-linux-gnu.so
7fe671adf000-7fe671ae0000 r--p 00006000 00:21 302                        /usr/lib/python3.5/lib-dynload/_lzma.cpython-35m-x86_64-linux-gnu.so
7fe671ae0000-7fe671ae2000 rw-p 00007000 00:21 302                        /usr/lib/python3.5/lib-dynload/_lzma.cpython-35m-x86_64-linux-gnu.so
7fe671ae9000-7fe671af8000 r-xp 00000000 00:21 837                        /lib/x86_64-linux-gnu/libbz2.so.1.0.4
7fe671af8000-7fe671cf7000 ---p 0000f000 00:21 837                        /lib/x86_64-linux-gnu/libbz2.so.1.0.4
7fe671cf7000-7fe671cf8000 r--p 0000e000 00:21 837                        /lib/x86_64-linux-gnu/libbz2.so.1.0.4
7fe671cf8000-7fe671cf9000 rw-p 0000f000 00:21 837                        /lib/x86_64-linux-gnu/libbz2.so.1.0.4
7fe671cf9000-7fe671cfd000 r-xp 00000000 00:21 301                        /usr/lib/python3.5/lib-dynload/_bz2.cpython-35m-x86_64-linux-gnu.so
7fe671cfd000-7fe671efc000 ---p 00004000 00:21 301                        /usr/lib/python3.5/lib-dynload/_bz2.cpython-35m-x86_64-linux-gnu.so
7fe671efc000-7fe671efd000 r--p 00003000 00:21 301                        /usr/lib/python3.5/lib-dynload/_bz2.cpython-35m-x86_64-linux-gnu.so
7fe671efd000-7fe671efe000 rw-p 00004000 00:21 301                        /usr/lib/python3.5/lib-dynload/_bz2.cpython-35m-x86_64-linux-gnu.so
7fe671f01000-7fe672001000 rw-p 00000000 00:00 0 
7fe672001000-7fe672023000 r-xp 00000000 00:21 333                        /usr/lib/python3.5/lib-dynload/_ctypes.cpython-35m-x86_64-linux-gnu.so
7fe672023000-7fe672222000 ---p 00022000 00:21 333                        /usr/lib/python3.5/lib-dynload/_ctypes.cpython-35m-x86_64-linux-gnu.so
7fe672222000-7fe672223000 r--p 00021000 00:21 333                        /usr/lib/python3.5/lib-dynload/_ctypes.cpython-35m-x86_64-linux-gnu.so
7fe672223000-7fe672227000 rw-p 00022000 00:21 333                        /usr/lib/python3.5/lib-dynload/_ctypes.cpython-35m-x86_64-linux-gnu.so
7fe672227000-7fe672228000 rw-p 00000000 00:00 0 
7fe672229000-7fe672369000 rw-p 00000000 00:00 0 
7fe672369000-7fe6724fa000 r-xp 00000000 00:21 698                        /home/install/iaa.env/lib/python3.5/site-packages/numpy/core/umath.cpython-35m-x86_64-linux-gnu.so
7fe6724fa000-7fe6726fa000 ---p 00191000 00:21 698                        /home/install/iaa.env/lib/python3.5/site-packages/numpy/core/umath.cpython-35m-x86_64-linux-gnu.so
7fe6726fa000-7fe672700000 rw-p 00191000 00:21 698                        /home/install/iaa.env/lib/python3.5/site-packages/numpy/core/umath.cpython-35m-x86_64-linux-gnu.so
7fe672700000-7fe672702000 rw-p 00000000 00:00 0 
7fe672709000-7fe672749000 rw-p 00000000 00:00 0 
7fe672749000-7fe672839000 r-xp 00000000 00:21 729                        /home/install/iaa.env/lib/python3.5/site-packages/numpy/.libs/libgfortran-ed201abd.so.3.0.0
7fe672839000-7fe672a38000 ---p 000f0000 00:21 729                        /home/install/iaa.env/lib/python3.5/site-packages/numpy/.libs/libgfortran-ed201abd.so.3.0.0
7fe672a38000-7fe672a3a000 rw-p 000ef000 00:21 729                        /home/install/iaa.env/lib/python3.5/site-packages/numpy/.libs/libgfortran-ed201abd.so.3.0.0
7fe672a3a000-7fe672a3b000 rw-p 00000000 00:00 0 
7fe672a3b000-7fe672a43000 rw-p 000f2000 00:21 729                        /home/install/iaa.env/lib/python3.5/site-packages/numpy/.libs/libgfortran-ed201abd.so.3.0.0
7fe672a49000-7fe674d5d000 r-xp 00000000 00:21 728                        /home/install/iaa.env/lib/python3.5/site-packages/numpy/.libs/libopenblasp-r0-39a31c03.2.18.so
7fe674d5d000-7fe674f5c000 ---p 02314000 00:21 728                        /home/install/iaa.env/lib/python3.5/site-packages/numpy/.libs/libopenblasp-r0-39a31c03.2.18.so
7fe674f5c000-7fe674f7b000 rw-p 02313000 00:21 728                        /home/install/iaa.env/lib/python3.5/site-packages/numpy/.libs/libopenblasp-r0-39a31c03.2.18.so
7fe674f7b000-7fe674fde000 rw-p 00000000 00:00 0 
7fe674fde000-7fe675036000 rw-p 02425000 00:21 728                        /home/install/iaa.env/lib/python3.5/site-packages/numpy/.libs/libopenblasp-r0-39a31c03.2.18.so
7fe675036000-7fe675074000 rw-p 0247d000 00:21 728                        /home/install/iaa.env/lib/python3.5/site-packages/numpy/.libs/libopenblasp-r0-39a31c03.2.18.so
7fe675079000-7fe675251000 r-xp 00000000 00:21 712                        /home/install/iaa.env/lib/python3.5/site-packages/numpy/core/multiarray.cpython-35m-x86_64-linux-gnu.so
7fe675251000-7fe675451000 ---p 001d8000 00:21 712                        /home/install/iaa.env/lib/python3.5/site-packages/numpy/core/multiarray.cpython-35m-x86_64-linux-gnu.so
7fe675451000-7fe67546a000 rw-p 001d8000 00:21 712                        /home/install/iaa.env/lib/python3.5/site-packages/numpy/core/multiarray.cpython-35m-x86_64-linux-gnu.so
7fe67546a000-7fe675482000 rw-p 00000000 00:00 0 
7fe675482000-7fe675485000 rw-p 001f2000 00:21 712                        /home/install/iaa.env/lib/python3.5/site-packages/numpy/core/multiarray.cpython-35m-x86_64-linux-gnu.so
7fe675485000-7fe675488000 rw-p 001f5000 00:21 712                        /home/install/iaa.env/lib/python3.5/site-packages/numpy/core/multiarray.cpython-35m-x86_64-linux-gnu.so
7fe67548b000-7fe6754cb000 rw-p 00000000 00:00 0 
7fe6754f1000-7fe675531000 rw-p 00000000 00:00 0 
7fe675531000-7fe675538000 r-xp 00000000 00:21 318                        /usr/lib/python3.5/lib-dynload/_csv.cpython-35m-x86_64-linux-gnu.so
7fe675538000-7fe675738000 ---p 00007000 00:21 318                        /usr/lib/python3.5/lib-dynload/_csv.cpython-35m-x86_64-linux-gnu.so
7fe675738000-7fe675739000 r--p 00007000 00:21 318                        /usr/lib/python3.5/lib-dynload/_csv.cpython-35m-x86_64-linux-gnu.so
7fe675739000-7fe67573b000 rw-p 00008000 00:21 318                        /usr/lib/python3.5/lib-dynload/_csv.cpython-35m-x86_64-linux-gnu.so
7fe675741000-7fe6757c1000 rw-p 00000000 00:00 0 
7fe6757c1000-7fe6757e6000 r-xp 00000000 00:21 38                         /lib/x86_64-linux-gnu/libtinfo.so.5.9
7fe6757e6000-7fe6759e5000 ---p 00025000 00:21 38                         /lib/x86_64-linux-gnu/libtinfo.so.5.9
7fe6759e5000-7fe6759e9000 r--p 00024000 00:21 38                         /lib/x86_64-linux-gnu/libtinfo.so.5.9
7fe6759e9000-7fe6759ea000 rw-p 00028000 00:21 38                         /lib/x86_64-linux-gnu/libtinfo.so.5.9
7fe6759f1000-7fe675a2e000 r-xp 00000000 00:21 600                        /lib/x86_64-linux-gnu/libreadline.so.6.3
7fe675a2e000-7fe675c2e000 ---p 0003d000 00:21 600                        /lib/x86_64-linux-gnu/libreadline.so.6.3
7fe675c2e000-7fe675c30000 r--p 0003d000 00:21 600                        /lib/x86_64-linux-gnu/libreadline.so.6.3
7fe675c30000-7fe675c36000 rw-p 0003f000 00:21 600                        /lib/x86_64-linux-gnu/libreadline.so.6.3
7fe675c36000-7fe675c37000 rw-p 00000000 00:00 0 
7fe675c39000-7fe675c3f000 r-xp 00000000 00:21 330                        /usr/lib/python3.5/lib-dynload/readline.cpython-35m-x86_64-linux-gnu.so
7fe675c3f000-7fe675e3e000 ---p 00006000 00:21 330                        /usr/lib/python3.5/lib-dynload/readline.cpython-35m-x86_64-linux-gnu.so
7fe675e3e000-7fe675e3f000 r--p 00005000 00:21 330                        /usr/lib/python3.5/lib-dynload/readline.cpython-35m-x86_64-linux-gnu.so
7fe675e3f000-7fe675e41000 rw-p 00006000 00:21 330                        /usr/lib/python3.5/lib-dynload/readline.cpython-35m-x86_64-linux-gnu.so
7fe675e41000-7fe675f49000 r-xp 00000000 00:21 84                         /lib/x86_64-linux-gnu/libm-2.23.so
7fe675f49000-7fe676148000 ---p 00108000 00:21 84                         /lib/x86_64-linux-gnu/libm-2.23.so
7fe676148000-7fe676149000 r--p 00107000 00:21 84                         /lib/x86_64-linux-gnu/libm-2.23.so
7fe676149000-7fe67614a000 rw-p 00108000 00:21 84                         /lib/x86_64-linux-gnu/libm-2.23.so
7fe676151000-7fe67616a000 r-xp 00000000 00:21 82                         /lib/x86_64-linux-gnu/libz.so.1.2.8
7fe67616a000-7fe676369000 ---p 00019000 00:21 82                         /lib/x86_64-linux-gnu/libz.so.1.2.8
7fe676369000-7fe67636a000 r--p 00018000 00:21 82                         /lib/x86_64-linux-gnu/libz.so.1.2.8
7fe67636a000-7fe67636b000 rw-p 00019000 00:21 82                         /lib/x86_64-linux-gnu/libz.so.1.2.8
7fe676371000-7fe676397000 r-xp 00000000 00:21 80                         /lib/x86_64-linux-gnu/libexpat.so.1.6.0
7fe676397000-7fe676597000 ---p 00026000 00:21 80                         /lib/x86_64-linux-gnu/libexpat.so.1.6.0
7fe676597000-7fe676599000 r--p 00026000 00:21 80                         /lib/x86_64-linux-gnu/libexpat.so.1.6.0
7fe676599000-7fe67659a000 rw-p 00028000 00:21 80                         /lib/x86_64-linux-gnu/libexpat.so.1.6.0
7fe6765a1000-7fe6765a3000 r-xp 00000000 00:21 78                         /lib/x86_64-linux-gnu/libutil-2.23.so
7fe6765a3000-7fe6767a2000 ---p 00002000 00:21 78                         /lib/x86_64-linux-gnu/libutil-2.23.so
7fe6767a2000-7fe6767a3000 r--p 00001000 00:21 78                         /lib/x86_64-linux-gnu/libutil-2.23.so
7fe6767a3000-7fe6767a4000 rw-p 00002000 00:21 78                         /lib/x86_64-linux-gnu/libutil-2.23.so
7fe6767a9000-7fe6767ac000 r-xp 00000000 00:21 40                         /lib/x86_64-linux-gnu/libdl-2.23.so
7fe6767ac000-7fe6769ab000 ---p 00003000 00:21 40                         /lib/x86_64-linux-gnu/libdl-2.23.so
7fe6769ab000-7fe6769ac000 r--p 00002000 00:21 40                         /lib/x86_64-linux-gnu/libdl-2.23.so
7fe6769ac000-7fe6769ad000 rw-p 00003000 00:21 40                         /lib/x86_64-linux-gnu/libdl-2.23.so
7fe6769b1000-7fe676b71000 r-xp 00000000 00:21 42                         /lib/x86_64-linux-gnu/libc-2.23.so
7fe676b71000-7fe676d71000 ---p 001c0000 00:21 42                         /lib/x86_64-linux-gnu/libc-2.23.so
7fe676d71000-7fe676d75000 r--p 001c0000 00:21 42                         /lib/x86_64-linux-gnu/libc-2.23.so
7fe676d75000-7fe676d77000 rw-p 001c4000 00:21 42                         /lib/x86_64-linux-gnu/libc-2.23.so
7fe676d77000-7fe676d7b000 rw-p 00000000 00:00 0 
7fe676d81000-7fe676d99000 r-xp 00000000 00:21 76                         /lib/x86_64-linux-gnu/libpthread-2.23.so
7fe676d99000-7fe676f98000 ---p 00018000 00:21 76                         /lib/x86_64-linux-gnu/libpthread-2.23.so
7fe676f98000-7fe676f99000 r--p 00017000 00:21 76                         /lib/x86_64-linux-gnu/libpthread-2.23.so
7fe676f99000-7fe676f9a000 rw-p 00018000 00:21 76                         /lib/x86_64-linux-gnu/libpthread-2.23.so
7fe676f9a000-7fe676f9e000 rw-p 00000000 00:00 0 
7fe676fa1000-7fe676fc7000 r-xp 00000000 00:21 35                         /lib/x86_64-linux-gnu/ld-2.23.so
7fe676fcc000-7fe67704c000 rw-p 00000000 00:00 0 
7fe67706c000-7fe67706f000 r--s 00013000 00:21 1110                       /home/install/target/DKProFromPyjnius-1.0-SNAPSHOT.jar
7fe677071000-7fe677079000 rw-s 00000000 00:21 1088                       /tmp/hsperfdata_root/35
7fe67707d000-7fe6771c1000 rw-p 00000000 00:00 0 
7fe6771c2000-7fe6771c3000 rw-p 00000000 00:00 0 
7fe6771c3000-7fe6771c4000 r--p 00000000 00:00 0 
7fe6771c4000-7fe6771c5000 rwxp 00000000 00:00 0 
7fe6771c5000-7fe6771c6000 rw-p 00000000 00:00 0 
7fe6771c6000-7fe6771c7000 r--p 00025000 00:21 35                         /lib/x86_64-linux-gnu/ld-2.23.so
7fe6771c7000-7fe6771c8000 rw-p 00026000 00:21 35                         /lib/x86_64-linux-gnu/ld-2.23.so
7fe6771c8000-7fe6771ca000 rw-p 00000000 00:00 0 
7ffd3b40c000-7ffd3b40f000 ---p 00000000 00:00 0 
7ffd3b40f000-7ffd3b50c000 rw-p 00000000 00:00 0                          [stack]
7ffd3b539000-7ffd3b53c000 r--p 00000000 00:00 0                          [vvar]
7ffd3b53c000-7ffd3b53e000 r-xp 00000000 00:00 0                          [vdso]
ffffffffff600000-ffffffffff601000 r-xp 00000000 00:00 0                  [vsyscall]

VM Arguments:
java_command: <unknown>
java_class_path (initial): /home/install/target/DKProFromPyjnius-1.0-SNAPSHOT.jar:/home/install/iaa.env/lib/python3.5/site-packages/pyjnius-1.1.2.dev0-py3.5-linux-x86_64.egg/jnius/src
Launcher Type: generic

Environment Variables:
JAVA_HOME=/usr/lib/jvm/java-8-oracle/
CLASSPATH=/home/install/target/DKProFromPyjnius-1.0-SNAPSHOT.jar
PATH=/home/install/iaa.env/bin:/usr/local/sbin:/usr/local/bin:/usr/sbin:/usr/bin:/sbin:/bin

Signal Handlers:
SIGSEGV: [libjvm.so+0xad01e0], sa_mask[0]=11111111011111111101111111111110, sa_flags=SA_RESTART|SA_SIGINFO
SIGBUS: [libjvm.so+0xad01e0], sa_mask[0]=11111111011111111101111111111110, sa_flags=SA_RESTART|SA_SIGINFO
SIGFPE: [libjvm.so+0x927fb0], sa_mask[0]=11111111011111111101111111111110, sa_flags=SA_RESTART|SA_SIGINFO
SIGPIPE: [libjvm.so+0x927fb0], sa_mask[0]=11111111011111111101111111111110, sa_flags=SA_RESTART|SA_SIGINFO
SIGXFSZ: [libjvm.so+0x927fb0], sa_mask[0]=11111111011111111101111111111110, sa_flags=SA_RESTART|SA_SIGINFO
SIGILL: [libjvm.so+0x927fb0], sa_mask[0]=11111111011111111101111111111110, sa_flags=SA_RESTART|SA_SIGINFO
SIGUSR1: SIG_DFL, sa_mask[0]=00000000000000000000000000000000, sa_flags=none
SIGUSR2: [libjvm.so+0x9297f0], sa_mask[0]=00000000000000000000000000000000, sa_flags=SA_RESTART|SA_SIGINFO
SIGHUP: [libjvm.so+0x92abf0], sa_mask[0]=11111111011111111101111111111110, sa_flags=SA_RESTART|SA_SIGINFO
SIGINT: [libjvm.so+0x92abf0], sa_mask[0]=11111111011111111101111111111110, sa_flags=SA_RESTART|SA_SIGINFO
SIGTERM: [libjvm.so+0x92abf0], sa_mask[0]=11111111011111111101111111111110, sa_flags=SA_RESTART|SA_SIGINFO
SIGQUIT: [libjvm.so+0x92abf0], sa_mask[0]=11111111011111111101111111111110, sa_flags=SA_RESTART|SA_SIGINFO


---------------  S Y S T E M  ---------------

OS:DISTRIB_ID=Ubuntu
DISTRIB_RELEASE=16.04
DISTRIB_CODENAME=xenial
DISTRIB_DESCRIPTION="Ubuntu 16.04.3 LTS"

uname:Linux 4.4.119-boot2docker #1 SMP Wed Feb 28 17:44:37 UTC 2018 x86_64
libc:glibc 2.23 NPTL 2.23 
rlimit: STACK 8192k, CORE 0k, NPROC 1048576, NOFILE 1048576, AS infinity
load average:0.00 0.00 0.00

/proc/meminfo:
MemTotal:        1019720 kB
MemFree:          632852 kB
MemAvailable:     615668 kB
Buffers:           17424 kB
Cached:           257296 kB
SwapCached:            0 kB
Active:           199756 kB
Inactive:         141780 kB
Active(anon):     146276 kB
Inactive(anon):   132288 kB
Active(file):      53480 kB
Inactive(file):     9492 kB
Unevictable:           0 kB
Mlocked:               0 kB
SwapTotal:       1180536 kB
SwapFree:        1180536 kB
Dirty:                40 kB
Writeback:             0 kB
AnonPages:         66852 kB
Mapped:            80904 kB
Shmem:            211728 kB
Slab:              28768 kB
SReclaimable:      15280 kB
SUnreclaim:        13488 kB
KernelStack:        2896 kB
PageTables:         1604 kB
NFS_Unstable:          0 kB
Bounce:                0 kB
WritebackTmp:          0 kB
CommitLimit:     1690396 kB
Committed_AS:     515552 kB
VmallocTotal:   34359738367 kB
VmallocUsed:           0 kB
VmallocChunk:          0 kB
AnonHugePages:     28672 kB
HugePages_Total:       0
HugePages_Free:        0
HugePages_Rsvd:        0
HugePages_Surp:        0
Hugepagesize:       2048 kB
DirectMap4k:       38848 kB
DirectMap2M:     1009664 kB


CPU:total 1 (initial active 1) (1 cores per cpu, 1 threads per core) family 21 model 96 stepping 1, cmov, cx8, fxsr, mmx, sse, sse2, sse3, ssse3, sse4.1, sse4.2, popcnt, avx, avx2, aes, clmul, mmxext, lzcnt, sse4a, tsc

/proc/cpuinfo:
processor	: 0
vendor_id	: AuthenticAMD
cpu family	: 21
model		: 96
model name	: AMD A10-8700P Radeon R6, 10 Compute Cores 4C+6G
stepping	: 1
microcode	: 0x6000626
cpu MHz		: 1796.626
cache size	: 1024 KB
physical id	: 0
siblings	: 1
core id		: 0
cpu cores	: 1
apicid		: 0
initial apicid	: 0
fpu		: yes
fpu_exception	: yes
cpuid level	: 13
wp		: yes
flags		: fpu vme de pse tsc msr pae mce cx8 apic sep mtrr pge mca cmov pat pse36 clflush mmx fxsr sse sse2 syscall nx mmxext fxsr_opt rdtscp lm rep_good nopl extd_apicid pni pclmulqdq monitor ssse3 cx16 sse4_1 sse4_2 movbe popcnt aes xsave avx rdrand hypervisor lahf_lm cr8_legacy abm sse4a misalignsse 3dnowprefetch arat rsb_ctxsw retpoline vmmcall avx2
bugs		: fxsave_leak sysret_ss_attrs spectre_v1 spectre_v2
bogomips	: 3593.25
TLB size	: 1536 4K pages
clflush size	: 64
cache_alignment	: 64
address sizes	: 48 bits physical, 48 bits virtual
power management:



Memory: 4k page, physical 1019720k(632852k free), swap 1180536k(1180536k free)

vm_info: Java HotSpot(TM) 64-Bit Server VM (25.161-b12) for linux-amd64 JRE (1.8.0_161-b12), built on Dec 19 2017 16:12:43 by "java_re" with gcc 4.3.0 20080428 (Red Hat 4.3.0-8)

time: Thu Apr 19 04:28:38 2018
elapsed time: 8 seconds (0d 0h 0m 8s)

