#
# A fatal error has been detected by the Java Runtime Environment:
#
#  SIGSEGV (0xb) at pc=0x00007fc5a1fdfeef, pid=11, tid=0x00007fc5a9d37700
#
# JRE version: Java(TM) SE Runtime Environment (8.0_161-b12) (build 1.8.0_161-b12)
# Java VM: Java HotSpot(TM) 64-Bit Server VM (25.161-b12 mixed mode linux-amd64 compressed oops)
# Problematic frame:
# V  [libjvm.so+0x6e4eef]  jni_GetObjectClass+0x17f
#
# Failed to write core dump. Core dumps have been disabled. To enable core dumping, try "ulimit -c unlimited" before starting Java again
#
# If you would like to submit a bug report, please visit:
#   http://bugreport.java.com/bugreport/crash.jsp
#

---------------  T H R E A D  ---------------

Current thread (0x0000000002f8e000):  JavaThread "main" [_thread_in_vm, id=11, stack(0x00007ffe9cda0000,0x00007ffe9cea0000)]

siginfo: si_signo: 11 (SIGSEGV), si_code: 1 (SEGV_MAPERR), si_addr: 0x0000000000000009

Registers:
RAX=0x00007fc5a2897300, RBX=0x0000000002f8e000, RCX=0x7463656a624f2f67, RDX=0x0000000000000001
RSP=0x00007ffe9ce9e8f0, RBP=0x00007ffe9ce9e950, RSI=0x0000000002f8e000, RDI=0x00007ffe9ce9e8f0
R8 =0x000000000000006a, R9 =0x00007fc5a1728f60, R10=0x0000000000000001, R11=0x00007fc5a96b7f90
R12=0x00007ffe9ce9e8f0, R13=0x0000000002f8e1f8, R14=0x00000000031a8a50, R15=0x00007fc5a28cb680
RIP=0x00007fc5a1fdfeef, EFLAGS=0x0000000000010202, CSGSFS=0x0000000000000033, ERR=0x0000000000000004
  TRAPNO=0x000000000000000e

Top of Stack: (sp=0x00007ffe9ce9e8f0)
0x00007ffe9ce9e8f0:   0000000002f8e000 0000000000000000
0x00007ffe9ce9e900:   00007fc573a33948 000000000057281c
0x00007ffe9ce9e910:   0000000002f8e000 00007fc5a2c3b148
0x00007ffe9ce9e920:   00007fc5a1728e88 0000000002f8e1f8
0x00007ffe9ce9e930:   00007fc5a1728e88 00007fc573a33948
0x00007ffe9ce9e940:   0000000000000000 00007fc5a1728e88
0x00007ffe9ce9e950:   0000000000000001 00007fc5a29cdf74
0x00007ffe9ce9e960:   00007fc5a1728f18 0000000000000001
0x00007ffe9ce9e970:   00007fc5a1728e88 00007fc573a33948
0x00007ffe9ce9e980:   0000000000000000 00007fc5a29cbb38
0x00007ffe9ce9e990:   00000000031a8a50 0000000002f8e1f8
0x00007ffe9ce9e9a0:   0000000002f8e000 0000000000000000
0x00007ffe9ce9e9b0:   0000000002f8e1f8 000000000054e8b9
0x00007ffe9ce9e9c0:   00007fc5a2c37fc8 0000000000000001
0x00007ffe9ce9e9d0:   0000000002f8e000 d3cc3278f91fc900
0x00007ffe9ce9e9e0:   0000000000000010 00007fc5a9c481f0
0x00007ffe9ce9e9f0:   0000000000a40060 0000000002f8e1f8
0x00007ffe9ce9ea00:   00007fc573a33948 0000000000000000
0x00007ffe9ce9ea10:   00007fc5a1728e88 00007fc5a29cb147
0x00007ffe9ce9ea20:   00007fc5a1722cd8 00000000031a8b20
0x00007ffe9ce9ea30:   0000000000000004 00007fc5a1728ed0
0x00007ffe9ce9ea40:   0000000000000000 00000000031a8a50
0x00007ffe9ce9ea50:   0000000000000013 d3cc3278f91fc900
0x00007ffe9ce9ea60:   0000000000000012 00007fc5a1722cd8
0x00007ffe9ce9ea70:   00007fc573a36f08 0000000000000000
0x00007ffe9ce9ea80:   0000000000000000 00007fc5a82e0320
0x00007ffe9ce9ea90:   0000000000000001 00007fc5a29d3904
0x00007ffe9ce9eaa0:   00007fc5a171c240 0000000000000000
0x00007ffe9ce9eab0:   00000000031665a0 0000000002f8e1f8
0x00007ffe9ce9eac0:   00000000031665a0 00007fc5a1728e88
0x00007ffe9ce9ead0:   00000000031665a0 00007fc573a6a0a8
0x00007ffe9ce9eae0:   00007fc5a17206c8 00007fc5a82e0320 

Instructions: (pc=0x00007fc5a1fdfeef)
0x00007fc5a1fdfecf:   90 83 ea 01 0f 84 9f 00 00 00 f0 83 04 24 00 e9
0x00007fc5a1fdfedf:   05 ff ff ff 0f 1f 44 00 00 48 8b 05 41 82 89 00
0x00007fc5a1fdfeef:   8b 52 08 8b 48 08 48 d3 e2 48 03 10 e9 3c ff ff
0x00007fc5a1fdfeff:   ff 48 8b 05 89 b6 89 00 80 38 00 0f 84 d8 fe ff 

Register to memory mapping:

RAX=0x00007fc5a2897300: <offset 0xf9c300> in /usr/lib/jvm/java-8-oracle/jre/lib/amd64/server/libjvm.so at 0x00007fc5a18fb000
RBX=0x0000000002f8e000 is a thread
RCX=0x7463656a624f2f67 is an unknown value
RDX=0x0000000000000001 is an unknown value
RSP=0x00007ffe9ce9e8f0 is pointing into the stack for thread: 0x0000000002f8e000
RBP=0x00007ffe9ce9e950 is pointing into the stack for thread: 0x0000000002f8e000
RSI=0x0000000002f8e000 is a thread
RDI=0x00007ffe9ce9e8f0 is pointing into the stack for thread: 0x0000000002f8e000
R8 =0x000000000000006a is an unknown value
R9 =0x00007fc5a1728f60 is an unknown value
R10=0x0000000000000001 is an unknown value
R11=0x00007fc5a96b7f90: <offset 0x194f90> in /lib/x86_64-linux-gnu/libc.so.6 at 0x00007fc5a9523000
R12=0x00007ffe9ce9e8f0 is pointing into the stack for thread: 0x0000000002f8e000
R13=0x0000000002f8e1f8 is an unknown value
R14=0x00000000031a8a50 is an unknown value
R15=0x00007fc5a28cb680: <offset 0xfd0680> in /usr/lib/jvm/java-8-oracle/jre/lib/amd64/server/libjvm.so at 0x00007fc5a18fb000


Stack: [0x00007ffe9cda0000,0x00007ffe9cea0000],  sp=0x00007ffe9ce9e8f0,  free space=1018k
Native frames: (J=compiled Java code, j=interpreted, Vv=VM code, C=native code)
V  [libjvm.so+0x6e4eef]  jni_GetObjectClass+0x17f
C  [jnius.cpython-35m-x86_64-linux-gnu.so+0x52f74]  __pyx_f_5jnius_lookup_java_object_name+0x14


---------------  P R O C E S S  ---------------

Java Threads: ( => current thread )
  0x000000000310d800 JavaThread "Service Thread" daemon [_thread_blocked, id=20, stack(0x00007fc590050000,0x00007fc590151000)]
  0x0000000003102000 JavaThread "C1 CompilerThread1" daemon [_thread_blocked, id=19, stack(0x00007fc590151000,0x00007fc590252000)]
  0x0000000003100000 JavaThread "C2 CompilerThread0" daemon [_thread_blocked, id=18, stack(0x00007fc590252000,0x00007fc590353000)]
  0x00000000030fc000 JavaThread "Signal Dispatcher" daemon [_thread_blocked, id=17, stack(0x00007fc590353000,0x00007fc590454000)]
  0x00000000030cc800 JavaThread "Finalizer" daemon [_thread_blocked, id=16, stack(0x00007fc590454000,0x00007fc590555000)]
  0x00000000030c8000 JavaThread "Reference Handler" daemon [_thread_blocked, id=15, stack(0x00007fc590555000,0x00007fc590656000)]
=>0x0000000002f8e000 JavaThread "main" [_thread_in_vm, id=11, stack(0x00007ffe9cda0000,0x00007ffe9cea0000)]

Other Threads:
  0x00000000030c0800 VMThread [stack: 0x00007fc590656000,0x00007fc590757000] [id=14]
  0x0000000003112800 WatcherThread [stack: 0x00007fc573eff000,0x00007fc574000000] [id=21]

VM state:not at safepoint (normal execution)

VM Mutex/Monitor currently owned by a thread: None

Heap:
 def new generation   total 4928K, used 1591K [0x00000000f0600000, 0x00000000f0b50000, 0x00000000f5950000)
  eden space 4416K,  36% used [0x00000000f0600000, 0x00000000f078dce0, 0x00000000f0a50000)
  from space 512K,   0% used [0x00000000f0a50000, 0x00000000f0a50000, 0x00000000f0ad0000)
  to   space 512K,   0% used [0x00000000f0ad0000, 0x00000000f0ad0000, 0x00000000f0b50000)
 tenured generation   total 10944K, used 0K [0x00000000f5950000, 0x00000000f6400000, 0x0000000100000000)
   the space 10944K,   0% used [0x00000000f5950000, 0x00000000f5950000, 0x00000000f5950200, 0x00000000f6400000)
 Metaspace       used 3011K, capacity 4600K, committed 4864K, reserved 1056768K
  class space    used 330K, capacity 424K, committed 512K, reserved 1048576K

Card table byte_map: [0x00007fc5911fd000,0x00007fc59127b000] byte_map_base: 0x00007fc590a7a000

Polling page: 0x00007fc5a9d35000

CodeCache: size=245760Kb used=1238Kb max_used=1239Kb free=244521Kb
 bounds [0x00007fc59163b000, 0x00007fc5918ab000, 0x00007fc5a063b000]
 total_blobs=323 nmethods=94 adapters=145
 compilation: enabled

Compilation events (10 events):
Event: 135.670 Thread 0x0000000003102000   89       3       java.util.LinkedHashMap::newNode (23 bytes)
Event: 135.671 Thread 0x0000000003102000 nmethod 89 0x00007fc59176cdd0 code [0x00007fc59176cf60, 0x00007fc59176d390]
Event: 135.672 Thread 0x0000000003102000   90       3       java.util.LinkedHashMap::afterNodeInsertion (40 bytes)
Event: 135.673 Thread 0x0000000003102000 nmethod 90 0x00007fc59176d5d0 code [0x00007fc59176d780, 0x00007fc59176dca0]
Event: 135.677 Thread 0x0000000003100000   91       4       java.lang.String::hashCode (55 bytes)
Event: 135.681 Thread 0x0000000003100000 nmethod 91 0x00007fc591770b90 code [0x00007fc591770ce0, 0x00007fc591770e38]
Event: 135.685 Thread 0x0000000003102000   92       3       java.util.HashMap::resize (359 bytes)
Event: 135.687 Thread 0x0000000003102000 nmethod 92 0x00007fc59176efd0 code [0x00007fc59176f220, 0x00007fc591770440]
Event: 777.374 Thread 0x0000000003102000   93       3       java.lang.AbstractStringBuilder::newCapacity (39 bytes)
Event: 777.376 Thread 0x0000000003102000 nmethod 93 0x00007fc59176e910 code [0x00007fc59176eaa0, 0x00007fc59176ee80]

GC Heap History (0 events):
No events

Deoptimization events (0 events):
No events

Classes redefined (0 events):
No events

Internal exceptions (4 events):
Event: 0.229 Thread 0x0000000002f8e000 Exception <a 'java/lang/NoSuchMethodError': Method sun.misc.Unsafe.defineClass(Ljava/lang/String;[BII)Ljava/lang/Class; name or signature does not match> (0x00000000f0607ca0) thrown at [/HUDSON/workspace/8-2-build-linux-amd64/jdk8u161/10277/hotspot/src/sh
Event: 0.229 Thread 0x0000000002f8e000 Exception <a 'java/lang/NoSuchMethodError': Method sun.misc.Unsafe.prefetchRead(Ljava/lang/Object;J)V name or signature does not match> (0x00000000f0607f88) thrown at [/HUDSON/workspace/8-2-build-linux-amd64/jdk8u161/10277/hotspot/src/share/vm/prims/jni.c
Event: 777.372 Thread 0x0000000002f8e000 Implicit null exception at 0x00007fc5917630f3 to 0x00007fc59176331e
Event: 777.372 Thread 0x0000000002f8e000 Exception <a 'java/lang/NullPointerException'> (0x00000000f077d828) thrown at [/HUDSON/workspace/8-2-build-linux-amd64/jdk8u161/10277/hotspot/src/share/vm/runtime/sharedRuntime.cpp, line 605]

Events (10 events):
Event: 0.684 loading class org/dkpro/statistics/agreement/distance/NominalDistanceFunction
Event: 0.684 loading class org/dkpro/statistics/agreement/distance/NominalDistanceFunction done
Event: 4.446 Executing VM operation: EnableBiasedLocking
Event: 4.446 Executing VM operation: EnableBiasedLocking done
Event: 135.565 loading class java/util/LinkedHashSet
Event: 135.572 loading class java/util/LinkedHashSet done
Event: 135.573 loading class org/dkpro/statistics/agreement/coding/CodingAnnotationItem
Event: 135.573 loading class org/dkpro/statistics/agreement/coding/CodingAnnotationItem done
Event: 135.574 loading class org/dkpro/statistics/agreement/AnnotationUnit
Event: 135.574 loading class org/dkpro/statistics/agreement/AnnotationUnit done


Dynamic libraries:
00400000-007a9000 r-xp 00000000 00:21 74                                 /home/install/iaa.env/bin/python3
009a9000-009ab000 r--p 003a9000 00:21 74                                 /home/install/iaa.env/bin/python3
009ab000-00a42000 rw-p 003ab000 00:21 74                                 /home/install/iaa.env/bin/python3
00a42000-00a73000 rw-p 00000000 00:00 0 
028d3000-034af000 rw-p 00000000 00:00 0                                  [heap]
f0600000-f0b50000 rw-p 00000000 00:00 0 
f0b50000-f5950000 ---p 00000000 00:00 0 
f5950000-f6400000 rw-p 00000000 00:00 0 
f6400000-100000000 ---p 00000000 00:00 0 
100000000-100080000 rw-p 00000000 00:00 0 
100080000-140000000 ---p 00000000 00:00 0 
7fc56c000000-7fc56c021000 rw-p 00000000 00:00 0 
7fc56c021000-7fc570000000 ---p 00000000 00:00 0 
7fc57375d000-7fc573e65000 rw-p 00000000 00:00 0 
7fc573e65000-7fc573efb000 r--s 0110a000 00:21 1105                       /usr/lib/jvm/java-8-oracle/jre/lib/ext/jfxrt.jar
7fc573eff000-7fc573f00000 ---p 00000000 00:00 0 
7fc573f00000-7fc574000000 rw-p 00000000 00:00 0 
7fc574000000-7fc57405d000 rw-p 00000000 00:00 0 
7fc57405d000-7fc578000000 ---p 00000000 00:00 0 
7fc578000000-7fc578021000 rw-p 00000000 00:00 0 
7fc578021000-7fc57c000000 ---p 00000000 00:00 0 
7fc57c000000-7fc57c021000 rw-p 00000000 00:00 0 
7fc57c021000-7fc580000000 ---p 00000000 00:00 0 
7fc580000000-7fc580056000 rw-p 00000000 00:00 0 
7fc580056000-7fc584000000 ---p 00000000 00:00 0 
7fc584000000-7fc584021000 rw-p 00000000 00:00 0 
7fc584021000-7fc588000000 ---p 00000000 00:00 0 
7fc588000000-7fc588021000 rw-p 00000000 00:00 0 
7fc588021000-7fc58c000000 ---p 00000000 00:00 0 
7fc58c000000-7fc58c021000 rw-p 00000000 00:00 0 
7fc58c021000-7fc590000000 ---p 00000000 00:00 0 
7fc590010000-7fc590050000 rw-p 00000000 00:00 0 
7fc590050000-7fc590053000 ---p 00000000 00:00 0 
7fc590053000-7fc590151000 rw-p 00000000 00:00 0 
7fc590151000-7fc590154000 ---p 00000000 00:00 0 
7fc590154000-7fc590252000 rw-p 00000000 00:00 0 
7fc590252000-7fc590255000 ---p 00000000 00:00 0 
7fc590255000-7fc590353000 rw-p 00000000 00:00 0 
7fc590353000-7fc590356000 ---p 00000000 00:00 0 
7fc590356000-7fc590454000 rw-p 00000000 00:00 0 
7fc590454000-7fc590457000 ---p 00000000 00:00 0 
7fc590457000-7fc590555000 rw-p 00000000 00:00 0 
7fc590555000-7fc590558000 ---p 00000000 00:00 0 
7fc590558000-7fc590656000 rw-p 00000000 00:00 0 
7fc590656000-7fc590657000 ---p 00000000 00:00 0 
7fc590657000-7fc590757000 rw-p 00000000 00:00 0 
7fc590757000-7fc590930000 r--s 03d64000 00:21 1091                       /usr/lib/jvm/java-8-oracle/jre/lib/rt.jar
7fc590933000-7fc590de9000 rw-p 00000000 00:00 0 
7fc590de9000-7fc5911a9000 ---p 00000000 00:00 0 
7fc5911a9000-7fc5911af000 rw-p 00000000 00:00 0 
7fc5911af000-7fc5911fd000 ---p 00000000 00:00 0 
7fc5911fd000-7fc591200000 rw-p 00000000 00:00 0 
7fc591200000-7fc591226000 ---p 00000000 00:00 0 
7fc591226000-7fc59122c000 rw-p 00000000 00:00 0 
7fc59122c000-7fc59127a000 ---p 00000000 00:00 0 
7fc59127a000-7fc591285000 rw-p 00000000 00:00 0 
7fc591285000-7fc59163b000 ---p 00000000 00:00 0 
7fc59163b000-7fc5918ab000 rwxp 00000000 00:00 0 
7fc5918ab000-7fc5a063b000 ---p 00000000 00:00 0 
7fc5a063b000-7fc5a0656000 r-xp 00000000 00:21 1089                       /usr/lib/jvm/java-8-oracle/jre/lib/amd64/libzip.so
7fc5a0656000-7fc5a0856000 ---p 0001b000 00:21 1089                       /usr/lib/jvm/java-8-oracle/jre/lib/amd64/libzip.so
7fc5a0856000-7fc5a0857000 rw-p 0001b000 00:21 1089                       /usr/lib/jvm/java-8-oracle/jre/lib/amd64/libzip.so
7fc5a085b000-7fc5a0866000 r-xp 00000000 00:21 54                         /lib/x86_64-linux-gnu/libnss_files-2.23.so
7fc5a0866000-7fc5a0a65000 ---p 0000b000 00:21 54                         /lib/x86_64-linux-gnu/libnss_files-2.23.so
7fc5a0a65000-7fc5a0a66000 r--p 0000a000 00:21 54                         /lib/x86_64-linux-gnu/libnss_files-2.23.so
7fc5a0a66000-7fc5a0a67000 rw-p 0000b000 00:21 54                         /lib/x86_64-linux-gnu/libnss_files-2.23.so
7fc5a0a67000-7fc5a0a6d000 rw-p 00000000 00:00 0 
7fc5a0a73000-7fc5a0a7e000 r-xp 00000000 00:21 52                         /lib/x86_64-linux-gnu/libnss_nis-2.23.so
7fc5a0a7e000-7fc5a0c7d000 ---p 0000b000 00:21 52                         /lib/x86_64-linux-gnu/libnss_nis-2.23.so
7fc5a0c7d000-7fc5a0c7e000 r--p 0000a000 00:21 52                         /lib/x86_64-linux-gnu/libnss_nis-2.23.so
7fc5a0c7e000-7fc5a0c7f000 rw-p 0000b000 00:21 52                         /lib/x86_64-linux-gnu/libnss_nis-2.23.so
7fc5a0c83000-7fc5a0c99000 r-xp 00000000 00:21 50                         /lib/x86_64-linux-gnu/libnsl-2.23.so
7fc5a0c99000-7fc5a0e98000 ---p 00016000 00:21 50                         /lib/x86_64-linux-gnu/libnsl-2.23.so
7fc5a0e98000-7fc5a0e99000 r--p 00015000 00:21 50                         /lib/x86_64-linux-gnu/libnsl-2.23.so
7fc5a0e99000-7fc5a0e9a000 rw-p 00016000 00:21 50                         /lib/x86_64-linux-gnu/libnsl-2.23.so
7fc5a0e9a000-7fc5a0e9c000 rw-p 00000000 00:00 0 
7fc5a0ea3000-7fc5a0eab000 r-xp 00000000 00:21 48                         /lib/x86_64-linux-gnu/libnss_compat-2.23.so
7fc5a0eab000-7fc5a10aa000 ---p 00008000 00:21 48                         /lib/x86_64-linux-gnu/libnss_compat-2.23.so
7fc5a10aa000-7fc5a10ab000 r--p 00007000 00:21 48                         /lib/x86_64-linux-gnu/libnss_compat-2.23.so
7fc5a10ab000-7fc5a10ac000 rw-p 00008000 00:21 48                         /lib/x86_64-linux-gnu/libnss_compat-2.23.so
7fc5a10b3000-7fc5a10de000 r-xp 00000000 00:21 1084                       /usr/lib/jvm/java-8-oracle/jre/lib/amd64/libjava.so
7fc5a10de000-7fc5a12dd000 ---p 0002b000 00:21 1084                       /usr/lib/jvm/java-8-oracle/jre/lib/amd64/libjava.so
7fc5a12dd000-7fc5a12df000 rw-p 0002a000 00:21 1084                       /usr/lib/jvm/java-8-oracle/jre/lib/amd64/libjava.so
7fc5a12e3000-7fc5a12f0000 r-xp 00000000 00:21 1083                       /usr/lib/jvm/java-8-oracle/jre/lib/amd64/libverify.so
7fc5a12f0000-7fc5a14f0000 ---p 0000d000 00:21 1083                       /usr/lib/jvm/java-8-oracle/jre/lib/amd64/libverify.so
7fc5a14f0000-7fc5a14f2000 rw-p 0000d000 00:21 1083                       /usr/lib/jvm/java-8-oracle/jre/lib/amd64/libverify.so
7fc5a14f3000-7fc5a14fa000 r-xp 00000000 00:21 1082                       /lib/x86_64-linux-gnu/librt-2.23.so
7fc5a14fa000-7fc5a16f9000 ---p 00007000 00:21 1082                       /lib/x86_64-linux-gnu/librt-2.23.so
7fc5a16f9000-7fc5a16fa000 r--p 00006000 00:21 1082                       /lib/x86_64-linux-gnu/librt-2.23.so
7fc5a16fa000-7fc5a16fb000 rw-p 00007000 00:21 1082                       /lib/x86_64-linux-gnu/librt-2.23.so
7fc5a16fb000-7fc5a18fb000 rw-p 00000000 00:00 0 
7fc5a18fb000-7fc5a25d4000 r-xp 00000000 00:21 972                        /usr/lib/jvm/java-8-oracle/jre/lib/amd64/server/libjvm.so
7fc5a25d4000-7fc5a27d3000 ---p 00cd9000 00:21 972                        /usr/lib/jvm/java-8-oracle/jre/lib/amd64/server/libjvm.so
7fc5a27d3000-7fc5a28ac000 rw-p 00cd8000 00:21 972                        /usr/lib/jvm/java-8-oracle/jre/lib/amd64/server/libjvm.so
7fc5a28ac000-7fc5a28f8000 rw-p 00000000 00:00 0 
7fc5a28fb000-7fc5a297b000 rw-p 00000000 00:00 0 
7fc5a297b000-7fc5a29f7000 r-xp 00000000 00:21 952                        /home/install/iaa.env/lib/python3.5/site-packages/pyjnius-1.1.2.dev0-py3.5-linux-x86_64.egg/jnius/jnius.cpython-35m-x86_64-linux-gnu.so
7fc5a29f7000-7fc5a2bf6000 ---p 0007c000 00:21 952                        /home/install/iaa.env/lib/python3.5/site-packages/pyjnius-1.1.2.dev0-py3.5-linux-x86_64.egg/jnius/jnius.cpython-35m-x86_64-linux-gnu.so
7fc5a2bf6000-7fc5a2bf7000 r--p 0007b000 00:21 952                        /home/install/iaa.env/lib/python3.5/site-packages/pyjnius-1.1.2.dev0-py3.5-linux-x86_64.egg/jnius/jnius.cpython-35m-x86_64-linux-gnu.so
7fc5a2bf7000-7fc5a2bfe000 rw-p 0007c000 00:21 952                        /home/install/iaa.env/lib/python3.5/site-packages/pyjnius-1.1.2.dev0-py3.5-linux-x86_64.egg/jnius/jnius.cpython-35m-x86_64-linux-gnu.so
7fc5a2bfe000-7fc5a2bff000 rw-p 00000000 00:00 0 
7fc5a2c03000-7fc5a2c43000 rw-p 00000000 00:00 0 
7fc5a2c43000-7fc5a2cfe000 r-xp 00000000 00:21 930                        /home/install/iaa.env/lib/python3.5/site-packages/numpy/random/mtrand.cpython-35m-x86_64-linux-gnu.so
7fc5a2cfe000-7fc5a2efe000 ---p 000bb000 00:21 930                        /home/install/iaa.env/lib/python3.5/site-packages/numpy/random/mtrand.cpython-35m-x86_64-linux-gnu.so
7fc5a2efe000-7fc5a2f23000 rw-p 000bb000 00:21 930                        /home/install/iaa.env/lib/python3.5/site-packages/numpy/random/mtrand.cpython-35m-x86_64-linux-gnu.so
7fc5a2f23000-7fc5a2f25000 rw-p 00000000 00:00 0 
7fc5a2f2b000-7fc5a2f6b000 rw-p 00000000 00:00 0 
7fc5a2f6b000-7fc5a2f74000 r-xp 00000000 00:21 898                        /home/install/iaa.env/lib/python3.5/site-packages/numpy/fft/fftpack_lite.cpython-35m-x86_64-linux-gnu.so
7fc5a2f74000-7fc5a3173000 ---p 00009000 00:21 898                        /home/install/iaa.env/lib/python3.5/site-packages/numpy/fft/fftpack_lite.cpython-35m-x86_64-linux-gnu.so
7fc5a3173000-7fc5a3174000 rw-p 00008000 00:21 898                        /home/install/iaa.env/lib/python3.5/site-packages/numpy/fft/fftpack_lite.cpython-35m-x86_64-linux-gnu.so
7fc5a317a000-7fc5a323b000 rw-p 00000000 00:00 0 
7fc5a323b000-7fc5a3272000 r-xp 00000000 00:21 887                        /usr/lib/x86_64-linux-gnu/libmpdec.so.2.4.2
7fc5a3272000-7fc5a3471000 ---p 00037000 00:21 887                        /usr/lib/x86_64-linux-gnu/libmpdec.so.2.4.2
7fc5a3471000-7fc5a3472000 r--p 00036000 00:21 887                        /usr/lib/x86_64-linux-gnu/libmpdec.so.2.4.2
7fc5a3472000-7fc5a3473000 rw-p 00037000 00:21 887                        /usr/lib/x86_64-linux-gnu/libmpdec.so.2.4.2
7fc5a3473000-7fc5a3497000 r-xp 00000000 00:21 311                        /usr/lib/python3.5/lib-dynload/_decimal.cpython-35m-x86_64-linux-gnu.so
7fc5a3497000-7fc5a3696000 ---p 00024000 00:21 311                        /usr/lib/python3.5/lib-dynload/_decimal.cpython-35m-x86_64-linux-gnu.so
7fc5a3696000-7fc5a3697000 r--p 00023000 00:21 311                        /usr/lib/python3.5/lib-dynload/_decimal.cpython-35m-x86_64-linux-gnu.so
7fc5a3697000-7fc5a36a0000 rw-p 00024000 00:21 311                        /usr/lib/python3.5/lib-dynload/_decimal.cpython-35m-x86_64-linux-gnu.so
7fc5a36a3000-7fc5a36e3000 rw-p 00000000 00:00 0 
7fc5a36e3000-7fc5a370c000 r-xp 00000000 00:21 872                        /home/install/iaa.env/lib/python3.5/site-packages/numpy/linalg/_umath_linalg.cpython-35m-x86_64-linux-gnu.so
7fc5a370c000-7fc5a390b000 ---p 00029000 00:21 872                        /home/install/iaa.env/lib/python3.5/site-packages/numpy/linalg/_umath_linalg.cpython-35m-x86_64-linux-gnu.so
7fc5a390b000-7fc5a390d000 rw-p 00028000 00:21 872                        /home/install/iaa.env/lib/python3.5/site-packages/numpy/linalg/_umath_linalg.cpython-35m-x86_64-linux-gnu.so
7fc5a390d000-7fc5a390f000 rw-p 0002a000 00:21 872                        /home/install/iaa.env/lib/python3.5/site-packages/numpy/linalg/_umath_linalg.cpython-35m-x86_64-linux-gnu.so
7fc5a390f000-7fc5a3910000 rw-p 0002c000 00:21 872                        /home/install/iaa.env/lib/python3.5/site-packages/numpy/linalg/_umath_linalg.cpython-35m-x86_64-linux-gnu.so
7fc5a3913000-7fc5a3917000 r-xp 00000000 00:21 870                        /home/install/iaa.env/lib/python3.5/site-packages/numpy/linalg/lapack_lite.cpython-35m-x86_64-linux-gnu.so
7fc5a3917000-7fc5a3b17000 ---p 00004000 00:21 870                        /home/install/iaa.env/lib/python3.5/site-packages/numpy/linalg/lapack_lite.cpython-35m-x86_64-linux-gnu.so
7fc5a3b17000-7fc5a3b18000 rw-p 00004000 00:21 870                        /home/install/iaa.env/lib/python3.5/site-packages/numpy/linalg/lapack_lite.cpython-35m-x86_64-linux-gnu.so
7fc5a3b18000-7fc5a3b19000 rw-p 00005000 00:21 870                        /home/install/iaa.env/lib/python3.5/site-packages/numpy/linalg/lapack_lite.cpython-35m-x86_64-linux-gnu.so
7fc5a3b19000-7fc5a3b1a000 rw-p 00006000 00:21 870                        /home/install/iaa.env/lib/python3.5/site-packages/numpy/linalg/lapack_lite.cpython-35m-x86_64-linux-gnu.so
7fc5a3b1b000-7fc5a3b9b000 rw-p 00000000 00:00 0 
7fc5a3b9b000-7fc5a3db5000 r-xp 00000000 00:21 844                        /lib/x86_64-linux-gnu/libcrypto.so.1.0.0
7fc5a3db5000-7fc5a3fb4000 ---p 0021a000 00:21 844                        /lib/x86_64-linux-gnu/libcrypto.so.1.0.0
7fc5a3fb4000-7fc5a3fd0000 r--p 00219000 00:21 844                        /lib/x86_64-linux-gnu/libcrypto.so.1.0.0
7fc5a3fd0000-7fc5a3fdc000 rw-p 00235000 00:21 844                        /lib/x86_64-linux-gnu/libcrypto.so.1.0.0
7fc5a3fdc000-7fc5a3fdf000 rw-p 00000000 00:00 0 
7fc5a3fe3000-7fc5a3fe8000 r-xp 00000000 00:21 324                        /usr/lib/python3.5/lib-dynload/_hashlib.cpython-35m-x86_64-linux-gnu.so
7fc5a3fe8000-7fc5a41e8000 ---p 00005000 00:21 324                        /usr/lib/python3.5/lib-dynload/_hashlib.cpython-35m-x86_64-linux-gnu.so
7fc5a41e8000-7fc5a41e9000 r--p 00005000 00:21 324                        /usr/lib/python3.5/lib-dynload/_hashlib.cpython-35m-x86_64-linux-gnu.so
7fc5a41e9000-7fc5a41ea000 rw-p 00006000 00:21 324                        /usr/lib/python3.5/lib-dynload/_hashlib.cpython-35m-x86_64-linux-gnu.so
7fc5a41eb000-7fc5a422b000 rw-p 00000000 00:00 0 
7fc5a422b000-7fc5a424c000 r-xp 00000000 00:21 840                        /lib/x86_64-linux-gnu/liblzma.so.5.0.0
7fc5a424c000-7fc5a444b000 ---p 00021000 00:21 840                        /lib/x86_64-linux-gnu/liblzma.so.5.0.0
7fc5a444b000-7fc5a444c000 r--p 00020000 00:21 840                        /lib/x86_64-linux-gnu/liblzma.so.5.0.0
7fc5a444c000-7fc5a444d000 rw-p 00021000 00:21 840                        /lib/x86_64-linux-gnu/liblzma.so.5.0.0
7fc5a4453000-7fc5a445a000 r-xp 00000000 00:21 302                        /usr/lib/python3.5/lib-dynload/_lzma.cpython-35m-x86_64-linux-gnu.so
7fc5a445a000-7fc5a4659000 ---p 00007000 00:21 302                        /usr/lib/python3.5/lib-dynload/_lzma.cpython-35m-x86_64-linux-gnu.so
7fc5a4659000-7fc5a465a000 r--p 00006000 00:21 302                        /usr/lib/python3.5/lib-dynload/_lzma.cpython-35m-x86_64-linux-gnu.so
7fc5a465a000-7fc5a465c000 rw-p 00007000 00:21 302                        /usr/lib/python3.5/lib-dynload/_lzma.cpython-35m-x86_64-linux-gnu.so
7fc5a4663000-7fc5a4672000 r-xp 00000000 00:21 837                        /lib/x86_64-linux-gnu/libbz2.so.1.0.4
7fc5a4672000-7fc5a4871000 ---p 0000f000 00:21 837                        /lib/x86_64-linux-gnu/libbz2.so.1.0.4
7fc5a4871000-7fc5a4872000 r--p 0000e000 00:21 837                        /lib/x86_64-linux-gnu/libbz2.so.1.0.4
7fc5a4872000-7fc5a4873000 rw-p 0000f000 00:21 837                        /lib/x86_64-linux-gnu/libbz2.so.1.0.4
7fc5a4873000-7fc5a4877000 r-xp 00000000 00:21 301                        /usr/lib/python3.5/lib-dynload/_bz2.cpython-35m-x86_64-linux-gnu.so
7fc5a4877000-7fc5a4a76000 ---p 00004000 00:21 301                        /usr/lib/python3.5/lib-dynload/_bz2.cpython-35m-x86_64-linux-gnu.so
7fc5a4a76000-7fc5a4a77000 r--p 00003000 00:21 301                        /usr/lib/python3.5/lib-dynload/_bz2.cpython-35m-x86_64-linux-gnu.so
7fc5a4a77000-7fc5a4a78000 rw-p 00004000 00:21 301                        /usr/lib/python3.5/lib-dynload/_bz2.cpython-35m-x86_64-linux-gnu.so
7fc5a4a7b000-7fc5a4b7b000 rw-p 00000000 00:00 0 
7fc5a4b7b000-7fc5a4b9d000 r-xp 00000000 00:21 333                        /usr/lib/python3.5/lib-dynload/_ctypes.cpython-35m-x86_64-linux-gnu.so
7fc5a4b9d000-7fc5a4d9c000 ---p 00022000 00:21 333                        /usr/lib/python3.5/lib-dynload/_ctypes.cpython-35m-x86_64-linux-gnu.so
7fc5a4d9c000-7fc5a4d9d000 r--p 00021000 00:21 333                        /usr/lib/python3.5/lib-dynload/_ctypes.cpython-35m-x86_64-linux-gnu.so
7fc5a4d9d000-7fc5a4da1000 rw-p 00022000 00:21 333                        /usr/lib/python3.5/lib-dynload/_ctypes.cpython-35m-x86_64-linux-gnu.so
7fc5a4da1000-7fc5a4da2000 rw-p 00000000 00:00 0 
7fc5a4da3000-7fc5a4ee3000 rw-p 00000000 00:00 0 
7fc5a4ee3000-7fc5a5074000 r-xp 00000000 00:21 698                        /home/install/iaa.env/lib/python3.5/site-packages/numpy/core/umath.cpython-35m-x86_64-linux-gnu.so
7fc5a5074000-7fc5a5274000 ---p 00191000 00:21 698                        /home/install/iaa.env/lib/python3.5/site-packages/numpy/core/umath.cpython-35m-x86_64-linux-gnu.so
7fc5a5274000-7fc5a527a000 rw-p 00191000 00:21 698                        /home/install/iaa.env/lib/python3.5/site-packages/numpy/core/umath.cpython-35m-x86_64-linux-gnu.so
7fc5a527a000-7fc5a527c000 rw-p 00000000 00:00 0 
7fc5a5282000-7fc5a52c2000 rw-p 00000000 00:00 0 
7fc5a52e3000-7fc5a5323000 rw-p 00000000 00:00 0 
7fc5a5323000-7fc5a5413000 r-xp 00000000 00:21 729                        /home/install/iaa.env/lib/python3.5/site-packages/numpy/.libs/libgfortran-ed201abd.so.3.0.0
7fc5a5413000-7fc5a5612000 ---p 000f0000 00:21 729                        /home/install/iaa.env/lib/python3.5/site-packages/numpy/.libs/libgfortran-ed201abd.so.3.0.0
7fc5a5612000-7fc5a5614000 rw-p 000ef000 00:21 729                        /home/install/iaa.env/lib/python3.5/site-packages/numpy/.libs/libgfortran-ed201abd.so.3.0.0
7fc5a5614000-7fc5a5615000 rw-p 00000000 00:00 0 
7fc5a5615000-7fc5a561d000 rw-p 000f2000 00:21 729                        /home/install/iaa.env/lib/python3.5/site-packages/numpy/.libs/libgfortran-ed201abd.so.3.0.0
7fc5a5623000-7fc5a7937000 r-xp 00000000 00:21 728                        /home/install/iaa.env/lib/python3.5/site-packages/numpy/.libs/libopenblasp-r0-39a31c03.2.18.so
7fc5a7937000-7fc5a7b36000 ---p 02314000 00:21 728                        /home/install/iaa.env/lib/python3.5/site-packages/numpy/.libs/libopenblasp-r0-39a31c03.2.18.so
7fc5a7b36000-7fc5a7b55000 rw-p 02313000 00:21 728                        /home/install/iaa.env/lib/python3.5/site-packages/numpy/.libs/libopenblasp-r0-39a31c03.2.18.so
7fc5a7b55000-7fc5a7bb8000 rw-p 00000000 00:00 0 
7fc5a7bb8000-7fc5a7c10000 rw-p 02425000 00:21 728                        /home/install/iaa.env/lib/python3.5/site-packages/numpy/.libs/libopenblasp-r0-39a31c03.2.18.so
7fc5a7c10000-7fc5a7c4e000 rw-p 0247d000 00:21 728                        /home/install/iaa.env/lib/python3.5/site-packages/numpy/.libs/libopenblasp-r0-39a31c03.2.18.so
7fc5a7c53000-7fc5a7e2b000 r-xp 00000000 00:21 712                        /home/install/iaa.env/lib/python3.5/site-packages/numpy/core/multiarray.cpython-35m-x86_64-linux-gnu.so
7fc5a7e2b000-7fc5a802b000 ---p 001d8000 00:21 712                        /home/install/iaa.env/lib/python3.5/site-packages/numpy/core/multiarray.cpython-35m-x86_64-linux-gnu.so
7fc5a802b000-7fc5a8044000 rw-p 001d8000 00:21 712                        /home/install/iaa.env/lib/python3.5/site-packages/numpy/core/multiarray.cpython-35m-x86_64-linux-gnu.so
7fc5a8044000-7fc5a805c000 rw-p 00000000 00:00 0 
7fc5a805c000-7fc5a805f000 rw-p 001f2000 00:21 712                        /home/install/iaa.env/lib/python3.5/site-packages/numpy/core/multiarray.cpython-35m-x86_64-linux-gnu.so
7fc5a805f000-7fc5a8062000 rw-p 001f5000 00:21 712                        /home/install/iaa.env/lib/python3.5/site-packages/numpy/core/multiarray.cpython-35m-x86_64-linux-gnu.so
7fc5a8063000-7fc5a80a3000 rw-p 00000000 00:00 0 
7fc5a80a3000-7fc5a80aa000 r-xp 00000000 00:21 318                        /usr/lib/python3.5/lib-dynload/_csv.cpython-35m-x86_64-linux-gnu.so
7fc5a80aa000-7fc5a82aa000 ---p 00007000 00:21 318                        /usr/lib/python3.5/lib-dynload/_csv.cpython-35m-x86_64-linux-gnu.so
7fc5a82aa000-7fc5a82ab000 r--p 00007000 00:21 318                        /usr/lib/python3.5/lib-dynload/_csv.cpython-35m-x86_64-linux-gnu.so
7fc5a82ab000-7fc5a82ad000 rw-p 00008000 00:21 318                        /usr/lib/python3.5/lib-dynload/_csv.cpython-35m-x86_64-linux-gnu.so
7fc5a82b3000-7fc5a8333000 rw-p 00000000 00:00 0 
7fc5a8333000-7fc5a8358000 r-xp 00000000 00:21 38                         /lib/x86_64-linux-gnu/libtinfo.so.5.9
7fc5a8358000-7fc5a8557000 ---p 00025000 00:21 38                         /lib/x86_64-linux-gnu/libtinfo.so.5.9
7fc5a8557000-7fc5a855b000 r--p 00024000 00:21 38                         /lib/x86_64-linux-gnu/libtinfo.so.5.9
7fc5a855b000-7fc5a855c000 rw-p 00028000 00:21 38                         /lib/x86_64-linux-gnu/libtinfo.so.5.9
7fc5a8563000-7fc5a85a0000 r-xp 00000000 00:21 600                        /lib/x86_64-linux-gnu/libreadline.so.6.3
7fc5a85a0000-7fc5a87a0000 ---p 0003d000 00:21 600                        /lib/x86_64-linux-gnu/libreadline.so.6.3
7fc5a87a0000-7fc5a87a2000 r--p 0003d000 00:21 600                        /lib/x86_64-linux-gnu/libreadline.so.6.3
7fc5a87a2000-7fc5a87a8000 rw-p 0003f000 00:21 600                        /lib/x86_64-linux-gnu/libreadline.so.6.3
7fc5a87a8000-7fc5a87a9000 rw-p 00000000 00:00 0 
7fc5a87ab000-7fc5a87b1000 r-xp 00000000 00:21 330                        /usr/lib/python3.5/lib-dynload/readline.cpython-35m-x86_64-linux-gnu.so
7fc5a87b1000-7fc5a89b0000 ---p 00006000 00:21 330                        /usr/lib/python3.5/lib-dynload/readline.cpython-35m-x86_64-linux-gnu.so
7fc5a89b0000-7fc5a89b1000 r--p 00005000 00:21 330                        /usr/lib/python3.5/lib-dynload/readline.cpython-35m-x86_64-linux-gnu.so
7fc5a89b1000-7fc5a89b3000 rw-p 00006000 00:21 330                        /usr/lib/python3.5/lib-dynload/readline.cpython-35m-x86_64-linux-gnu.so
7fc5a89b3000-7fc5a8abb000 r-xp 00000000 00:21 84                         /lib/x86_64-linux-gnu/libm-2.23.so
7fc5a8abb000-7fc5a8cba000 ---p 00108000 00:21 84                         /lib/x86_64-linux-gnu/libm-2.23.so
7fc5a8cba000-7fc5a8cbb000 r--p 00107000 00:21 84                         /lib/x86_64-linux-gnu/libm-2.23.so
7fc5a8cbb000-7fc5a8cbc000 rw-p 00108000 00:21 84                         /lib/x86_64-linux-gnu/libm-2.23.so
7fc5a8cc3000-7fc5a8cdc000 r-xp 00000000 00:21 82                         /lib/x86_64-linux-gnu/libz.so.1.2.8
7fc5a8cdc000-7fc5a8edb000 ---p 00019000 00:21 82                         /lib/x86_64-linux-gnu/libz.so.1.2.8
7fc5a8edb000-7fc5a8edc000 r--p 00018000 00:21 82                         /lib/x86_64-linux-gnu/libz.so.1.2.8
7fc5a8edc000-7fc5a8edd000 rw-p 00019000 00:21 82                         /lib/x86_64-linux-gnu/libz.so.1.2.8
7fc5a8ee3000-7fc5a8f09000 r-xp 00000000 00:21 80                         /lib/x86_64-linux-gnu/libexpat.so.1.6.0
7fc5a8f09000-7fc5a9109000 ---p 00026000 00:21 80                         /lib/x86_64-linux-gnu/libexpat.so.1.6.0
7fc5a9109000-7fc5a910b000 r--p 00026000 00:21 80                         /lib/x86_64-linux-gnu/libexpat.so.1.6.0
7fc5a910b000-7fc5a910c000 rw-p 00028000 00:21 80                         /lib/x86_64-linux-gnu/libexpat.so.1.6.0
7fc5a9113000-7fc5a9115000 r-xp 00000000 00:21 78                         /lib/x86_64-linux-gnu/libutil-2.23.so
7fc5a9115000-7fc5a9314000 ---p 00002000 00:21 78                         /lib/x86_64-linux-gnu/libutil-2.23.so
7fc5a9314000-7fc5a9315000 r--p 00001000 00:21 78                         /lib/x86_64-linux-gnu/libutil-2.23.so
7fc5a9315000-7fc5a9316000 rw-p 00002000 00:21 78                         /lib/x86_64-linux-gnu/libutil-2.23.so
7fc5a931b000-7fc5a931e000 r-xp 00000000 00:21 40                         /lib/x86_64-linux-gnu/libdl-2.23.so
7fc5a931e000-7fc5a951d000 ---p 00003000 00:21 40                         /lib/x86_64-linux-gnu/libdl-2.23.so
7fc5a951d000-7fc5a951e000 r--p 00002000 00:21 40                         /lib/x86_64-linux-gnu/libdl-2.23.so
7fc5a951e000-7fc5a951f000 rw-p 00003000 00:21 40                         /lib/x86_64-linux-gnu/libdl-2.23.so
7fc5a9523000-7fc5a96e3000 r-xp 00000000 00:21 42                         /lib/x86_64-linux-gnu/libc-2.23.so
7fc5a96e3000-7fc5a98e3000 ---p 001c0000 00:21 42                         /lib/x86_64-linux-gnu/libc-2.23.so
7fc5a98e3000-7fc5a98e7000 r--p 001c0000 00:21 42                         /lib/x86_64-linux-gnu/libc-2.23.so
7fc5a98e7000-7fc5a98e9000 rw-p 001c4000 00:21 42                         /lib/x86_64-linux-gnu/libc-2.23.so
7fc5a98e9000-7fc5a98ed000 rw-p 00000000 00:00 0 
7fc5a98f3000-7fc5a990b000 r-xp 00000000 00:21 76                         /lib/x86_64-linux-gnu/libpthread-2.23.so
7fc5a990b000-7fc5a9b0a000 ---p 00018000 00:21 76                         /lib/x86_64-linux-gnu/libpthread-2.23.so
7fc5a9b0a000-7fc5a9b0b000 r--p 00017000 00:21 76                         /lib/x86_64-linux-gnu/libpthread-2.23.so
7fc5a9b0b000-7fc5a9b0c000 rw-p 00018000 00:21 76                         /lib/x86_64-linux-gnu/libpthread-2.23.so
7fc5a9b0c000-7fc5a9b10000 rw-p 00000000 00:00 0 
7fc5a9b13000-7fc5a9b39000 r-xp 00000000 00:21 35                         /lib/x86_64-linux-gnu/ld-2.23.so
7fc5a9b41000-7fc5a9bc1000 rw-p 00000000 00:00 0 
7fc5a9bde000-7fc5a9be1000 r--s 00013000 00:21 1110                       /home/install/target/DKProFromPyjnius-1.0-SNAPSHOT.jar
7fc5a9be3000-7fc5a9beb000 rw-s 00000000 00:21 1088                       /tmp/hsperfdata_root/11
7fc5a9bf2000-7fc5a9d33000 rw-p 00000000 00:00 0 
7fc5a9d34000-7fc5a9d35000 rw-p 00000000 00:00 0 
7fc5a9d35000-7fc5a9d36000 r--p 00000000 00:00 0 
7fc5a9d36000-7fc5a9d37000 rwxp 00000000 00:00 0 
7fc5a9d37000-7fc5a9d38000 rw-p 00000000 00:00 0 
7fc5a9d38000-7fc5a9d39000 r--p 00025000 00:21 35                         /lib/x86_64-linux-gnu/ld-2.23.so
7fc5a9d39000-7fc5a9d3a000 rw-p 00026000 00:21 35                         /lib/x86_64-linux-gnu/ld-2.23.so
7fc5a9d3a000-7fc5a9d3c000 rw-p 00000000 00:00 0 
7fc5a9d3c000-7fc5a9d3f000 rw-p 00000000 00:00 0 
7ffe9cda0000-7ffe9cda3000 ---p 00000000 00:00 0 
7ffe9cda3000-7ffe9cea0000 rw-p 00000000 00:00 0                          [stack]
7ffe9cf6b000-7ffe9cf6e000 r--p 00000000 00:00 0                          [vvar]
7ffe9cf6e000-7ffe9cf70000 r-xp 00000000 00:00 0                          [vdso]
ffffffffff600000-ffffffffff601000 r-xp 00000000 00:00 0                  [vsyscall]

VM Arguments:
java_command: <unknown>
java_class_path (initial): /home/install/target/DKProFromPyjnius-1.0-SNAPSHOT.jar:/home/install/iaa.env/lib/python3.5/site-packages/pyjnius-1.1.2.dev0-py3.5-linux-x86_64.egg/jnius/src
Launcher Type: generic

Environment Variables:
JAVA_HOME=/usr/lib/jvm/java-8-oracle/
CLASSPATH=/home/install/target/DKProFromPyjnius-1.0-SNAPSHOT.jar
PATH=/home/install/iaa.env/bin:/usr/local/sbin:/usr/local/bin:/usr/sbin:/usr/bin:/sbin:/bin

Signal Handlers:
SIGSEGV: [libjvm.so+0xad01e0], sa_mask[0]=11111111011111111101111111111110, sa_flags=SA_RESTART|SA_SIGINFO
SIGBUS: [libjvm.so+0xad01e0], sa_mask[0]=11111111011111111101111111111110, sa_flags=SA_RESTART|SA_SIGINFO
SIGFPE: [libjvm.so+0x927fb0], sa_mask[0]=11111111011111111101111111111110, sa_flags=SA_RESTART|SA_SIGINFO
SIGPIPE: [libjvm.so+0x927fb0], sa_mask[0]=11111111011111111101111111111110, sa_flags=SA_RESTART|SA_SIGINFO
SIGXFSZ: [libjvm.so+0x927fb0], sa_mask[0]=11111111011111111101111111111110, sa_flags=SA_RESTART|SA_SIGINFO
SIGILL: [libjvm.so+0x927fb0], sa_mask[0]=11111111011111111101111111111110, sa_flags=SA_RESTART|SA_SIGINFO
SIGUSR1: SIG_DFL, sa_mask[0]=00000000000000000000000000000000, sa_flags=none
SIGUSR2: [libjvm.so+0x9297f0], sa_mask[0]=00000000000000000000000000000000, sa_flags=SA_RESTART|SA_SIGINFO
SIGHUP: [libjvm.so+0x92abf0], sa_mask[0]=11111111011111111101111111111110, sa_flags=SA_RESTART|SA_SIGINFO
SIGINT: [libjvm.so+0x92abf0], sa_mask[0]=11111111011111111101111111111110, sa_flags=SA_RESTART|SA_SIGINFO
SIGTERM: [libjvm.so+0x92abf0], sa_mask[0]=11111111011111111101111111111110, sa_flags=SA_RESTART|SA_SIGINFO
SIGQUIT: [libjvm.so+0x92abf0], sa_mask[0]=11111111011111111101111111111110, sa_flags=SA_RESTART|SA_SIGINFO


---------------  S Y S T E M  ---------------

OS:DISTRIB_ID=Ubuntu
DISTRIB_RELEASE=16.04
DISTRIB_CODENAME=xenial
DISTRIB_DESCRIPTION="Ubuntu 16.04.3 LTS"

uname:Linux 4.4.119-boot2docker #1 SMP Wed Feb 28 17:44:37 UTC 2018 x86_64
libc:glibc 2.23 NPTL 2.23 
rlimit: STACK 8192k, CORE 0k, NPROC 1048576, NOFILE 1048576, AS infinity
load average:0.03 0.05 0.08

/proc/meminfo:
MemTotal:        1019720 kB
MemFree:          623768 kB
MemAvailable:     605988 kB
Buffers:           16360 kB
Cached:           257232 kB
SwapCached:            0 kB
Active:           178196 kB
Inactive:         172316 kB
Active(anon):     156752 kB
Inactive(anon):   131948 kB
Active(file):      21444 kB
Inactive(file):    40368 kB
Unevictable:           0 kB
Mlocked:               0 kB
SwapTotal:       1164976 kB
SwapFree:        1164976 kB
Dirty:                40 kB
Writeback:             0 kB
AnonPages:         76992 kB
Mapped:            80736 kB
Shmem:            211728 kB
Slab:              28884 kB
SReclaimable:      15244 kB
SUnreclaim:        13640 kB
KernelStack:        2912 kB
PageTables:         1624 kB
NFS_Unstable:          0 kB
Bounce:                0 kB
WritebackTmp:          0 kB
CommitLimit:     1674836 kB
Committed_AS:     529088 kB
VmallocTotal:   34359738367 kB
VmallocUsed:           0 kB
VmallocChunk:          0 kB
AnonHugePages:     36864 kB
HugePages_Total:       0
HugePages_Free:        0
HugePages_Rsvd:        0
HugePages_Surp:        0
Hugepagesize:       2048 kB
DirectMap4k:       42944 kB
DirectMap2M:     1005568 kB


CPU:total 1 (initial active 1) (1 cores per cpu, 1 threads per core) family 21 model 96 stepping 1, cmov, cx8, fxsr, mmx, sse, sse2, sse3, ssse3, sse4.1, sse4.2, popcnt, avx, avx2, aes, clmul, mmxext, lzcnt, sse4a, tsc

/proc/cpuinfo:
processor	: 0
vendor_id	: AuthenticAMD
cpu family	: 21
model		: 96
model name	: AMD A10-8700P Radeon R6, 10 Compute Cores 4C+6G
stepping	: 1
microcode	: 0x6000626
cpu MHz		: 1796.626
cache size	: 1024 KB
physical id	: 0
siblings	: 1
core id		: 0
cpu cores	: 1
apicid		: 0
initial apicid	: 0
fpu		: yes
fpu_exception	: yes
cpuid level	: 13
wp		: yes
flags		: fpu vme de pse tsc msr pae mce cx8 apic sep mtrr pge mca cmov pat pse36 clflush mmx fxsr sse sse2 syscall nx mmxext fxsr_opt rdtscp lm rep_good nopl extd_apicid pni pclmulqdq monitor ssse3 cx16 sse4_1 sse4_2 movbe popcnt aes xsave avx rdrand hypervisor lahf_lm cr8_legacy abm sse4a misalignsse 3dnowprefetch arat rsb_ctxsw retpoline vmmcall avx2
bugs		: fxsave_leak sysret_ss_attrs spectre_v1 spectre_v2
bogomips	: 3593.25
TLB size	: 1536 4K pages
clflush size	: 64
cache_alignment	: 64
address sizes	: 48 bits physical, 48 bits virtual
power management:



Memory: 4k page, physical 1019720k(623768k free), swap 1164976k(1164976k free)

vm_info: Java HotSpot(TM) 64-Bit Server VM (25.161-b12) for linux-amd64 JRE (1.8.0_161-b12), built on Dec 19 2017 16:12:43 by "java_re" with gcc 4.3.0 20080428 (Red Hat 4.3.0-8)

time: Wed Apr 18 02:16:39 2018
elapsed time: 777 seconds (0d 0h 12m 57s)

